12:03:30.680 [main                     ] DEBUG Logger               - Configured Logger
12:03:30.718 [main                     ] DEBUG GameApplication      - Logging settings
Title: Dungeon Escape
Version: 1.0
Width: 680
Height: 680
Fullscreen: false
Intro: false
Profiling: false
Single step:false
App Mode: DEVELOPER
Menu Key: ESCAPE
Stage Style: DECORATED
Scene Factory: class com.sarveshapps.dungeonescape.DungeonEscapeApp$1

12:03:31.610 [JavaFX Application Thread] DEBUG FXGLApplication      - Initializing FXGL
12:03:31.614 [JavaFX Application Thread] INFO  Engine               - FXGL-11.14 (01.03.2021 16.59) on LINUX (J:11.0.9.1 FX:15)
12:03:31.615 [JavaFX Application Thread] DEBUG Engine               - JRE Vendor Name: Ubuntu
12:03:31.616 [JavaFX Application Thread] DEBUG Engine               - Running on OS: Linux version 5.8.0-7630-generic
12:03:31.616 [JavaFX Application Thread] DEBUG Engine               - Architecture: amd64
12:03:31.617 [JavaFX Application Thread] INFO  Engine               - Source code and latest versions at: https://github.com/AlmasB/FXGL
12:03:31.617 [JavaFX Application Thread] INFO  Engine               -              Join the FXGL chat at: https://gitter.im/AlmasB/FXGL
12:03:31.881 [JavaFX Application Thread] DEBUG PrimaryStageWindow   - Creating a JavaFX scene
12:03:32.052 [JavaFX Application Thread] DEBUG PrimaryStageWindow   - Target settings size: 680.0 x 680.0
12:03:32.052 [JavaFX Application Thread] DEBUG PrimaryStageWindow   - Scaled scene size:    680.0 x 680.0
12:03:32.052 [JavaFX Application Thread] DEBUG PrimaryStageWindow   - Scaled ratio: (1.0, 1.0)
12:03:32.054 [JavaFX Application Thread] DEBUG PrimaryStageWindow   - Set initial scene to FXGLStartupScene
12:03:32.101 [JavaFX Application Thread] DEBUG PrimaryStageWindow   - Opening main window
12:03:32.206 [JavaFX Application Thread] DEBUG PrimaryStageWindow   - Window border size: (2.0, 29.0)
12:03:32.208 [JavaFX Application Thread] DEBUG PrimaryStageWindow   - Scaled size: 680.0 x 680.0
12:03:32.209 [JavaFX Application Thread] DEBUG PrimaryStageWindow   - Scaled ratio: (1.0, 1.0)
12:03:32.209 [JavaFX Application Thread] DEBUG PrimaryStageWindow   - Scene size: 680.0 x 680.0
12:03:32.209 [JavaFX Application Thread] DEBUG PrimaryStageWindow   - Stage size: 682.0 x 709.0
12:03:32.227 [FXGL Background Thread 1 ] DEBUG Engine               - Initializing environment variables
12:03:32.399 [FXGL Background Thread 1 ] DEBUG FXGLAssetLoaderServi - User app class for loading assets: class com.sarveshapps.dungeonescape.DungeonEscapeApp
12:03:32.399 [FXGL Background Thread 1 ] DEBUG GameApplicationServi - Applying CSS: fxgl_dark.css
12:03:32.401 [FXGL Background Thread 1 ] DEBUG FXGLAssetLoaderServi - Loading from file system: jar:file:/home/sarvesh/.m2/repository/com/github/almasb/fxgl/11.14/fxgl-11.14.jar!/fxglassets/ui/css/fxgl_dark.css
12:03:32.537 [FXGL Background Thread 1 ] DEBUG GameApplicationServi - Initializing application scenes
12:03:32.743 [FXGL Background Thread 1 ] DEBUG FXGLAssetLoaderServi - Loading from file system: file:/home/sarvesh/IdeaProjects/FinalProjDungeonEscape/target/classes/assets/textures/Pirate.png
12:03:32.820 [FXGL Background Thread 1 ] DEBUG GameWorld            - Game world initialized
12:03:32.926 [FXGL Background Thread 1 ] DEBUG PhysicsWorld         - Physics world initialized: appHeight=680, physics.ppm=50.0
12:03:32.927 [FXGL Background Thread 1 ] DEBUG PhysicsWorld         - Using strategy: BRUTE_FORCE
12:03:32.931 [FXGL Background Thread 1 ] DEBUG GameScene            - Game scene initialized: 680x680
12:03:32.948 [FXGL Background Thread 1 ] WARN  FXGL.DefaultMenu     - FXGLDefaultMenu is not designed for resolutions < 800x600
12:03:32.960 [FXGL Background Thread 1 ] DEBUG FXGLAssetLoaderServi - Loading from file system: jar:file:/home/sarvesh/.m2/repository/com/github/almasb/fxgl/11.14/fxgl-11.14.jar!/fxglassets/textures/particles/trace_horizontal.png
12:03:33.017 [FXGL Background Thread 1 ] DEBUG FXGL.DefaultMenu     - createMenuBodyGameMenu()
12:03:33.050 [FXGL Background Thread 1 ] DEBUG FXGL.DefaultMenu     - createOptionsMenu()
12:03:33.071 [FXGL Background Thread 1 ] DEBUG FXGLAssetLoaderServi - Loading from file system: jar:file:/home/sarvesh/.m2/repository/com/github/almasb/fxgl/11.14/fxgl-11.14.jar!/fxglassets/textures/particles/smoke.png
12:03:33.184 [FXGL Background Thread 1 ] DEBUG GameApplicationServi - Application scenes initialized
12:03:33.202 [FXGL Background Thread 1 ] DEBUG SystemBundleService  - Loading FXGL system data
12:03:33.208 [FXGL Background Thread 1 ] DEBUG FileSystemAccess     - Reading from: /home/sarvesh/IdeaProjects/FinalProjDungeonEscape/system/fxgl.bundle
12:03:33.216 [FXGL Background Thread 1 ] DEBUG SystemBundleService  - Bundle FXGL: {}
12:03:33.216 [FXGL Background Thread 1 ] DEBUG UpdaterService       - Checking for updates
12:03:33.230 [FXGL Background Thread 1 ] DEBUG FXGLApplication      - Loading default localization
12:03:33.231 [FXGL Background Thread 1 ] DEBUG FXGLAssetLoaderServi - Loading from file system: jar:file:/home/sarvesh/.m2/repository/com/github/almasb/fxgl/11.14/fxgl-11.14.jar!/fxglassets/languages/english.lang
12:03:33.234 [FXGL Background Thread 4 ] DEBUG FXGLApplication      - Loading fonts
12:03:33.236 [FXGL Background Thread 4 ] DEBUG FXGLAssetLoaderServi - Loading from file system: jar:file:/home/sarvesh/.m2/repository/com/github/almasb/fxgl/11.14/fxgl-11.14.jar!/fxglassets/ui/fonts/VarelaRound-Regular.ttf
12:03:33.267 [FXGL Background Thread 4 ] DEBUG FXGLAssetLoaderServi - Loading from file system: jar:file:/home/sarvesh/.m2/repository/com/github/almasb/fxgl/11.14/fxgl-11.14.jar!/fxglassets/ui/fonts/Abel-Regular.ttf
12:03:33.273 [FXGL Background Thread 4 ] DEBUG FXGLAssetLoaderServi - Loading from file system: jar:file:/home/sarvesh/.m2/repository/com/github/almasb/fxgl/11.14/fxgl-11.14.jar!/fxglassets/ui/fonts/lucida_console.ttf
12:03:33.274 [FXGL Background Thread 1 ] INFO  FXGLApplication      - FXGL initialization took: 1.046 sec
12:03:33.277 [FXGL Background Thread 4 ] DEBUG FXGLAssetLoaderServi - Loading from file system: jar:file:/home/sarvesh/.m2/repository/com/github/almasb/fxgl/11.14/fxgl-11.14.jar!/fxglassets/ui/fonts/Courier-Prime.ttf
12:03:33.295 [JavaFX Application Thread] DEBUG Input                - Registered new binding: Up - W
12:03:33.296 [JavaFX Application Thread] DEBUG Input                - Registered new binding: Down - S
12:03:33.296 [JavaFX Application Thread] DEBUG Input                - Registered new binding: Left - A
12:03:33.296 [JavaFX Application Thread] DEBUG Input                - Registered new binding: Right - D
12:03:33.296 [JavaFX Application Thread] DEBUG Input                - Registered new binding: Shoot Up - Up
12:03:33.297 [JavaFX Application Thread] DEBUG Input                - Registered new binding: Shoot Down - Down
12:03:33.297 [JavaFX Application Thread] DEBUG Input                - Registered new binding: Shoot Right - Right
12:03:33.297 [JavaFX Application Thread] DEBUG Input                - Registered new binding: Shoot Left - Left
12:03:33.299 [JavaFX Application Thread] DEBUG Input                - Registered new binding: Teleport - LMB
12:03:33.300 [JavaFX Application Thread] DEBUG FXGLAssetLoaderServi - Loading from file system: jar:file:/home/sarvesh/.m2/repository/com/github/almasb/fxgl/11.14/fxgl-11.14.jar!/fxglassets/textures/fxgl_icon.png
12:03:33.344 [JavaFX Application Thread] DEBUG FXGLAssetLoaderServi - Loading from file system: jar:file:/home/sarvesh/.m2/repository/com/github/almasb/fxgl/11.14/fxgl-11.14.jar!/fxglassets/ui/cursors/fxgl_default.png
12:03:33.356 [JavaFX Application Thread] DEBUG Input                - Registered new binding: Screenshot - P
12:03:33.356 [JavaFX Application Thread] DEBUG Input                - Registered new binding: System info dump - CTRL+9
12:03:33.357 [JavaFX Application Thread] DEBUG Input                - Registered new binding: Restart - CTRL+R
12:03:33.358 [JavaFX Application Thread] DEBUG Input                - Registered new binding: Toggle Debug Camera - CTRL+C
12:03:33.361 [JavaFX Application Thread] DEBUG LoopRunner           - Starting loop
12:03:33.361 [JavaFX Application Thread] DEBUG LoopRunner           - Initializing JavaFX AnimationTimerLoop
12:03:33.373 [JavaFX Application Thread] DEBUG GameApplicationServi - Starting new game
12:03:33.373 [JavaFX Application Thread] DEBUG Input                - Clearing active input actions
12:03:33.407 [JavaFX Application Thread] DEBUG GameApplicationServi - Removing overlay from FXGLStartupScene and adding to GameLoadingScene
12:03:33.407 [JavaFX Application Thread] DEBUG PrimaryStageWindow   - FXGLStartupScene -> GameLoadingScene
12:03:33.407 [JavaFX Application Thread] DEBUG GameApplicationServi - Clearing previous game
12:03:33.407 [JavaFX Application Thread] DEBUG GameScene            - Clearing game scene
12:03:33.408 [JavaFX Application Thread] DEBUG GameWorld            - Clearing game world
12:03:33.408 [JavaFX Application Thread] DEBUG PhysicsWorld         - Clearing physics world
12:03:33.409 [FXGL Background Thread 1 ] DEBUG FXGLApplication      - Initializing game
12:03:33.411 [FXGL Background Thread 1 ] DEBUG FXGLAssetLoaderServi - Loading from file system: file:/home/sarvesh/IdeaProjects/FinalProjDungeonEscape/target/classes/assets/textures/floor.jpg
12:03:33.416 [JavaFX Application Thread] DEBUG FXGLApplication      - Registering font factories with UI factory
12:03:33.685 [FXGL Background Thread 1 ] DEBUG FXGLAssetLoaderServi - Loading from file system: file:/home/sarvesh/IdeaProjects/FinalProjDungeonEscape/target/classes/assets/textures/mongbat.png
12:03:34.187 [FXGL Background Thread 1 ] DEBUG GameWorld            - Clearing removable entities
12:03:34.188 [FXGL Background Thread 1 ] DEBUG GameWorld            - Setting level: com.almasb.fxgl.entity.level.Level@4d241c29
12:03:34.323 [FXGL Background Thread 1 ] INFO  FXGLApplication      - Game initialization took: 0.914 sec
12:03:34.327 [JavaFX Application Thread] DEBUG Input                - Clearing active input actions
12:03:34.468 [JavaFX Application Thread] DEBUG GameApplicationServi - Removing overlay from GameLoadingScene and adding to GameScene
12:03:34.469 [JavaFX Application Thread] DEBUG PrimaryStageWindow   - GameLoadingScene -> GameScene
12:03:36.221 [FXGL Background Thread 3 ] DEBUG Engine               - Logging environment variables
12:03:36.223 [FXGL Background Thread 3 ] DEBUG Engine               - achievements: []
12:03:36.224 [FXGL Background Thread 3 ] DEBUG Engine               - actualHeight: 688.0
12:03:36.224 [FXGL Background Thread 3 ] DEBUG Engine               - actualHeightProperty: ReadOnlyDoubleProperty [value: 688.0]
12:03:36.224 [FXGL Background Thread 3 ] DEBUG Engine               - actualWidth: 678.0
12:03:36.225 [FXGL Background Thread 3 ] DEBUG Engine               - actualWidthProperty: ReadOnlyDoubleProperty [value: 678.0]
12:03:36.225 [FXGL Background Thread 3 ] DEBUG Engine               - appIcon: fxgl_icon.png
12:03:36.225 [FXGL Background Thread 3 ] DEBUG Engine               - applicationMode: DEVELOPER
12:03:36.226 [FXGL Background Thread 3 ] DEBUG Engine               - cSSList: [fxgl_dark.css]
12:03:36.226 [FXGL Background Thread 3 ] DEBUG Engine               - collisionDetectionStrategy: BRUTE_FORCE
12:03:36.226 [FXGL Background Thread 3 ] DEBUG Engine               - configClass: Optional.empty
12:03:36.226 [FXGL Background Thread 3 ] DEBUG Engine               - credits: []
12:03:36.227 [FXGL Background Thread 3 ] DEBUG Engine               - devBBoxColorProperty: ObjectProperty [value: 0xff0000ff]
12:03:36.227 [FXGL Background Thread 3 ] DEBUG Engine               - devEnableDebugCameraProperty: BooleanProperty [value: false]
12:03:36.228 [FXGL Background Thread 3 ] DEBUG Engine               - devSensorColorProperty: ObjectProperty [value: 0xffff00ff]
12:03:36.228 [FXGL Background Thread 3 ] DEBUG Engine               - devShowBBoxProperty: BooleanProperty [value: false]
12:03:36.228 [FXGL Background Thread 3 ] DEBUG Engine               - devShowPositionProperty: BooleanProperty [value: false]
12:03:36.228 [FXGL Background Thread 3 ] DEBUG Engine               - enabledMenuItems: []
12:03:36.229 [FXGL Background Thread 3 ] DEBUG Engine               - engineServices: [class com.almasb.fxgl.app.services.FXGLAssetLoaderService, class com.almasb.fxgl.app.FXGLApplication$GameApplicationService, class com.almasb.fxgl.app.services.FXGLDialogService, class com.almasb.fxgl.app.services.IOTaskExecutorService, class com.almasb.fxgl.event.EventBusService, class com.almasb.fxgl.io.FileSystemService, class com.almasb.fxgl.localization.LocalizationService, class com.almasb.fxgl.app.services.SystemBundleService, class com.almasb.fxgl.profile.SaveLoadService, class com.almasb.fxgl.ui.FXGLUIFactoryServiceProvider, class com.almasb.fxgl.ui.FXGLDialogFactoryServiceProvider, class com.almasb.fxgl.audio.AudioPlayer, class com.almasb.fxgl.notification.impl.NotificationServiceProvider, class com.almasb.fxgl.achievement.AchievementService, class com.almasb.fxgl.cutscene.CutsceneService, class com.almasb.fxgl.minigames.MiniGameService, class com.almasb.fxgl.net.NetService, class com.almasb.fxgl.app.services.UpdaterService, class com.almasb.fxgl.dev.DevService]
12:03:36.229 [FXGL Background Thread 3 ] DEBUG Engine               - fontGame: Abel-Regular.ttf
12:03:36.229 [FXGL Background Thread 3 ] DEBUG Engine               - fontMono: lucida_console.ttf
12:03:36.230 [FXGL Background Thread 3 ] DEBUG Engine               - fontText: Courier-Prime.ttf
12:03:36.230 [FXGL Background Thread 3 ] DEBUG Engine               - fontUI: VarelaRound-Regular.ttf
12:03:36.230 [FXGL Background Thread 3 ] DEBUG Engine               - fullScreen: BooleanProperty [value: false]
12:03:36.230 [FXGL Background Thread 3 ] DEBUG Engine               - gameDifficulty: MEDIUM
12:03:36.231 [FXGL Background Thread 3 ] DEBUG Engine               - gameDifficultyProperty: ObjectProperty [value: MEDIUM]
12:03:36.231 [FXGL Background Thread 3 ] DEBUG Engine               - globalMusicVolume: 0.5
12:03:36.232 [FXGL Background Thread 3 ] DEBUG Engine               - globalMusicVolumeProperty: DoubleProperty [value: 0.5]
12:03:36.232 [FXGL Background Thread 3 ] DEBUG Engine               - globalSoundVolume: 0.5
12:03:36.232 [FXGL Background Thread 3 ] DEBUG Engine               - globalSoundVolumeProperty: DoubleProperty [value: 0.5]
12:03:36.233 [FXGL Background Thread 3 ] DEBUG Engine               - height: 680
12:03:36.233 [FXGL Background Thread 3 ] DEBUG Engine               - isAndroid: false
12:03:36.233 [FXGL Background Thread 3 ] DEBUG Engine               - isBrowser: false
12:03:36.234 [FXGL Background Thread 3 ] DEBUG Engine               - isClickFeedbackEnabled: false
12:03:36.234 [FXGL Background Thread 3 ] DEBUG Engine               - isCloseConfirmation: false
12:03:36.234 [FXGL Background Thread 3 ] DEBUG Engine               - isDesktop: true
12:03:36.235 [FXGL Background Thread 3 ] DEBUG Engine               - isDeveloperMenuEnabled: false
12:03:36.235 [FXGL Background Thread 3 ] DEBUG Engine               - isEntityPreloadEnabled: true
12:03:36.235 [FXGL Background Thread 3 ] DEBUG Engine               - isExperimental3D: false
12:03:36.236 [FXGL Background Thread 3 ] DEBUG Engine               - isExperimentalNative: false
12:03:36.236 [FXGL Background Thread 3 ] DEBUG Engine               - isExperimentalTiledLargeMap: false
12:03:36.236 [FXGL Background Thread 3 ] DEBUG Engine               - isFileSystemWriteAllowed: true
12:03:36.237 [FXGL Background Thread 3 ] DEBUG Engine               - isFullScreenAllowed: false
12:03:36.237 [FXGL Background Thread 3 ] DEBUG Engine               - isFullScreenFromStart: false
12:03:36.238 [FXGL Background Thread 3 ] DEBUG Engine               - isGameMenuEnabled: true
12:03:36.238 [FXGL Background Thread 3 ] DEBUG Engine               - isIOS: false
12:03:36.238 [FXGL Background Thread 3 ] DEBUG Engine               - isIntroEnabled: false
12:03:36.239 [FXGL Background Thread 3 ] DEBUG Engine               - isLinux: true
12:03:36.239 [FXGL Background Thread 3 ] DEBUG Engine               - isMac: false
12:03:36.239 [FXGL Background Thread 3 ] DEBUG Engine               - isMainMenuEnabled: false
12:03:36.239 [FXGL Background Thread 3 ] DEBUG Engine               - isManualResizeEnabled: true
12:03:36.240 [FXGL Background Thread 3 ] DEBUG Engine               - isMobile: false
12:03:36.240 [FXGL Background Thread 3 ] DEBUG Engine               - isPreserveResizeRatio: true
12:03:36.240 [FXGL Background Thread 3 ] DEBUG Engine               - isProfilingEnabled: false
12:03:36.240 [FXGL Background Thread 3 ] DEBUG Engine               - isScaleAffectedOnResize: true
12:03:36.240 [FXGL Background Thread 3 ] DEBUG Engine               - isSingleStep: false
12:03:36.241 [FXGL Background Thread 3 ] DEBUG Engine               - isUserProfileEnabled: false
12:03:36.241 [FXGL Background Thread 3 ] DEBUG Engine               - isWindows: false
12:03:36.241 [FXGL Background Thread 3 ] DEBUG Engine               - language: ObjectProperty [value: ENGLISH]
12:03:36.242 [FXGL Background Thread 3 ] DEBUG Engine               - menuKey: ESCAPE
12:03:36.242 [FXGL Background Thread 3 ] DEBUG Engine               - notificationViewClass: class com.almasb.fxgl.notification.view.XboxNotificationView
12:03:36.243 [FXGL Background Thread 3 ] DEBUG Engine               - pixelsPerMeter: 50.0
12:03:36.243 [FXGL Background Thread 3 ] DEBUG Engine               - platform: LINUX
12:03:36.243 [FXGL Background Thread 3 ] DEBUG Engine               - prefHeightProperty: ReadOnlyDoubleProperty [value: 680.0]
12:03:36.244 [FXGL Background Thread 3 ] DEBUG Engine               - prefWidthProperty: ReadOnlyDoubleProperty [value: 680.0]
12:03:36.244 [FXGL Background Thread 3 ] DEBUG Engine               - profileDir: profiles/
12:03:36.244 [FXGL Background Thread 3 ] DEBUG Engine               - profileName: StringProperty [value: DEFAULT]
12:03:36.245 [FXGL Background Thread 3 ] DEBUG Engine               - randomSeed: -1
12:03:36.245 [FXGL Background Thread 3 ] DEBUG Engine               - runtimeInfo: RuntimeInfo(platform=LINUX, version=11.14, build=01.03.2021 16.59)
12:03:36.246 [FXGL Background Thread 3 ] DEBUG Engine               - saveFileExt: sav
12:03:36.246 [FXGL Background Thread 3 ] DEBUG Engine               - scaledHeightProp$fxgl: DoubleProperty [bound, value: 688.0]
12:03:36.246 [FXGL Background Thread 3 ] DEBUG Engine               - scaledWidthProp$fxgl: DoubleProperty [bound, value: 678.0]
12:03:36.247 [FXGL Background Thread 3 ] DEBUG Engine               - sceneFactory: com.sarveshapps.dungeonescape.DungeonEscapeApp$1@ff412c5
12:03:36.247 [FXGL Background Thread 3 ] DEBUG Engine               - secondsIn24h: 60
12:03:36.248 [FXGL Background Thread 3 ] DEBUG Engine               - soundMenuBack: menu/back.wav
12:03:36.248 [FXGL Background Thread 3 ] DEBUG Engine               - soundMenuPress: menu/press.wav
12:03:36.249 [FXGL Background Thread 3 ] DEBUG Engine               - soundMenuSelect: menu/select.wav
12:03:36.249 [FXGL Background Thread 3 ] DEBUG Engine               - soundNotification: core/notification.wav
12:03:36.249 [FXGL Background Thread 3 ] DEBUG Engine               - stageStyle: DECORATED
12:03:36.250 [FXGL Background Thread 3 ] DEBUG Engine               - supportedLanguages: [ENGLISH, FRENCH, GERMAN, HUNGARIAN, RUSSIAN]
12:03:36.250 [FXGL Background Thread 3 ] DEBUG Engine               - ticksPerSecond: -1
12:03:36.250 [FXGL Background Thread 3 ] DEBUG Engine               - title: Dungeon Escape
12:03:36.251 [FXGL Background Thread 3 ] DEBUG Engine               - urlGithub: https://github.com/AlmasB/FXGL
12:03:36.251 [FXGL Background Thread 3 ] DEBUG Engine               - urlLeaderboard: http://fxgl-top.herokuapp.com/
12:03:36.252 [FXGL Background Thread 3 ] DEBUG Engine               - urlPOM: https://raw.githubusercontent.com/AlmasB/FXGL/release/README.md
12:03:36.252 [FXGL Background Thread 3 ] DEBUG Engine               - userAppClass: class com.sarveshapps.dungeonescape.DungeonEscapeApp
12:03:36.252 [FXGL Background Thread 3 ] DEBUG Engine               - version: 1.0
12:03:36.253 [FXGL Background Thread 3 ] DEBUG Engine               - versionCheckDays: 7
12:03:36.253 [FXGL Background Thread 3 ] DEBUG Engine               - width: 680
12:03:36.253 [FXGL Background Thread 3 ] DEBUG Engine               - Logging services
12:03:36.254 [FXGL Background Thread 3 ] DEBUG Engine               - class com.almasb.fxgl.app.services.FXGLAssetLoaderService
12:03:36.254 [FXGL Background Thread 3 ] DEBUG Engine               - class com.almasb.fxgl.app.FXGLApplication$GameApplicationService
12:03:36.254 [FXGL Background Thread 3 ] DEBUG Engine               - class com.almasb.fxgl.app.services.FXGLDialogService
12:03:36.255 [FXGL Background Thread 3 ] DEBUG Engine               - class com.almasb.fxgl.app.services.IOTaskExecutorService
12:03:36.255 [FXGL Background Thread 3 ] DEBUG Engine               - class com.almasb.fxgl.event.EventBusService
12:03:36.256 [FXGL Background Thread 3 ] DEBUG Engine               - class com.almasb.fxgl.io.FileSystemService
12:03:36.256 [FXGL Background Thread 3 ] DEBUG Engine               - class com.almasb.fxgl.localization.LocalizationService
12:03:36.256 [FXGL Background Thread 3 ] DEBUG Engine               - class com.almasb.fxgl.app.services.SystemBundleService
12:03:36.256 [FXGL Background Thread 3 ] DEBUG Engine               - class com.almasb.fxgl.profile.SaveLoadService
12:03:36.257 [FXGL Background Thread 3 ] DEBUG Engine               - class com.almasb.fxgl.ui.FXGLUIFactoryServiceProvider
12:03:36.257 [FXGL Background Thread 3 ] DEBUG Engine               - class com.almasb.fxgl.ui.FXGLDialogFactoryServiceProvider
12:03:36.257 [FXGL Background Thread 3 ] DEBUG Engine               - class com.almasb.fxgl.audio.AudioPlayer
12:03:36.258 [FXGL Background Thread 3 ] DEBUG Engine               - class com.almasb.fxgl.notification.impl.NotificationServiceProvider
12:03:36.258 [FXGL Background Thread 3 ] DEBUG Engine               - class com.almasb.fxgl.achievement.AchievementService
12:03:36.258 [FXGL Background Thread 3 ] DEBUG Engine               - class com.almasb.fxgl.cutscene.CutsceneService
12:03:36.259 [FXGL Background Thread 3 ] DEBUG Engine               - class com.almasb.fxgl.minigames.MiniGameService
12:03:36.259 [FXGL Background Thread 3 ] DEBUG Engine               - class com.almasb.fxgl.net.NetService
12:03:36.259 [FXGL Background Thread 3 ] DEBUG Engine               - class com.almasb.fxgl.app.services.UpdaterService
12:03:36.259 [FXGL Background Thread 3 ] DEBUG Engine               - class com.almasb.fxgl.dev.DevService
12:03:44.269 [JavaFX Application Thread] DEBUG FXGLAssetLoaderServi - Loading from file system: file:/home/sarvesh/IdeaProjects/FinalProjDungeonEscape/target/classes/assets/textures/shock.png
12:03:44.749 [JavaFX Application Thread] WARN  GameWorld            - Attempted to remove entity which is not active
12:03:46.001 [JavaFX Application Thread] WARN  GameWorld            - Attempted to remove entity which is not active
12:03:46.799 [JavaFX Application Thread] WARN  GameWorld            - Attempted to remove entity which is not active
12:03:50.631 [JavaFX Application Thread] WARN  GameWorld            - Attempted to remove entity which is not active
12:03:55.031 [JavaFX Application Thread] WARN  GameWorld            - Attempted to remove entity which is not active
12:03:55.996 [JavaFX Application Thread] WARN  GameWorld            - Attempted to remove entity which is not active
12:03:59.695 [JavaFX Application Thread] WARN  GameWorld            - Attempted to remove entity which is not active
12:04:00.336 [JavaFX Application Thread] WARN  GameWorld            - Attempted to remove entity which is not active
12:04:00.950 [JavaFX Application Thread] WARN  GameWorld            - Attempted to remove entity which is not active
12:04:05.278 [JavaFX Application Thread] WARN  GameWorld            - Attempted to remove entity which is not active
12:04:08.107 [JavaFX Application Thread] WARN  GameWorld            - Attempted to remove entity which is not active
12:04:08.683 [JavaFX Application Thread] WARN  GameWorld            - Attempted to remove entity which is not active
12:04:10.057 [JavaFX Application Thread] WARN  GameWorld            - Attempted to remove entity which is not active
12:04:11.377 [JavaFX Application Thread] DEBUG GameWorld            - Clearing removable entities
12:04:11.404 [JavaFX Application Thread] DEBUG GameWorld            - Setting level: com.almasb.fxgl.entity.level.Level@8fe09d1
12:04:26.015 [JavaFX Application Thread] WARN  GameWorld            - Attempted to remove entity which is not active
12:04:27.914 [JavaFX Application Thread] DEBUG GameWorld            - Clearing removable entities
12:04:27.931 [JavaFX Application Thread] DEBUG GameWorld            - Setting level: com.almasb.fxgl.entity.level.Level@7bbf792f
12:04:31.138 [JavaFX Application Thread] DEBUG GameWorld            - Clearing removable entities
12:04:31.152 [JavaFX Application Thread] DEBUG GameWorld            - Setting level: com.almasb.fxgl.entity.level.Level@5a6a4156
12:04:33.635 [JavaFX Application Thread] WARN  GameWorld            - Attempted to remove entity which is not active
12:04:35.098 [JavaFX Application Thread] DEBUG GameWorld            - Clearing removable entities
12:04:35.109 [JavaFX Application Thread] DEBUG GameWorld            - Setting level: com.almasb.fxgl.entity.level.Level@1a74eca2
12:04:38.056 [JavaFX Application Thread] WARN  GameWorld            - Attempted to remove entity which is not active
12:04:46.533 [JavaFX Application Thread] WARN  GameWorld            - Attempted to remove entity which is not active
12:04:47.717 [JavaFX Application Thread] DEBUG GameWorld            - Clearing removable entities
12:04:47.725 [JavaFX Application Thread] DEBUG GameWorld            - Setting level: com.almasb.fxgl.entity.level.Level@65500530
12:04:50.599 [JavaFX Application Thread] WARN  GameWorld            - Attempted to remove entity which is not active
12:04:56.795 [JavaFX Application Thread] DEBUG GameWorld            - Clearing removable entities
12:04:56.799 [JavaFX Application Thread] DEBUG GameWorld            - Setting level: com.almasb.fxgl.entity.level.Level@223ee3df
12:05:00.345 [JavaFX Application Thread] WARN  GameWorld            - Attempted to remove entity which is not active
12:05:04.381 [JavaFX Application Thread] WARN  GameWorld            - Attempted to remove entity which is not active
12:05:13.125 [JavaFX Application Thread] WARN  GameWorld            - Attempted to remove entity which is not active
12:05:14.243 [JavaFX Application Thread] WARN  GameWorld            - Attempted to remove entity which is not active
12:05:16.703 [JavaFX Application Thread] DEBUG PrimaryStageWindow   - Push state: DialogSubScene
12:05:16.704 [JavaFX Application Thread] DEBUG Input                - Clearing active input actions
12:05:16.711 [JavaFX Application Thread] DEBUG GameApplicationServi - Removing overlay from GameScene and adding to DialogSubScene
12:05:16.711 [JavaFX Application Thread] DEBUG PrimaryStageWindow   - GameScene -> DialogSubScene
12:05:26.758 [JavaFX Application Thread] DEBUG PrimaryStageWindow   - Pop state: DialogSubScene
12:05:26.758 [JavaFX Application Thread] DEBUG Input                - Clearing active input actions
12:05:26.760 [JavaFX Application Thread] DEBUG GameApplicationServi - Removing overlay from DialogSubScene and adding to GameScene
12:05:26.761 [JavaFX Application Thread] DEBUG PrimaryStageWindow   - GameScene <- DialogSubScene
12:05:26.767 [JavaFX Application Thread] DEBUG PrimaryStageWindow   - Push state: DialogSubScene
12:05:26.767 [JavaFX Application Thread] DEBUG Input                - Clearing active input actions
12:05:26.769 [JavaFX Application Thread] DEBUG GameApplicationServi - Removing overlay from GameScene and adding to DialogSubScene
12:05:26.769 [JavaFX Application Thread] DEBUG PrimaryStageWindow   - GameScene -> DialogSubScene
12:05:28.161 [JavaFX Application Thread] DEBUG FXGLApplication      - Exiting FXGL
12:05:28.162 [JavaFX Application Thread] DEBUG LoopRunner           - Stopping loop
12:05:28.162 [JavaFX Application Thread] DEBUG SystemBundleService  - Saving FXGL system data
12:05:28.170 [JavaFX Application Thread] DEBUG FileSystemAccess     - Writing to: /home/sarvesh/IdeaProjects/FinalProjDungeonEscape/system/fxgl.bundle
12:05:28.179 [JavaFX Application Thread] DEBUG Async                - Shutting down background threads
12:05:28.181 [JavaFX Application Thread] DEBUG PrimaryStageWindow   - Closing main window
12:05:28.191 [JavaFX Application Thread] DEBUG Logger               - Closing Logger
