12:16:48.853 [main                     ] DEBUG Logger               - Configured Logger
12:16:48.895 [main                     ] DEBUG GameApplication      - Logging settings
Title: Dungeon Escape
Version: 1.0
Width: 680
Height: 680
Fullscreen: false
Intro: false
Profiling: false
Single step:false
App Mode: DEVELOPER
Menu Key: ESCAPE
Stage Style: DECORATED
Scene Factory: class com.sarveshapps.dungeonescape.DungeonEscapeApp$1

12:16:49.691 [JavaFX Application Thread] DEBUG FXGLApplication      - Initializing FXGL
12:16:49.694 [JavaFX Application Thread] INFO  Engine               - FXGL-11.14 (01.03.2021 16.59) on LINUX (J:11.0.9.1 FX:15)
12:16:49.695 [JavaFX Application Thread] DEBUG Engine               - JRE Vendor Name: Ubuntu
12:16:49.696 [JavaFX Application Thread] DEBUG Engine               - Running on OS: Linux version 5.8.0-7630-generic
12:16:49.697 [JavaFX Application Thread] DEBUG Engine               - Architecture: amd64
12:16:49.697 [JavaFX Application Thread] INFO  Engine               - Source code and latest versions at: https://github.com/AlmasB/FXGL
12:16:49.698 [JavaFX Application Thread] INFO  Engine               -              Join the FXGL chat at: https://gitter.im/AlmasB/FXGL
12:16:49.928 [JavaFX Application Thread] DEBUG PrimaryStageWindow   - Creating a JavaFX scene
12:16:50.155 [JavaFX Application Thread] DEBUG PrimaryStageWindow   - Target settings size: 680.0 x 680.0
12:16:50.156 [JavaFX Application Thread] DEBUG PrimaryStageWindow   - Scaled scene size:    680.0 x 680.0
12:16:50.156 [JavaFX Application Thread] DEBUG PrimaryStageWindow   - Scaled ratio: (1.0, 1.0)
12:16:50.158 [JavaFX Application Thread] DEBUG PrimaryStageWindow   - Set initial scene to FXGLStartupScene
12:16:50.170 [JavaFX Application Thread] DEBUG PrimaryStageWindow   - Opening main window
12:16:50.267 [JavaFX Application Thread] DEBUG PrimaryStageWindow   - Window border size: (2.0, 29.0)
12:16:50.268 [JavaFX Application Thread] DEBUG PrimaryStageWindow   - Scaled size: 680.0 x 680.0
12:16:50.268 [JavaFX Application Thread] DEBUG PrimaryStageWindow   - Scaled ratio: (1.0, 1.0)
12:16:50.268 [JavaFX Application Thread] DEBUG PrimaryStageWindow   - Scene size: 680.0 x 680.0
12:16:50.268 [JavaFX Application Thread] DEBUG PrimaryStageWindow   - Stage size: 682.0 x 709.0
12:16:50.289 [FXGL Background Thread 1 ] DEBUG Engine               - Initializing environment variables
12:16:50.368 [FXGL Background Thread 1 ] DEBUG FXGLAssetLoaderServi - User app class for loading assets: class com.sarveshapps.dungeonescape.DungeonEscapeApp
12:16:50.369 [FXGL Background Thread 1 ] DEBUG GameApplicationServi - Applying CSS: fxgl_dark.css
12:16:50.370 [FXGL Background Thread 1 ] DEBUG FXGLAssetLoaderServi - Loading from file system: jar:file:/home/sarvesh/.m2/repository/com/github/almasb/fxgl/11.14/fxgl-11.14.jar!/fxglassets/ui/css/fxgl_dark.css
12:16:50.584 [FXGL Background Thread 1 ] DEBUG GameApplicationServi - Initializing application scenes
12:16:50.704 [FXGL Background Thread 1 ] DEBUG FXGLAssetLoaderServi - Loading from file system: file:/home/sarvesh/IdeaProjects/FinalProjDungeonEscape/target/classes/assets/textures/Pirate.png
12:16:50.746 [FXGL Background Thread 1 ] DEBUG GameWorld            - Game world initialized
12:16:50.862 [FXGL Background Thread 1 ] DEBUG PhysicsWorld         - Physics world initialized: appHeight=680, physics.ppm=50.0
12:16:50.863 [FXGL Background Thread 1 ] DEBUG PhysicsWorld         - Using strategy: BRUTE_FORCE
12:16:50.871 [FXGL Background Thread 1 ] DEBUG GameScene            - Game scene initialized: 680x680
12:16:50.887 [FXGL Background Thread 1 ] WARN  FXGL.DefaultMenu     - FXGLDefaultMenu is not designed for resolutions < 800x600
12:16:50.904 [FXGL Background Thread 1 ] DEBUG FXGLAssetLoaderServi - Loading from file system: jar:file:/home/sarvesh/.m2/repository/com/github/almasb/fxgl/11.14/fxgl-11.14.jar!/fxglassets/textures/particles/trace_horizontal.png
12:16:50.971 [FXGL Background Thread 1 ] DEBUG FXGL.DefaultMenu     - createMenuBodyGameMenu()
12:16:51.037 [FXGL Background Thread 1 ] DEBUG FXGL.DefaultMenu     - createOptionsMenu()
12:16:51.057 [FXGL Background Thread 1 ] DEBUG FXGLAssetLoaderServi - Loading from file system: jar:file:/home/sarvesh/.m2/repository/com/github/almasb/fxgl/11.14/fxgl-11.14.jar!/fxglassets/textures/particles/smoke.png
12:16:51.159 [FXGL Background Thread 1 ] DEBUG GameApplicationServi - Application scenes initialized
12:16:51.177 [FXGL Background Thread 1 ] DEBUG SystemBundleService  - Loading FXGL system data
12:16:51.181 [FXGL Background Thread 1 ] DEBUG FileSystemAccess     - Reading from: /home/sarvesh/IdeaProjects/FinalProjDungeonEscape/system/fxgl.bundle
12:16:51.187 [FXGL Background Thread 1 ] DEBUG SystemBundleService  - Bundle FXGL: {}
12:16:51.188 [FXGL Background Thread 1 ] DEBUG UpdaterService       - Checking for updates
12:16:51.209 [FXGL Background Thread 4 ] DEBUG FXGLApplication      - Loading fonts
12:16:51.209 [FXGL Background Thread 1 ] DEBUG FXGLApplication      - Loading default localization
12:16:51.210 [FXGL Background Thread 1 ] DEBUG FXGLAssetLoaderServi - Loading from file system: jar:file:/home/sarvesh/.m2/repository/com/github/almasb/fxgl/11.14/fxgl-11.14.jar!/fxglassets/languages/english.lang
12:16:51.217 [FXGL Background Thread 4 ] DEBUG FXGLAssetLoaderServi - Loading from file system: jar:file:/home/sarvesh/.m2/repository/com/github/almasb/fxgl/11.14/fxgl-11.14.jar!/fxglassets/ui/fonts/VarelaRound-Regular.ttf
12:16:51.243 [FXGL Background Thread 4 ] DEBUG FXGLAssetLoaderServi - Loading from file system: jar:file:/home/sarvesh/.m2/repository/com/github/almasb/fxgl/11.14/fxgl-11.14.jar!/fxglassets/ui/fonts/Abel-Regular.ttf
12:16:51.249 [FXGL Background Thread 1 ] INFO  FXGLApplication      - FXGL initialization took: 0.959 sec
12:16:51.250 [FXGL Background Thread 4 ] DEBUG FXGLAssetLoaderServi - Loading from file system: jar:file:/home/sarvesh/.m2/repository/com/github/almasb/fxgl/11.14/fxgl-11.14.jar!/fxglassets/ui/fonts/lucida_console.ttf
12:16:51.264 [JavaFX Application Thread] DEBUG Input                - Registered new binding: Up - W
12:16:51.265 [JavaFX Application Thread] DEBUG Input                - Registered new binding: Down - S
12:16:51.265 [JavaFX Application Thread] DEBUG Input                - Registered new binding: Left - A
12:16:51.265 [JavaFX Application Thread] DEBUG Input                - Registered new binding: Right - D
12:16:51.266 [JavaFX Application Thread] DEBUG Input                - Registered new binding: Shoot Up - Up
12:16:51.266 [JavaFX Application Thread] DEBUG Input                - Registered new binding: Shoot Down - Down
12:16:51.266 [JavaFX Application Thread] DEBUG Input                - Registered new binding: Shoot Right - Right
12:16:51.266 [JavaFX Application Thread] DEBUG Input                - Registered new binding: Shoot Left - Left
12:16:51.268 [JavaFX Application Thread] DEBUG Input                - Registered new binding: Teleport - LMB
12:16:51.269 [JavaFX Application Thread] DEBUG FXGLAssetLoaderServi - Loading from file system: jar:file:/home/sarvesh/.m2/repository/com/github/almasb/fxgl/11.14/fxgl-11.14.jar!/fxglassets/textures/fxgl_icon.png
12:16:51.272 [FXGL Background Thread 4 ] DEBUG FXGLAssetLoaderServi - Loading from file system: jar:file:/home/sarvesh/.m2/repository/com/github/almasb/fxgl/11.14/fxgl-11.14.jar!/fxglassets/ui/fonts/Courier-Prime.ttf
12:16:51.311 [JavaFX Application Thread] DEBUG FXGLAssetLoaderServi - Loading from file system: jar:file:/home/sarvesh/.m2/repository/com/github/almasb/fxgl/11.14/fxgl-11.14.jar!/fxglassets/ui/cursors/fxgl_default.png
12:16:51.319 [JavaFX Application Thread] DEBUG Input                - Registered new binding: Screenshot - P
12:16:51.320 [JavaFX Application Thread] DEBUG Input                - Registered new binding: System info dump - CTRL+9
12:16:51.322 [JavaFX Application Thread] DEBUG Input                - Registered new binding: Restart - CTRL+R
12:16:51.323 [JavaFX Application Thread] DEBUG Input                - Registered new binding: Toggle Debug Camera - CTRL+C
12:16:51.329 [JavaFX Application Thread] DEBUG LoopRunner           - Starting loop
12:16:51.329 [JavaFX Application Thread] DEBUG LoopRunner           - Initializing JavaFX AnimationTimerLoop
12:16:51.331 [JavaFX Application Thread] DEBUG GameApplicationServi - Starting new game
12:16:51.332 [JavaFX Application Thread] DEBUG Input                - Clearing active input actions
12:16:51.356 [JavaFX Application Thread] DEBUG GameApplicationServi - Removing overlay from FXGLStartupScene and adding to GameLoadingScene
12:16:51.357 [JavaFX Application Thread] DEBUG PrimaryStageWindow   - FXGLStartupScene -> GameLoadingScene
12:16:51.357 [JavaFX Application Thread] DEBUG GameApplicationServi - Clearing previous game
12:16:51.357 [JavaFX Application Thread] DEBUG GameScene            - Clearing game scene
12:16:51.357 [JavaFX Application Thread] DEBUG GameWorld            - Clearing game world
12:16:51.358 [JavaFX Application Thread] DEBUG PhysicsWorld         - Clearing physics world
12:16:51.359 [FXGL Background Thread 4 ] DEBUG FXGLApplication      - Initializing game
12:16:51.359 [JavaFX Application Thread] DEBUG FXGLApplication      - Registering font factories with UI factory
12:16:51.360 [FXGL Background Thread 4 ] DEBUG FXGLAssetLoaderServi - Loading from file system: file:/home/sarvesh/IdeaProjects/FinalProjDungeonEscape/target/classes/assets/textures/floor.jpg
12:16:51.612 [FXGL Background Thread 4 ] DEBUG FXGLAssetLoaderServi - Loading from file system: file:/home/sarvesh/IdeaProjects/FinalProjDungeonEscape/target/classes/assets/textures/mongbat.png
12:16:51.959 [FXGL Background Thread 4 ] DEBUG GameWorld            - Clearing removable entities
12:16:51.960 [FXGL Background Thread 4 ] DEBUG GameWorld            - Setting level: com.almasb.fxgl.entity.level.Level@7ee9f21d
12:16:52.138 [FXGL Background Thread 4 ] INFO  FXGLApplication      - Game initialization took: 0.779 sec
12:16:52.139 [JavaFX Application Thread] DEBUG Input                - Clearing active input actions
12:16:52.184 [JavaFX Application Thread] DEBUG GameApplicationServi - Removing overlay from GameLoadingScene and adding to GameScene
12:16:52.184 [JavaFX Application Thread] DEBUG PrimaryStageWindow   - GameLoadingScene -> GameScene
12:16:53.434 [JavaFX Application Thread] DEBUG FXGLApplication      - Exiting FXGL
12:16:53.435 [JavaFX Application Thread] DEBUG LoopRunner           - Stopping loop
12:16:53.435 [JavaFX Application Thread] DEBUG SystemBundleService  - Saving FXGL system data
12:16:53.440 [JavaFX Application Thread] DEBUG FileSystemAccess     - Writing to: /home/sarvesh/IdeaProjects/FinalProjDungeonEscape/system/fxgl.bundle
12:16:53.448 [JavaFX Application Thread] DEBUG Async                - Shutting down background threads
12:16:53.450 [JavaFX Application Thread] DEBUG PrimaryStageWindow   - Closing main window
12:16:53.457 [JavaFX Application Thread] DEBUG Logger               - Closing Logger
