14:26:58.810 [main                     ] DEBUG Logger               - Configured Logger
14:26:58.923 [main                     ] DEBUG GameApplication      - Logging settings
Title: Dungeon Escape
Version: 1.0
Width: 680
Height: 680
Fullscreen: false
Intro: false
Profiling: false
Single step:false
App Mode: DEVELOPER
Menu Key: ESCAPE
Stage Style: DECORATED
Scene Factory: class com.sarveshapps.dungeonescape.DungeonEscapeApp$1

14:27:01.664 [JavaFX Application Thread] DEBUG FXGLApplication      - Initializing FXGL
14:27:01.681 [JavaFX Application Thread] INFO  Engine               - FXGL-11.14 (01.03.2021 16.59) on LINUX (J:11.0.9.1 FX:15)
14:27:01.682 [JavaFX Application Thread] DEBUG Engine               - JRE Vendor Name: Ubuntu
14:27:01.682 [JavaFX Application Thread] DEBUG Engine               - Running on OS: Linux version 5.8.0-7630-generic
14:27:01.683 [JavaFX Application Thread] DEBUG Engine               - Architecture: amd64
14:27:01.683 [JavaFX Application Thread] INFO  Engine               - Source code and latest versions at: https://github.com/AlmasB/FXGL
14:27:01.683 [JavaFX Application Thread] INFO  Engine               -              Join the FXGL chat at: https://gitter.im/AlmasB/FXGL
14:27:01.979 [JavaFX Application Thread] DEBUG PrimaryStageWindow   - Creating a JavaFX scene
14:27:02.284 [JavaFX Application Thread] DEBUG PrimaryStageWindow   - Target settings size: 680.0 x 680.0
14:27:02.284 [JavaFX Application Thread] DEBUG PrimaryStageWindow   - Scaled scene size:    680.0 x 680.0
14:27:02.284 [JavaFX Application Thread] DEBUG PrimaryStageWindow   - Scaled ratio: (1.0, 1.0)
14:27:02.286 [JavaFX Application Thread] DEBUG PrimaryStageWindow   - Set initial scene to FXGLStartupScene
14:27:02.294 [JavaFX Application Thread] DEBUG PrimaryStageWindow   - Opening main window
14:27:02.362 [JavaFX Application Thread] DEBUG PrimaryStageWindow   - Window border size: (2.0, 29.0)
14:27:02.362 [JavaFX Application Thread] DEBUG PrimaryStageWindow   - Scaled size: 680.0 x 680.0
14:27:02.362 [JavaFX Application Thread] DEBUG PrimaryStageWindow   - Scaled ratio: (1.0, 1.0)
14:27:02.363 [JavaFX Application Thread] DEBUG PrimaryStageWindow   - Scene size: 680.0 x 680.0
14:27:02.363 [JavaFX Application Thread] DEBUG PrimaryStageWindow   - Stage size: 682.0 x 709.0
14:27:02.458 [FXGL Background Thread 1 ] DEBUG Engine               - Initializing environment variables
14:27:02.796 [FXGL Background Thread 1 ] DEBUG FXGLAssetLoaderServi - User app class for loading assets: class com.sarveshapps.dungeonescape.DungeonEscapeApp
14:27:02.797 [FXGL Background Thread 1 ] DEBUG GameApplicationServi - Applying CSS: fxgl_dark.css
14:27:02.800 [FXGL Background Thread 1 ] DEBUG FXGLAssetLoaderServi - Loading from file system: jar:file:/home/sarvesh/.m2/repository/com/github/almasb/fxgl/11.14/fxgl-11.14.jar!/fxglassets/ui/css/fxgl_dark.css
14:27:02.982 [FXGL Background Thread 1 ] DEBUG GameApplicationServi - Initializing application scenes
14:27:03.184 [FXGL Background Thread 1 ] DEBUG FXGLAssetLoaderServi - Loading from file system: file:/home/sarvesh/IdeaProjects/FinalProjDungeonEscape/target/classes/assets/textures/Pirate.png
14:27:03.263 [FXGL Background Thread 1 ] DEBUG GameWorld            - Game world initialized
14:27:03.396 [FXGL Background Thread 1 ] DEBUG PhysicsWorld         - Physics world initialized: appHeight=680, physics.ppm=50.0
14:27:03.397 [FXGL Background Thread 1 ] DEBUG PhysicsWorld         - Using strategy: BRUTE_FORCE
14:27:03.401 [FXGL Background Thread 1 ] DEBUG GameScene            - Game scene initialized: 680x680
14:27:03.429 [FXGL Background Thread 1 ] WARN  FXGL.DefaultMenu     - FXGLDefaultMenu is not designed for resolutions < 800x600
14:27:03.445 [FXGL Background Thread 1 ] DEBUG FXGLAssetLoaderServi - Loading from file system: jar:file:/home/sarvesh/.m2/repository/com/github/almasb/fxgl/11.14/fxgl-11.14.jar!/fxglassets/textures/particles/trace_horizontal.png
14:27:03.517 [FXGL Background Thread 1 ] DEBUG FXGL.DefaultMenu     - createMenuBodyGameMenu()
14:27:03.592 [FXGL Background Thread 1 ] DEBUG FXGL.DefaultMenu     - createOptionsMenu()
14:27:03.619 [FXGL Background Thread 1 ] DEBUG FXGLAssetLoaderServi - Loading from file system: jar:file:/home/sarvesh/.m2/repository/com/github/almasb/fxgl/11.14/fxgl-11.14.jar!/fxglassets/textures/particles/smoke.png
14:27:03.757 [FXGL Background Thread 1 ] DEBUG GameApplicationServi - Application scenes initialized
14:27:03.774 [FXGL Background Thread 1 ] DEBUG SystemBundleService  - Loading FXGL system data
14:27:03.798 [FXGL Background Thread 1 ] DEBUG FileSystemAccess     - Reading from: /home/sarvesh/IdeaProjects/FinalProjDungeonEscape/system/fxgl.bundle
14:27:03.822 [FXGL Background Thread 1 ] DEBUG SystemBundleService  - Bundle FXGL: {}
14:27:03.823 [FXGL Background Thread 1 ] DEBUG UpdaterService       - Checking for updates
14:27:03.828 [FXGL Background Thread 4 ] DEBUG FXGLApplication      - Loading fonts
14:27:03.911 [FXGL Background Thread 1 ] DEBUG FXGLApplication      - Loading default localization
14:27:03.912 [FXGL Background Thread 4 ] DEBUG FXGLAssetLoaderServi - Loading from file system: jar:file:/home/sarvesh/.m2/repository/com/github/almasb/fxgl/11.14/fxgl-11.14.jar!/fxglassets/ui/fonts/VarelaRound-Regular.ttf
14:27:03.915 [FXGL Background Thread 1 ] DEBUG FXGLAssetLoaderServi - Loading from file system: jar:file:/home/sarvesh/.m2/repository/com/github/almasb/fxgl/11.14/fxgl-11.14.jar!/fxglassets/languages/english.lang
14:27:04.036 [FXGL Background Thread 4 ] DEBUG FXGLAssetLoaderServi - Loading from file system: jar:file:/home/sarvesh/.m2/repository/com/github/almasb/fxgl/11.14/fxgl-11.14.jar!/fxglassets/ui/fonts/Abel-Regular.ttf
14:27:04.063 [FXGL Background Thread 4 ] DEBUG FXGLAssetLoaderServi - Loading from file system: jar:file:/home/sarvesh/.m2/repository/com/github/almasb/fxgl/11.14/fxgl-11.14.jar!/fxglassets/ui/fonts/lucida_console.ttf
14:27:04.076 [FXGL Background Thread 4 ] DEBUG FXGLAssetLoaderServi - Loading from file system: jar:file:/home/sarvesh/.m2/repository/com/github/almasb/fxgl/11.14/fxgl-11.14.jar!/fxglassets/ui/fonts/Courier-Prime.ttf
14:27:04.106 [FXGL Background Thread 1 ] INFO  FXGLApplication      - FXGL initialization took: 1.648 sec
14:27:04.153 [JavaFX Application Thread] DEBUG Input                - Registered new binding: Up - W
14:27:04.154 [JavaFX Application Thread] DEBUG Input                - Registered new binding: Down - S
14:27:04.154 [JavaFX Application Thread] DEBUG Input                - Registered new binding: Left - A
14:27:04.154 [JavaFX Application Thread] DEBUG Input                - Registered new binding: Right - D
14:27:04.155 [JavaFX Application Thread] DEBUG Input                - Registered new binding: Shoot Up - Up
14:27:04.155 [JavaFX Application Thread] DEBUG Input                - Registered new binding: Shoot Down - Down
14:27:04.156 [JavaFX Application Thread] DEBUG Input                - Registered new binding: Shoot Right - Right
14:27:04.156 [JavaFX Application Thread] DEBUG Input                - Registered new binding: Shoot Left - Left
14:27:04.159 [JavaFX Application Thread] DEBUG Input                - Registered new binding: Teleport - LMB
14:27:04.162 [JavaFX Application Thread] DEBUG FXGLAssetLoaderServi - Loading from file system: jar:file:/home/sarvesh/.m2/repository/com/github/almasb/fxgl/11.14/fxgl-11.14.jar!/fxglassets/textures/fxgl_icon.png
14:27:04.227 [JavaFX Application Thread] DEBUG FXGLAssetLoaderServi - Loading from file system: jar:file:/home/sarvesh/.m2/repository/com/github/almasb/fxgl/11.14/fxgl-11.14.jar!/fxglassets/ui/cursors/fxgl_default.png
14:27:04.230 [JavaFX Application Thread] DEBUG Input                - Registered new binding: Screenshot - P
14:27:04.231 [JavaFX Application Thread] DEBUG Input                - Registered new binding: System info dump - CTRL+9
14:27:04.232 [JavaFX Application Thread] DEBUG Input                - Registered new binding: Restart - CTRL+R
14:27:04.233 [JavaFX Application Thread] DEBUG Input                - Registered new binding: Toggle Debug Camera - CTRL+C
14:27:04.264 [JavaFX Application Thread] DEBUG LoopRunner           - Starting loop
14:27:04.264 [JavaFX Application Thread] DEBUG LoopRunner           - Initializing JavaFX AnimationTimerLoop
14:27:04.266 [JavaFX Application Thread] DEBUG GameApplicationServi - Starting new game
14:27:04.267 [JavaFX Application Thread] DEBUG Input                - Clearing active input actions
14:27:04.286 [JavaFX Application Thread] DEBUG GameApplicationServi - Removing overlay from FXGLStartupScene and adding to GameLoadingScene
14:27:04.287 [JavaFX Application Thread] DEBUG PrimaryStageWindow   - FXGLStartupScene -> GameLoadingScene
14:27:04.287 [JavaFX Application Thread] DEBUG GameApplicationServi - Clearing previous game
14:27:04.287 [JavaFX Application Thread] DEBUG GameScene            - Clearing game scene
14:27:04.287 [JavaFX Application Thread] DEBUG GameWorld            - Clearing game world
14:27:04.287 [JavaFX Application Thread] DEBUG PhysicsWorld         - Clearing physics world
14:27:04.289 [JavaFX Application Thread] DEBUG FXGLApplication      - Registering font factories with UI factory
14:27:04.288 [FXGL Background Thread 4 ] DEBUG FXGLApplication      - Initializing game
14:27:04.291 [FXGL Background Thread 4 ] DEBUG FXGLAssetLoaderServi - Loading from file system: file:/home/sarvesh/IdeaProjects/FinalProjDungeonEscape/target/classes/assets/textures/floor.jpg
14:27:04.578 [FXGL Background Thread 4 ] DEBUG FXGLAssetLoaderServi - Loading from file system: file:/home/sarvesh/IdeaProjects/FinalProjDungeonEscape/target/classes/assets/textures/mongbat.png
14:27:04.977 [FXGL Background Thread 4 ] DEBUG GameWorld            - Clearing removable entities
14:27:04.978 [FXGL Background Thread 4 ] DEBUG GameWorld            - Setting level: com.almasb.fxgl.entity.level.Level@7dc140d5
14:27:05.196 [FXGL Background Thread 4 ] INFO  FXGLApplication      - Game initialization took: 0.907 sec
14:27:05.197 [JavaFX Application Thread] DEBUG Input                - Clearing active input actions
14:27:05.240 [JavaFX Application Thread] DEBUG GameApplicationServi - Removing overlay from GameLoadingScene and adding to GameScene
14:27:05.241 [JavaFX Application Thread] DEBUG PrimaryStageWindow   - GameLoadingScene -> GameScene
14:27:06.826 [FXGL Background Thread 3 ] DEBUG Engine               - Logging environment variables
14:27:06.828 [FXGL Background Thread 3 ] DEBUG Engine               - achievements: []
14:27:06.828 [FXGL Background Thread 3 ] DEBUG Engine               - actualHeight: 688.0
14:27:06.829 [FXGL Background Thread 3 ] DEBUG Engine               - actualHeightProperty: ReadOnlyDoubleProperty [value: 688.0]
14:27:06.829 [FXGL Background Thread 3 ] DEBUG Engine               - actualWidth: 678.0
14:27:06.829 [FXGL Background Thread 3 ] DEBUG Engine               - actualWidthProperty: ReadOnlyDoubleProperty [value: 678.0]
14:27:06.829 [FXGL Background Thread 3 ] DEBUG Engine               - appIcon: fxgl_icon.png
14:27:06.830 [FXGL Background Thread 3 ] DEBUG Engine               - applicationMode: DEVELOPER
14:27:06.830 [FXGL Background Thread 3 ] DEBUG Engine               - cSSList: [fxgl_dark.css]
14:27:06.830 [FXGL Background Thread 3 ] DEBUG Engine               - collisionDetectionStrategy: BRUTE_FORCE
14:27:06.831 [FXGL Background Thread 3 ] DEBUG Engine               - configClass: Optional.empty
14:27:06.831 [FXGL Background Thread 3 ] DEBUG Engine               - credits: []
14:27:06.832 [FXGL Background Thread 3 ] DEBUG Engine               - devBBoxColorProperty: ObjectProperty [value: 0xff0000ff]
14:27:06.832 [FXGL Background Thread 3 ] DEBUG Engine               - devEnableDebugCameraProperty: BooleanProperty [value: false]
14:27:06.832 [FXGL Background Thread 3 ] DEBUG Engine               - devSensorColorProperty: ObjectProperty [value: 0xffff00ff]
14:27:06.833 [FXGL Background Thread 3 ] DEBUG Engine               - devShowBBoxProperty: BooleanProperty [value: false]
14:27:06.833 [FXGL Background Thread 3 ] DEBUG Engine               - devShowPositionProperty: BooleanProperty [value: false]
14:27:06.833 [FXGL Background Thread 3 ] DEBUG Engine               - enabledMenuItems: []
14:27:06.834 [FXGL Background Thread 3 ] DEBUG Engine               - engineServices: [class com.almasb.fxgl.app.services.FXGLAssetLoaderService, class com.almasb.fxgl.app.FXGLApplication$GameApplicationService, class com.almasb.fxgl.app.services.FXGLDialogService, class com.almasb.fxgl.app.services.IOTaskExecutorService, class com.almasb.fxgl.event.EventBusService, class com.almasb.fxgl.io.FileSystemService, class com.almasb.fxgl.localization.LocalizationService, class com.almasb.fxgl.app.services.SystemBundleService, class com.almasb.fxgl.profile.SaveLoadService, class com.almasb.fxgl.ui.FXGLUIFactoryServiceProvider, class com.almasb.fxgl.ui.FXGLDialogFactoryServiceProvider, class com.almasb.fxgl.audio.AudioPlayer, class com.almasb.fxgl.notification.impl.NotificationServiceProvider, class com.almasb.fxgl.achievement.AchievementService, class com.almasb.fxgl.cutscene.CutsceneService, class com.almasb.fxgl.minigames.MiniGameService, class com.almasb.fxgl.net.NetService, class com.almasb.fxgl.app.services.UpdaterService, class com.almasb.fxgl.dev.DevService]
14:27:06.834 [FXGL Background Thread 3 ] DEBUG Engine               - fontGame: Abel-Regular.ttf
14:27:06.835 [FXGL Background Thread 3 ] DEBUG Engine               - fontMono: lucida_console.ttf
14:27:06.835 [FXGL Background Thread 3 ] DEBUG Engine               - fontText: Courier-Prime.ttf
14:27:06.835 [FXGL Background Thread 3 ] DEBUG Engine               - fontUI: VarelaRound-Regular.ttf
14:27:06.836 [FXGL Background Thread 3 ] DEBUG Engine               - fullScreen: BooleanProperty [value: false]
14:27:06.836 [FXGL Background Thread 3 ] DEBUG Engine               - gameDifficulty: MEDIUM
14:27:06.836 [FXGL Background Thread 3 ] DEBUG Engine               - gameDifficultyProperty: ObjectProperty [value: MEDIUM]
14:27:06.837 [FXGL Background Thread 3 ] DEBUG Engine               - globalMusicVolume: 0.5
14:27:06.837 [FXGL Background Thread 3 ] DEBUG Engine               - globalMusicVolumeProperty: DoubleProperty [value: 0.5]
14:27:06.837 [FXGL Background Thread 3 ] DEBUG Engine               - globalSoundVolume: 0.5
14:27:06.838 [FXGL Background Thread 3 ] DEBUG Engine               - globalSoundVolumeProperty: DoubleProperty [value: 0.5]
14:27:06.838 [FXGL Background Thread 3 ] DEBUG Engine               - height: 680
14:27:06.838 [FXGL Background Thread 3 ] DEBUG Engine               - isAndroid: false
14:27:06.838 [FXGL Background Thread 3 ] DEBUG Engine               - isBrowser: false
14:27:06.839 [FXGL Background Thread 3 ] DEBUG Engine               - isClickFeedbackEnabled: false
14:27:06.839 [FXGL Background Thread 3 ] DEBUG Engine               - isCloseConfirmation: false
14:27:06.839 [FXGL Background Thread 3 ] DEBUG Engine               - isDesktop: true
14:27:06.840 [FXGL Background Thread 3 ] DEBUG Engine               - isDeveloperMenuEnabled: false
14:27:06.840 [FXGL Background Thread 3 ] DEBUG Engine               - isEntityPreloadEnabled: true
14:27:06.840 [FXGL Background Thread 3 ] DEBUG Engine               - isExperimental3D: false
14:27:06.840 [FXGL Background Thread 3 ] DEBUG Engine               - isExperimentalNative: false
14:27:06.841 [FXGL Background Thread 3 ] DEBUG Engine               - isExperimentalTiledLargeMap: false
14:27:06.841 [FXGL Background Thread 3 ] DEBUG Engine               - isFileSystemWriteAllowed: true
14:27:06.841 [FXGL Background Thread 3 ] DEBUG Engine               - isFullScreenAllowed: false
14:27:06.842 [FXGL Background Thread 3 ] DEBUG Engine               - isFullScreenFromStart: false
14:27:06.842 [FXGL Background Thread 3 ] DEBUG Engine               - isGameMenuEnabled: true
14:27:06.842 [FXGL Background Thread 3 ] DEBUG Engine               - isIOS: false
14:27:06.843 [FXGL Background Thread 3 ] DEBUG Engine               - isIntroEnabled: false
14:27:06.843 [FXGL Background Thread 3 ] DEBUG Engine               - isLinux: true
14:27:06.843 [FXGL Background Thread 3 ] DEBUG Engine               - isMac: false
14:27:06.843 [FXGL Background Thread 3 ] DEBUG Engine               - isMainMenuEnabled: false
14:27:06.844 [FXGL Background Thread 3 ] DEBUG Engine               - isManualResizeEnabled: true
14:27:06.844 [FXGL Background Thread 3 ] DEBUG Engine               - isMobile: false
14:27:06.844 [FXGL Background Thread 3 ] DEBUG Engine               - isPreserveResizeRatio: true
14:27:06.845 [FXGL Background Thread 3 ] DEBUG Engine               - isProfilingEnabled: false
14:27:06.845 [FXGL Background Thread 3 ] DEBUG Engine               - isScaleAffectedOnResize: true
14:27:06.845 [FXGL Background Thread 3 ] DEBUG Engine               - isSingleStep: false
14:27:06.845 [FXGL Background Thread 3 ] DEBUG Engine               - isUserProfileEnabled: false
14:27:06.845 [FXGL Background Thread 3 ] DEBUG Engine               - isWindows: false
14:27:06.846 [FXGL Background Thread 3 ] DEBUG Engine               - language: ObjectProperty [value: ENGLISH]
14:27:06.846 [FXGL Background Thread 3 ] DEBUG Engine               - menuKey: ESCAPE
14:27:06.846 [FXGL Background Thread 3 ] DEBUG Engine               - notificationViewClass: class com.almasb.fxgl.notification.view.XboxNotificationView
14:27:06.847 [FXGL Background Thread 3 ] DEBUG Engine               - pixelsPerMeter: 50.0
14:27:06.847 [FXGL Background Thread 3 ] DEBUG Engine               - platform: LINUX
14:27:06.847 [FXGL Background Thread 3 ] DEBUG Engine               - prefHeightProperty: ReadOnlyDoubleProperty [value: 680.0]
14:27:06.847 [FXGL Background Thread 3 ] DEBUG Engine               - prefWidthProperty: ReadOnlyDoubleProperty [value: 680.0]
14:27:06.847 [FXGL Background Thread 3 ] DEBUG Engine               - profileDir: profiles/
14:27:06.848 [FXGL Background Thread 3 ] DEBUG Engine               - profileName: StringProperty [value: DEFAULT]
14:27:06.848 [FXGL Background Thread 3 ] DEBUG Engine               - randomSeed: -1
14:27:06.848 [FXGL Background Thread 3 ] DEBUG Engine               - runtimeInfo: RuntimeInfo(platform=LINUX, version=11.14, build=01.03.2021 16.59)
14:27:06.848 [FXGL Background Thread 3 ] DEBUG Engine               - saveFileExt: sav
14:27:06.848 [FXGL Background Thread 3 ] DEBUG Engine               - scaledHeightProp$fxgl: DoubleProperty [bound, value: 688.0]
14:27:06.849 [FXGL Background Thread 3 ] DEBUG Engine               - scaledWidthProp$fxgl: DoubleProperty [bound, value: 678.0]
14:27:06.849 [FXGL Background Thread 3 ] DEBUG Engine               - sceneFactory: com.sarveshapps.dungeonescape.DungeonEscapeApp$1@67b8196f
14:27:06.849 [FXGL Background Thread 3 ] DEBUG Engine               - secondsIn24h: 60
14:27:06.849 [FXGL Background Thread 3 ] DEBUG Engine               - soundMenuBack: menu/back.wav
14:27:06.849 [FXGL Background Thread 3 ] DEBUG Engine               - soundMenuPress: menu/press.wav
14:27:06.850 [FXGL Background Thread 3 ] DEBUG Engine               - soundMenuSelect: menu/select.wav
14:27:06.850 [FXGL Background Thread 3 ] DEBUG Engine               - soundNotification: core/notification.wav
14:27:06.850 [FXGL Background Thread 3 ] DEBUG Engine               - stageStyle: DECORATED
14:27:06.850 [FXGL Background Thread 3 ] DEBUG Engine               - supportedLanguages: [ENGLISH, FRENCH, GERMAN, HUNGARIAN, RUSSIAN]
14:27:06.850 [FXGL Background Thread 3 ] DEBUG Engine               - ticksPerSecond: -1
14:27:06.850 [FXGL Background Thread 3 ] DEBUG Engine               - title: Dungeon Escape
14:27:06.851 [FXGL Background Thread 3 ] DEBUG Engine               - urlGithub: https://github.com/AlmasB/FXGL
14:27:06.851 [FXGL Background Thread 3 ] DEBUG Engine               - urlLeaderboard: http://fxgl-top.herokuapp.com/
14:27:06.851 [FXGL Background Thread 3 ] DEBUG Engine               - urlPOM: https://raw.githubusercontent.com/AlmasB/FXGL/release/README.md
14:27:06.851 [FXGL Background Thread 3 ] DEBUG Engine               - userAppClass: class com.sarveshapps.dungeonescape.DungeonEscapeApp
14:27:06.851 [FXGL Background Thread 3 ] DEBUG Engine               - version: 1.0
14:27:06.851 [FXGL Background Thread 3 ] DEBUG Engine               - versionCheckDays: 7
14:27:06.852 [FXGL Background Thread 3 ] DEBUG Engine               - width: 680
14:27:06.852 [FXGL Background Thread 3 ] DEBUG Engine               - Logging services
14:27:06.852 [FXGL Background Thread 3 ] DEBUG Engine               - class com.almasb.fxgl.app.services.FXGLAssetLoaderService
14:27:06.852 [FXGL Background Thread 3 ] DEBUG Engine               - class com.almasb.fxgl.app.FXGLApplication$GameApplicationService
14:27:06.852 [FXGL Background Thread 3 ] DEBUG Engine               - class com.almasb.fxgl.app.services.FXGLDialogService
14:27:06.852 [FXGL Background Thread 3 ] DEBUG Engine               - class com.almasb.fxgl.app.services.IOTaskExecutorService
14:27:06.853 [FXGL Background Thread 3 ] DEBUG Engine               - class com.almasb.fxgl.event.EventBusService
14:27:06.853 [FXGL Background Thread 3 ] DEBUG Engine               - class com.almasb.fxgl.io.FileSystemService
14:27:06.853 [FXGL Background Thread 3 ] DEBUG Engine               - class com.almasb.fxgl.localization.LocalizationService
14:27:06.853 [FXGL Background Thread 3 ] DEBUG Engine               - class com.almasb.fxgl.app.services.SystemBundleService
14:27:06.853 [FXGL Background Thread 3 ] DEBUG Engine               - class com.almasb.fxgl.profile.SaveLoadService
14:27:06.853 [FXGL Background Thread 3 ] DEBUG Engine               - class com.almasb.fxgl.ui.FXGLUIFactoryServiceProvider
14:27:06.853 [FXGL Background Thread 3 ] DEBUG Engine               - class com.almasb.fxgl.ui.FXGLDialogFactoryServiceProvider
14:27:06.853 [FXGL Background Thread 3 ] DEBUG Engine               - class com.almasb.fxgl.audio.AudioPlayer
14:27:06.854 [FXGL Background Thread 3 ] DEBUG Engine               - class com.almasb.fxgl.notification.impl.NotificationServiceProvider
14:27:06.854 [FXGL Background Thread 3 ] DEBUG Engine               - class com.almasb.fxgl.achievement.AchievementService
14:27:06.854 [FXGL Background Thread 3 ] DEBUG Engine               - class com.almasb.fxgl.cutscene.CutsceneService
14:27:06.854 [FXGL Background Thread 3 ] DEBUG Engine               - class com.almasb.fxgl.minigames.MiniGameService
14:27:06.854 [FXGL Background Thread 3 ] DEBUG Engine               - class com.almasb.fxgl.net.NetService
14:27:06.854 [FXGL Background Thread 3 ] DEBUG Engine               - class com.almasb.fxgl.app.services.UpdaterService
14:27:06.854 [FXGL Background Thread 3 ] DEBUG Engine               - class com.almasb.fxgl.dev.DevService
14:30:11.777 [JavaFX Application Thread] DEBUG FXGLAssetLoaderServi - Loading from file system: file:/home/sarvesh/IdeaProjects/FinalProjDungeonEscape/target/classes/assets/textures/shock.png
14:30:14.455 [JavaFX Application Thread] WARN  GameWorld            - Attempted to remove entity which is not active
14:30:24.653 [JavaFX Application Thread] WARN  GameWorld            - Attempted to remove entity which is not active
14:30:29.156 [JavaFX Application Thread] WARN  GameWorld            - Attempted to remove entity which is not active
14:30:50.719 [JavaFX Application Thread] WARN  GameWorld            - Attempted to remove entity which is not active
14:30:51.497 [JavaFX Application Thread] WARN  GameWorld            - Attempted to remove entity which is not active
14:30:57.749 [JavaFX Application Thread] DEBUG GameWorld            - Clearing removable entities
14:30:57.772 [JavaFX Application Thread] DEBUG GameWorld            - Setting level: com.almasb.fxgl.entity.level.Level@41777759
14:31:08.738 [JavaFX Application Thread] DEBUG GameWorld            - Clearing removable entities
14:31:08.755 [JavaFX Application Thread] DEBUG GameWorld            - Setting level: com.almasb.fxgl.entity.level.Level@76f67e23
14:31:18.099 [JavaFX Application Thread] WARN  GameWorld            - Attempted to remove entity which is not active
14:31:20.221 [JavaFX Application Thread] WARN  GameWorld            - Attempted to remove entity which is not active
14:31:21.653 [JavaFX Application Thread] DEBUG GameWorld            - Clearing removable entities
14:31:21.671 [JavaFX Application Thread] DEBUG GameWorld            - Setting level: com.almasb.fxgl.entity.level.Level@4431f1a8
14:31:31.666 [JavaFX Application Thread] WARN  GameWorld            - Attempted to remove entity which is not active
14:31:35.386 [JavaFX Application Thread] WARN  GameWorld            - Attempted to remove entity which is not active
14:31:37.743 [JavaFX Application Thread] DEBUG GameWorld            - Clearing removable entities
14:31:37.748 [JavaFX Application Thread] DEBUG GameWorld            - Setting level: com.almasb.fxgl.entity.level.Level@780010d2
14:31:41.192 [JavaFX Application Thread] DEBUG GameWorld            - Clearing removable entities
14:31:41.199 [JavaFX Application Thread] DEBUG GameWorld            - Setting level: com.almasb.fxgl.entity.level.Level@527600de
14:31:45.308 [JavaFX Application Thread] WARN  GameWorld            - Attempted to remove entity which is not active
14:31:46.755 [JavaFX Application Thread] WARN  GameWorld            - Attempted to remove entity which is not active
14:31:53.371 [JavaFX Application Thread] DEBUG PrimaryStageWindow   - Push state: DialogSubScene
14:31:53.371 [JavaFX Application Thread] DEBUG Input                - Clearing active input actions
14:31:53.421 [JavaFX Application Thread] DEBUG GameApplicationServi - Removing overlay from GameScene and adding to DialogSubScene
14:31:53.422 [JavaFX Application Thread] DEBUG PrimaryStageWindow   - GameScene -> DialogSubScene
14:31:58.902 [JavaFX Application Thread] DEBUG PrimaryStageWindow   - Pop state: DialogSubScene
14:31:58.902 [JavaFX Application Thread] DEBUG Input                - Clearing active input actions
14:31:58.905 [JavaFX Application Thread] DEBUG GameApplicationServi - Removing overlay from DialogSubScene and adding to GameScene
14:31:58.906 [JavaFX Application Thread] DEBUG PrimaryStageWindow   - GameScene <- DialogSubScene
14:31:58.920 [JavaFX Application Thread] DEBUG PrimaryStageWindow   - Push state: DialogSubScene
14:31:58.921 [JavaFX Application Thread] DEBUG Input                - Clearing active input actions
14:31:58.925 [JavaFX Application Thread] DEBUG GameApplicationServi - Removing overlay from GameScene and adding to DialogSubScene
14:31:58.926 [JavaFX Application Thread] DEBUG PrimaryStageWindow   - GameScene -> DialogSubScene
14:31:59.935 [JavaFX Application Thread] DEBUG FXGLApplication      - Exiting FXGL
14:31:59.936 [JavaFX Application Thread] DEBUG LoopRunner           - Stopping loop
14:31:59.936 [JavaFX Application Thread] DEBUG SystemBundleService  - Saving FXGL system data
14:31:59.996 [JavaFX Application Thread] DEBUG FileSystemAccess     - Writing to: /home/sarvesh/IdeaProjects/FinalProjDungeonEscape/system/fxgl.bundle
14:32:00.012 [JavaFX Application Thread] DEBUG Async                - Shutting down background threads
14:32:00.013 [JavaFX Application Thread] DEBUG PrimaryStageWindow   - Closing main window
14:32:00.027 [JavaFX Application Thread] DEBUG Logger               - Closing Logger
