14:33:42.115 [main                     ] DEBUG Logger               - Configured Logger
14:33:42.151 [main                     ] DEBUG GameApplication      - Logging settings
Title: Dungeon Escape
Version: 1.0
Width: 680
Height: 680
Fullscreen: false
Intro: false
Profiling: false
Single step:false
App Mode: DEVELOPER
Menu Key: ESCAPE
Stage Style: DECORATED
Scene Factory: class com.sarveshapps.dungeonescape.DungeonEscapeApp$1

14:33:43.091 [JavaFX Application Thread] DEBUG FXGLApplication      - Initializing FXGL
14:33:43.094 [JavaFX Application Thread] INFO  Engine               - FXGL-11.14 (01.03.2021 16.59) on LINUX (J:11.0.9.1 FX:15)
14:33:43.095 [JavaFX Application Thread] DEBUG Engine               - JRE Vendor Name: Ubuntu
14:33:43.096 [JavaFX Application Thread] DEBUG Engine               - Running on OS: Linux version 5.8.0-7630-generic
14:33:43.096 [JavaFX Application Thread] DEBUG Engine               - Architecture: amd64
14:33:43.096 [JavaFX Application Thread] INFO  Engine               - Source code and latest versions at: https://github.com/AlmasB/FXGL
14:33:43.097 [JavaFX Application Thread] INFO  Engine               -              Join the FXGL chat at: https://gitter.im/AlmasB/FXGL
14:33:43.285 [JavaFX Application Thread] DEBUG PrimaryStageWindow   - Creating a JavaFX scene
14:33:43.497 [JavaFX Application Thread] DEBUG PrimaryStageWindow   - Target settings size: 680.0 x 680.0
14:33:43.498 [JavaFX Application Thread] DEBUG PrimaryStageWindow   - Scaled scene size:    680.0 x 680.0
14:33:43.499 [JavaFX Application Thread] DEBUG PrimaryStageWindow   - Scaled ratio: (1.0, 1.0)
14:33:43.502 [JavaFX Application Thread] DEBUG PrimaryStageWindow   - Set initial scene to FXGLStartupScene
14:33:43.515 [JavaFX Application Thread] DEBUG PrimaryStageWindow   - Opening main window
14:33:43.616 [JavaFX Application Thread] DEBUG PrimaryStageWindow   - Window border size: (2.0, 29.0)
14:33:43.616 [JavaFX Application Thread] DEBUG PrimaryStageWindow   - Scaled size: 680.0 x 680.0
14:33:43.616 [JavaFX Application Thread] DEBUG PrimaryStageWindow   - Scaled ratio: (1.0, 1.0)
14:33:43.617 [JavaFX Application Thread] DEBUG PrimaryStageWindow   - Scene size: 680.0 x 680.0
14:33:43.617 [JavaFX Application Thread] DEBUG PrimaryStageWindow   - Stage size: 682.0 x 709.0
14:33:43.631 [FXGL Background Thread 1 ] DEBUG Engine               - Initializing environment variables
14:33:43.839 [FXGL Background Thread 1 ] DEBUG FXGLAssetLoaderServi - User app class for loading assets: class com.sarveshapps.dungeonescape.DungeonEscapeApp
14:33:43.839 [FXGL Background Thread 1 ] DEBUG GameApplicationServi - Applying CSS: fxgl_dark.css
14:33:43.841 [FXGL Background Thread 1 ] DEBUG FXGLAssetLoaderServi - Loading from file system: jar:file:/home/sarvesh/.m2/repository/com/github/almasb/fxgl/11.14/fxgl-11.14.jar!/fxglassets/ui/css/fxgl_dark.css
14:33:43.984 [FXGL Background Thread 1 ] DEBUG GameApplicationServi - Initializing application scenes
14:33:44.100 [FXGL Background Thread 1 ] DEBUG FXGLAssetLoaderServi - Loading from file system: file:/home/sarvesh/IdeaProjects/FinalProjDungeonEscape/target/classes/assets/textures/Pirate.png
14:33:44.183 [FXGL Background Thread 1 ] DEBUG GameWorld            - Game world initialized
14:33:44.289 [FXGL Background Thread 1 ] DEBUG PhysicsWorld         - Physics world initialized: appHeight=680, physics.ppm=50.0
14:33:44.290 [FXGL Background Thread 1 ] DEBUG PhysicsWorld         - Using strategy: BRUTE_FORCE
14:33:44.295 [FXGL Background Thread 1 ] DEBUG GameScene            - Game scene initialized: 680x680
14:33:44.316 [FXGL Background Thread 1 ] WARN  FXGL.DefaultMenu     - FXGLDefaultMenu is not designed for resolutions < 800x600
14:33:44.331 [FXGL Background Thread 1 ] DEBUG FXGLAssetLoaderServi - Loading from file system: jar:file:/home/sarvesh/.m2/repository/com/github/almasb/fxgl/11.14/fxgl-11.14.jar!/fxglassets/textures/particles/trace_horizontal.png
14:33:44.393 [FXGL Background Thread 1 ] DEBUG FXGL.DefaultMenu     - createMenuBodyGameMenu()
14:33:44.460 [FXGL Background Thread 1 ] DEBUG FXGL.DefaultMenu     - createOptionsMenu()
14:33:44.496 [FXGL Background Thread 1 ] DEBUG FXGLAssetLoaderServi - Loading from file system: jar:file:/home/sarvesh/.m2/repository/com/github/almasb/fxgl/11.14/fxgl-11.14.jar!/fxglassets/textures/particles/smoke.png
14:33:44.649 [FXGL Background Thread 1 ] DEBUG GameApplicationServi - Application scenes initialized
14:33:44.667 [FXGL Background Thread 1 ] DEBUG SystemBundleService  - Loading FXGL system data
14:33:44.672 [FXGL Background Thread 1 ] DEBUG FileSystemAccess     - Reading from: /home/sarvesh/IdeaProjects/FinalProjDungeonEscape/system/fxgl.bundle
14:33:44.680 [FXGL Background Thread 1 ] DEBUG SystemBundleService  - Bundle FXGL: {}
14:33:44.680 [FXGL Background Thread 1 ] DEBUG UpdaterService       - Checking for updates
14:33:44.698 [FXGL Background Thread 1 ] DEBUG FXGLApplication      - Loading default localization
14:33:44.699 [FXGL Background Thread 1 ] DEBUG FXGLAssetLoaderServi - Loading from file system: jar:file:/home/sarvesh/.m2/repository/com/github/almasb/fxgl/11.14/fxgl-11.14.jar!/fxglassets/languages/english.lang
14:33:44.702 [FXGL Background Thread 4 ] DEBUG FXGLApplication      - Loading fonts
14:33:44.703 [FXGL Background Thread 4 ] DEBUG FXGLAssetLoaderServi - Loading from file system: jar:file:/home/sarvesh/.m2/repository/com/github/almasb/fxgl/11.14/fxgl-11.14.jar!/fxglassets/ui/fonts/VarelaRound-Regular.ttf
14:33:44.734 [FXGL Background Thread 4 ] DEBUG FXGLAssetLoaderServi - Loading from file system: jar:file:/home/sarvesh/.m2/repository/com/github/almasb/fxgl/11.14/fxgl-11.14.jar!/fxglassets/ui/fonts/Abel-Regular.ttf
14:33:44.738 [FXGL Background Thread 4 ] DEBUG FXGLAssetLoaderServi - Loading from file system: jar:file:/home/sarvesh/.m2/repository/com/github/almasb/fxgl/11.14/fxgl-11.14.jar!/fxglassets/ui/fonts/lucida_console.ttf
14:33:44.741 [FXGL Background Thread 1 ] INFO  FXGLApplication      - FXGL initialization took: 1.111 sec
14:33:44.742 [FXGL Background Thread 4 ] DEBUG FXGLAssetLoaderServi - Loading from file system: jar:file:/home/sarvesh/.m2/repository/com/github/almasb/fxgl/11.14/fxgl-11.14.jar!/fxglassets/ui/fonts/Courier-Prime.ttf
14:33:44.764 [JavaFX Application Thread] DEBUG Input                - Registered new binding: Up - W
14:33:44.765 [JavaFX Application Thread] DEBUG Input                - Registered new binding: Down - S
14:33:44.765 [JavaFX Application Thread] DEBUG Input                - Registered new binding: Left - A
14:33:44.765 [JavaFX Application Thread] DEBUG Input                - Registered new binding: Right - D
14:33:44.766 [JavaFX Application Thread] DEBUG Input                - Registered new binding: Shoot Up - Up
14:33:44.766 [JavaFX Application Thread] DEBUG Input                - Registered new binding: Shoot Down - Down
14:33:44.766 [JavaFX Application Thread] DEBUG Input                - Registered new binding: Shoot Right - Right
14:33:44.766 [JavaFX Application Thread] DEBUG Input                - Registered new binding: Shoot Left - Left
14:33:44.768 [JavaFX Application Thread] DEBUG Input                - Registered new binding: Teleport - LMB
14:33:44.769 [JavaFX Application Thread] DEBUG FXGLAssetLoaderServi - Loading from file system: jar:file:/home/sarvesh/.m2/repository/com/github/almasb/fxgl/11.14/fxgl-11.14.jar!/fxglassets/textures/fxgl_icon.png
14:33:44.817 [JavaFX Application Thread] DEBUG FXGLAssetLoaderServi - Loading from file system: jar:file:/home/sarvesh/.m2/repository/com/github/almasb/fxgl/11.14/fxgl-11.14.jar!/fxglassets/ui/cursors/fxgl_default.png
14:33:44.824 [JavaFX Application Thread] DEBUG Input                - Registered new binding: Screenshot - P
14:33:44.825 [JavaFX Application Thread] DEBUG Input                - Registered new binding: System info dump - CTRL+9
14:33:44.830 [JavaFX Application Thread] DEBUG Input                - Registered new binding: Restart - CTRL+R
14:33:44.831 [JavaFX Application Thread] DEBUG Input                - Registered new binding: Toggle Debug Camera - CTRL+C
14:33:44.844 [JavaFX Application Thread] DEBUG LoopRunner           - Starting loop
14:33:44.845 [JavaFX Application Thread] DEBUG LoopRunner           - Initializing JavaFX AnimationTimerLoop
14:33:44.846 [JavaFX Application Thread] DEBUG GameApplicationServi - Starting new game
14:33:44.847 [JavaFX Application Thread] DEBUG Input                - Clearing active input actions
14:33:44.895 [JavaFX Application Thread] DEBUG GameApplicationServi - Removing overlay from FXGLStartupScene and adding to GameLoadingScene
14:33:44.895 [JavaFX Application Thread] DEBUG PrimaryStageWindow   - FXGLStartupScene -> GameLoadingScene
14:33:44.895 [JavaFX Application Thread] DEBUG GameApplicationServi - Clearing previous game
14:33:44.896 [JavaFX Application Thread] DEBUG GameScene            - Clearing game scene
14:33:44.896 [JavaFX Application Thread] DEBUG GameWorld            - Clearing game world
14:33:44.896 [JavaFX Application Thread] DEBUG PhysicsWorld         - Clearing physics world
14:33:44.897 [FXGL Background Thread 4 ] DEBUG FXGLApplication      - Initializing game
14:33:44.899 [FXGL Background Thread 4 ] DEBUG FXGLAssetLoaderServi - Loading from file system: file:/home/sarvesh/IdeaProjects/FinalProjDungeonEscape/target/classes/assets/textures/floor.jpg
14:33:44.913 [JavaFX Application Thread] DEBUG FXGLApplication      - Registering font factories with UI factory
14:33:45.107 [FXGL Background Thread 4 ] DEBUG FXGLAssetLoaderServi - Loading from file system: file:/home/sarvesh/IdeaProjects/FinalProjDungeonEscape/target/classes/assets/textures/mongbat.png
14:33:45.654 [FXGL Background Thread 4 ] DEBUG GameWorld            - Clearing removable entities
14:33:45.655 [FXGL Background Thread 4 ] DEBUG GameWorld            - Setting level: com.almasb.fxgl.entity.level.Level@1658774f
14:33:45.789 [FXGL Background Thread 4 ] INFO  FXGLApplication      - Game initialization took: 0.891 sec
14:33:45.790 [JavaFX Application Thread] DEBUG Input                - Clearing active input actions
14:33:45.823 [JavaFX Application Thread] DEBUG GameApplicationServi - Removing overlay from GameLoadingScene and adding to GameScene
14:33:45.823 [JavaFX Application Thread] DEBUG PrimaryStageWindow   - GameLoadingScene -> GameScene
14:33:47.687 [FXGL Background Thread 3 ] DEBUG Engine               - Logging environment variables
14:33:47.689 [FXGL Background Thread 3 ] DEBUG Engine               - achievements: []
14:33:47.690 [FXGL Background Thread 3 ] DEBUG Engine               - actualHeight: 688.0
14:33:47.690 [FXGL Background Thread 3 ] DEBUG Engine               - actualHeightProperty: ReadOnlyDoubleProperty [value: 1051.0]
14:33:47.691 [FXGL Background Thread 3 ] DEBUG Engine               - actualWidth: 678.0
14:33:47.691 [FXGL Background Thread 3 ] DEBUG Engine               - actualWidthProperty: ReadOnlyDoubleProperty [value: 1918.0]
14:33:47.691 [FXGL Background Thread 3 ] DEBUG Engine               - appIcon: fxgl_icon.png
14:33:47.692 [FXGL Background Thread 3 ] DEBUG Engine               - applicationMode: DEVELOPER
14:33:47.692 [FXGL Background Thread 3 ] DEBUG Engine               - cSSList: [fxgl_dark.css]
14:33:47.692 [FXGL Background Thread 3 ] DEBUG Engine               - collisionDetectionStrategy: BRUTE_FORCE
14:33:47.692 [FXGL Background Thread 3 ] DEBUG Engine               - configClass: Optional.empty
14:33:47.693 [FXGL Background Thread 3 ] DEBUG Engine               - credits: []
14:33:47.693 [FXGL Background Thread 3 ] DEBUG Engine               - devBBoxColorProperty: ObjectProperty [value: 0xff0000ff]
14:33:47.694 [FXGL Background Thread 3 ] DEBUG Engine               - devEnableDebugCameraProperty: BooleanProperty [value: false]
14:33:47.695 [FXGL Background Thread 3 ] DEBUG Engine               - devSensorColorProperty: ObjectProperty [value: 0xffff00ff]
14:33:47.695 [FXGL Background Thread 3 ] DEBUG Engine               - devShowBBoxProperty: BooleanProperty [value: false]
14:33:47.695 [FXGL Background Thread 3 ] DEBUG Engine               - devShowPositionProperty: BooleanProperty [value: false]
14:33:47.696 [FXGL Background Thread 3 ] DEBUG Engine               - enabledMenuItems: []
14:33:47.696 [FXGL Background Thread 3 ] DEBUG Engine               - engineServices: [class com.almasb.fxgl.app.services.FXGLAssetLoaderService, class com.almasb.fxgl.app.FXGLApplication$GameApplicationService, class com.almasb.fxgl.app.services.FXGLDialogService, class com.almasb.fxgl.app.services.IOTaskExecutorService, class com.almasb.fxgl.event.EventBusService, class com.almasb.fxgl.io.FileSystemService, class com.almasb.fxgl.localization.LocalizationService, class com.almasb.fxgl.app.services.SystemBundleService, class com.almasb.fxgl.profile.SaveLoadService, class com.almasb.fxgl.ui.FXGLUIFactoryServiceProvider, class com.almasb.fxgl.ui.FXGLDialogFactoryServiceProvider, class com.almasb.fxgl.audio.AudioPlayer, class com.almasb.fxgl.notification.impl.NotificationServiceProvider, class com.almasb.fxgl.achievement.AchievementService, class com.almasb.fxgl.cutscene.CutsceneService, class com.almasb.fxgl.minigames.MiniGameService, class com.almasb.fxgl.net.NetService, class com.almasb.fxgl.app.services.UpdaterService, class com.almasb.fxgl.dev.DevService]
14:33:47.697 [FXGL Background Thread 3 ] DEBUG Engine               - fontGame: Abel-Regular.ttf
14:33:47.697 [FXGL Background Thread 3 ] DEBUG Engine               - fontMono: lucida_console.ttf
14:33:47.698 [FXGL Background Thread 3 ] DEBUG Engine               - fontText: Courier-Prime.ttf
14:33:47.698 [FXGL Background Thread 3 ] DEBUG Engine               - fontUI: VarelaRound-Regular.ttf
14:33:47.699 [FXGL Background Thread 3 ] DEBUG Engine               - fullScreen: BooleanProperty [value: false]
14:33:47.699 [FXGL Background Thread 3 ] DEBUG Engine               - gameDifficulty: MEDIUM
14:33:47.699 [FXGL Background Thread 3 ] DEBUG Engine               - gameDifficultyProperty: ObjectProperty [value: MEDIUM]
14:33:47.700 [FXGL Background Thread 3 ] DEBUG Engine               - globalMusicVolume: 0.5
14:33:47.700 [FXGL Background Thread 3 ] DEBUG Engine               - globalMusicVolumeProperty: DoubleProperty [value: 0.5]
14:33:47.701 [FXGL Background Thread 3 ] DEBUG Engine               - globalSoundVolume: 0.5
14:33:47.701 [FXGL Background Thread 3 ] DEBUG Engine               - globalSoundVolumeProperty: DoubleProperty [value: 0.5]
14:33:47.702 [FXGL Background Thread 3 ] DEBUG Engine               - height: 680
14:33:47.702 [FXGL Background Thread 3 ] DEBUG Engine               - isAndroid: false
14:33:47.703 [FXGL Background Thread 3 ] DEBUG Engine               - isBrowser: false
14:33:47.703 [FXGL Background Thread 3 ] DEBUG Engine               - isClickFeedbackEnabled: false
14:33:47.704 [FXGL Background Thread 3 ] DEBUG Engine               - isCloseConfirmation: false
14:33:47.704 [FXGL Background Thread 3 ] DEBUG Engine               - isDesktop: true
14:33:47.704 [FXGL Background Thread 3 ] DEBUG Engine               - isDeveloperMenuEnabled: false
14:33:47.705 [FXGL Background Thread 3 ] DEBUG Engine               - isEntityPreloadEnabled: true
14:33:47.705 [FXGL Background Thread 3 ] DEBUG Engine               - isExperimental3D: false
14:33:47.705 [FXGL Background Thread 3 ] DEBUG Engine               - isExperimentalNative: false
14:33:47.706 [FXGL Background Thread 3 ] DEBUG Engine               - isExperimentalTiledLargeMap: false
14:33:47.706 [FXGL Background Thread 3 ] DEBUG Engine               - isFileSystemWriteAllowed: true
14:33:47.706 [FXGL Background Thread 3 ] DEBUG Engine               - isFullScreenAllowed: false
14:33:47.707 [FXGL Background Thread 3 ] DEBUG Engine               - isFullScreenFromStart: false
14:33:47.707 [FXGL Background Thread 3 ] DEBUG Engine               - isGameMenuEnabled: true
14:33:47.707 [FXGL Background Thread 3 ] DEBUG Engine               - isIOS: false
14:33:47.707 [FXGL Background Thread 3 ] DEBUG Engine               - isIntroEnabled: false
14:33:47.708 [FXGL Background Thread 3 ] DEBUG Engine               - isLinux: true
14:33:47.708 [FXGL Background Thread 3 ] DEBUG Engine               - isMac: false
14:33:47.708 [FXGL Background Thread 3 ] DEBUG Engine               - isMainMenuEnabled: false
14:33:47.708 [FXGL Background Thread 3 ] DEBUG Engine               - isManualResizeEnabled: true
14:33:47.708 [FXGL Background Thread 3 ] DEBUG Engine               - isMobile: false
14:33:47.708 [FXGL Background Thread 3 ] DEBUG Engine               - isPreserveResizeRatio: true
14:33:47.709 [FXGL Background Thread 3 ] DEBUG Engine               - isProfilingEnabled: false
14:33:47.709 [FXGL Background Thread 3 ] DEBUG Engine               - isScaleAffectedOnResize: true
14:33:47.709 [FXGL Background Thread 3 ] DEBUG Engine               - isSingleStep: false
14:33:47.709 [FXGL Background Thread 3 ] DEBUG Engine               - isUserProfileEnabled: false
14:33:47.709 [FXGL Background Thread 3 ] DEBUG Engine               - isWindows: false
14:33:47.710 [FXGL Background Thread 3 ] DEBUG Engine               - language: ObjectProperty [value: ENGLISH]
14:33:47.710 [FXGL Background Thread 3 ] DEBUG Engine               - menuKey: ESCAPE
14:33:47.710 [FXGL Background Thread 3 ] DEBUG Engine               - notificationViewClass: class com.almasb.fxgl.notification.view.XboxNotificationView
14:33:47.710 [FXGL Background Thread 3 ] DEBUG Engine               - pixelsPerMeter: 50.0
14:33:47.710 [FXGL Background Thread 3 ] DEBUG Engine               - platform: LINUX
14:33:47.711 [FXGL Background Thread 3 ] DEBUG Engine               - prefHeightProperty: ReadOnlyDoubleProperty [value: 680.0]
14:33:47.711 [FXGL Background Thread 3 ] DEBUG Engine               - prefWidthProperty: ReadOnlyDoubleProperty [value: 680.0]
14:33:47.711 [FXGL Background Thread 3 ] DEBUG Engine               - profileDir: profiles/
14:33:47.711 [FXGL Background Thread 3 ] DEBUG Engine               - profileName: StringProperty [value: DEFAULT]
14:33:47.711 [FXGL Background Thread 3 ] DEBUG Engine               - randomSeed: -1
14:33:47.711 [FXGL Background Thread 3 ] DEBUG Engine               - runtimeInfo: RuntimeInfo(platform=LINUX, version=11.14, build=01.03.2021 16.59)
14:33:47.712 [FXGL Background Thread 3 ] DEBUG Engine               - saveFileExt: sav
14:33:47.712 [FXGL Background Thread 3 ] DEBUG Engine               - scaledHeightProp$fxgl: DoubleProperty [bound, value: 1051.0]
14:33:47.712 [FXGL Background Thread 3 ] DEBUG Engine               - scaledWidthProp$fxgl: DoubleProperty [bound, value: 1918.0]
14:33:47.712 [FXGL Background Thread 3 ] DEBUG Engine               - sceneFactory: com.sarveshapps.dungeonescape.DungeonEscapeApp$1@1c1a9531
14:33:47.712 [FXGL Background Thread 3 ] DEBUG Engine               - secondsIn24h: 60
14:33:47.713 [FXGL Background Thread 3 ] DEBUG Engine               - soundMenuBack: menu/back.wav
14:33:47.713 [FXGL Background Thread 3 ] DEBUG Engine               - soundMenuPress: menu/press.wav
14:33:47.713 [FXGL Background Thread 3 ] DEBUG Engine               - soundMenuSelect: menu/select.wav
14:33:47.713 [FXGL Background Thread 3 ] DEBUG Engine               - soundNotification: core/notification.wav
14:33:47.713 [FXGL Background Thread 3 ] DEBUG Engine               - stageStyle: DECORATED
14:33:47.714 [FXGL Background Thread 3 ] DEBUG Engine               - supportedLanguages: [ENGLISH, FRENCH, GERMAN, HUNGARIAN, RUSSIAN]
14:33:47.714 [FXGL Background Thread 3 ] DEBUG Engine               - ticksPerSecond: -1
14:33:47.714 [FXGL Background Thread 3 ] DEBUG Engine               - title: Dungeon Escape
14:33:47.714 [FXGL Background Thread 3 ] DEBUG Engine               - urlGithub: https://github.com/AlmasB/FXGL
14:33:47.714 [FXGL Background Thread 3 ] DEBUG Engine               - urlLeaderboard: http://fxgl-top.herokuapp.com/
14:33:47.715 [FXGL Background Thread 3 ] DEBUG Engine               - urlPOM: https://raw.githubusercontent.com/AlmasB/FXGL/release/README.md
14:33:47.715 [FXGL Background Thread 3 ] DEBUG Engine               - userAppClass: class com.sarveshapps.dungeonescape.DungeonEscapeApp
14:33:47.715 [FXGL Background Thread 3 ] DEBUG Engine               - version: 1.0
14:33:47.715 [FXGL Background Thread 3 ] DEBUG Engine               - versionCheckDays: 7
14:33:47.716 [FXGL Background Thread 3 ] DEBUG Engine               - width: 680
14:33:47.716 [FXGL Background Thread 3 ] DEBUG Engine               - Logging services
14:33:47.716 [FXGL Background Thread 3 ] DEBUG Engine               - class com.almasb.fxgl.app.services.FXGLAssetLoaderService
14:33:47.716 [FXGL Background Thread 3 ] DEBUG Engine               - class com.almasb.fxgl.app.FXGLApplication$GameApplicationService
14:33:47.716 [FXGL Background Thread 3 ] DEBUG Engine               - class com.almasb.fxgl.app.services.FXGLDialogService
14:33:47.716 [FXGL Background Thread 3 ] DEBUG Engine               - class com.almasb.fxgl.app.services.IOTaskExecutorService
14:33:47.716 [FXGL Background Thread 3 ] DEBUG Engine               - class com.almasb.fxgl.event.EventBusService
14:33:47.716 [FXGL Background Thread 3 ] DEBUG Engine               - class com.almasb.fxgl.io.FileSystemService
14:33:47.716 [FXGL Background Thread 3 ] DEBUG Engine               - class com.almasb.fxgl.localization.LocalizationService
14:33:47.717 [FXGL Background Thread 3 ] DEBUG Engine               - class com.almasb.fxgl.app.services.SystemBundleService
14:33:47.717 [FXGL Background Thread 3 ] DEBUG Engine               - class com.almasb.fxgl.profile.SaveLoadService
14:33:47.717 [FXGL Background Thread 3 ] DEBUG Engine               - class com.almasb.fxgl.ui.FXGLUIFactoryServiceProvider
14:33:47.717 [FXGL Background Thread 3 ] DEBUG Engine               - class com.almasb.fxgl.ui.FXGLDialogFactoryServiceProvider
14:33:47.717 [FXGL Background Thread 3 ] DEBUG Engine               - class com.almasb.fxgl.audio.AudioPlayer
14:33:47.717 [FXGL Background Thread 3 ] DEBUG Engine               - class com.almasb.fxgl.notification.impl.NotificationServiceProvider
14:33:47.717 [FXGL Background Thread 3 ] DEBUG Engine               - class com.almasb.fxgl.achievement.AchievementService
14:33:47.717 [FXGL Background Thread 3 ] DEBUG Engine               - class com.almasb.fxgl.cutscene.CutsceneService
14:33:47.717 [FXGL Background Thread 3 ] DEBUG Engine               - class com.almasb.fxgl.minigames.MiniGameService
14:33:47.717 [FXGL Background Thread 3 ] DEBUG Engine               - class com.almasb.fxgl.net.NetService
14:33:47.718 [FXGL Background Thread 3 ] DEBUG Engine               - class com.almasb.fxgl.app.services.UpdaterService
14:33:47.718 [FXGL Background Thread 3 ] DEBUG Engine               - class com.almasb.fxgl.dev.DevService
14:33:48.401 [JavaFX Application Thread] DEBUG FXGLAssetLoaderServi - Loading from file system: file:/home/sarvesh/IdeaProjects/FinalProjDungeonEscape/target/classes/assets/textures/shock.png
14:34:15.595 [JavaFX Application Thread] DEBUG GameWorld            - Clearing removable entities
14:34:15.614 [JavaFX Application Thread] DEBUG GameWorld            - Setting level: com.almasb.fxgl.entity.level.Level@485f242d
14:34:18.297 [JavaFX Application Thread] DEBUG FXGLApplication      - Exiting FXGL
14:34:18.298 [JavaFX Application Thread] DEBUG LoopRunner           - Stopping loop
14:34:18.299 [JavaFX Application Thread] DEBUG SystemBundleService  - Saving FXGL system data
14:34:18.307 [JavaFX Application Thread] DEBUG FileSystemAccess     - Writing to: /home/sarvesh/IdeaProjects/FinalProjDungeonEscape/system/fxgl.bundle
14:34:18.313 [JavaFX Application Thread] DEBUG Async                - Shutting down background threads
14:34:18.317 [JavaFX Application Thread] DEBUG PrimaryStageWindow   - Closing main window
14:34:18.322 [JavaFX Application Thread] DEBUG Logger               - Closing Logger
