14:43:57.337 [main                     ] DEBUG Logger               - Configured Logger
14:43:57.414 [main                     ] DEBUG GameApplication      - Logging settings
Title: Dungeon Escape
Version: 1.0
Width: 680
Height: 680
Fullscreen: false
Intro: false
Profiling: false
Single step:false
App Mode: DEVELOPER
Menu Key: ESCAPE
Stage Style: DECORATED
Scene Factory: class com.sarveshapps.dungeonescape.DungeonEscapeApp$1

14:43:58.380 [JavaFX Application Thread] DEBUG FXGLApplication      - Initializing FXGL
14:43:58.384 [JavaFX Application Thread] INFO  Engine               - FXGL-11.14 (01.03.2021 16.59) on LINUX (J:11.0.9.1 FX:15)
14:43:58.386 [JavaFX Application Thread] DEBUG Engine               - JRE Vendor Name: Ubuntu
14:43:58.386 [JavaFX Application Thread] DEBUG Engine               - Running on OS: Linux version 5.8.0-7630-generic
14:43:58.387 [JavaFX Application Thread] DEBUG Engine               - Architecture: amd64
14:43:58.387 [JavaFX Application Thread] INFO  Engine               - Source code and latest versions at: https://github.com/AlmasB/FXGL
14:43:58.389 [JavaFX Application Thread] INFO  Engine               -              Join the FXGL chat at: https://gitter.im/AlmasB/FXGL
14:43:58.663 [JavaFX Application Thread] DEBUG PrimaryStageWindow   - Creating a JavaFX scene
14:43:58.911 [JavaFX Application Thread] DEBUG PrimaryStageWindow   - Target settings size: 680.0 x 680.0
14:43:58.913 [JavaFX Application Thread] DEBUG PrimaryStageWindow   - Scaled scene size:    680.0 x 680.0
14:43:58.913 [JavaFX Application Thread] DEBUG PrimaryStageWindow   - Scaled ratio: (1.0, 1.0)
14:43:58.918 [JavaFX Application Thread] DEBUG PrimaryStageWindow   - Set initial scene to FXGLStartupScene
14:43:58.934 [JavaFX Application Thread] DEBUG PrimaryStageWindow   - Opening main window
14:43:59.080 [JavaFX Application Thread] DEBUG PrimaryStageWindow   - Window border size: (2.0, 29.0)
14:43:59.081 [JavaFX Application Thread] DEBUG PrimaryStageWindow   - Scaled size: 680.0 x 680.0
14:43:59.081 [JavaFX Application Thread] DEBUG PrimaryStageWindow   - Scaled ratio: (1.0, 1.0)
14:43:59.081 [JavaFX Application Thread] DEBUG PrimaryStageWindow   - Scene size: 680.0 x 680.0
14:43:59.081 [JavaFX Application Thread] DEBUG PrimaryStageWindow   - Stage size: 682.0 x 709.0
14:43:59.110 [FXGL Background Thread 1 ] DEBUG Engine               - Initializing environment variables
14:43:59.253 [FXGL Background Thread 1 ] DEBUG FXGLAssetLoaderServi - User app class for loading assets: class com.sarveshapps.dungeonescape.DungeonEscapeApp
14:43:59.260 [FXGL Background Thread 1 ] DEBUG GameApplicationServi - Applying CSS: fxgl_dark.css
14:43:59.262 [FXGL Background Thread 1 ] DEBUG FXGLAssetLoaderServi - Loading from file system: jar:file:/home/sarvesh/.m2/repository/com/github/almasb/fxgl/11.14/fxgl-11.14.jar!/fxglassets/ui/css/fxgl_dark.css
14:43:59.398 [FXGL Background Thread 1 ] DEBUG GameApplicationServi - Initializing application scenes
14:43:59.532 [FXGL Background Thread 1 ] DEBUG FXGLAssetLoaderServi - Loading from file system: file:/home/sarvesh/IdeaProjects/FinalProjDungeonEscape/target/classes/assets/textures/Pirate.png
14:43:59.581 [FXGL Background Thread 1 ] DEBUG GameWorld            - Game world initialized
14:43:59.673 [FXGL Background Thread 1 ] DEBUG PhysicsWorld         - Physics world initialized: appHeight=680, physics.ppm=50.0
14:43:59.674 [FXGL Background Thread 1 ] DEBUG PhysicsWorld         - Using strategy: BRUTE_FORCE
14:43:59.678 [FXGL Background Thread 1 ] DEBUG GameScene            - Game scene initialized: 680x680
14:43:59.696 [FXGL Background Thread 1 ] WARN  FXGL.DefaultMenu     - FXGLDefaultMenu is not designed for resolutions < 800x600
14:43:59.710 [FXGL Background Thread 1 ] DEBUG FXGLAssetLoaderServi - Loading from file system: jar:file:/home/sarvesh/.m2/repository/com/github/almasb/fxgl/11.14/fxgl-11.14.jar!/fxglassets/textures/particles/trace_horizontal.png
14:43:59.762 [FXGL Background Thread 1 ] DEBUG FXGL.DefaultMenu     - createMenuBodyGameMenu()
14:43:59.794 [FXGL Background Thread 1 ] DEBUG FXGL.DefaultMenu     - createOptionsMenu()
14:43:59.804 [FXGL Background Thread 1 ] DEBUG FXGLAssetLoaderServi - Loading from file system: jar:file:/home/sarvesh/.m2/repository/com/github/almasb/fxgl/11.14/fxgl-11.14.jar!/fxglassets/textures/particles/smoke.png
14:43:59.930 [FXGL Background Thread 1 ] DEBUG GameApplicationServi - Application scenes initialized
14:43:59.945 [FXGL Background Thread 1 ] DEBUG SystemBundleService  - Loading FXGL system data
14:43:59.949 [FXGL Background Thread 1 ] DEBUG FileSystemAccess     - Reading from: /home/sarvesh/IdeaProjects/FinalProjDungeonEscape/system/fxgl.bundle
14:43:59.955 [FXGL Background Thread 1 ] DEBUG SystemBundleService  - Bundle FXGL: {}
14:43:59.956 [FXGL Background Thread 1 ] DEBUG UpdaterService       - Checking for updates
14:43:59.964 [FXGL Background Thread 1 ] DEBUG FXGLApplication      - Loading default localization
14:43:59.964 [FXGL Background Thread 1 ] DEBUG FXGLAssetLoaderServi - Loading from file system: jar:file:/home/sarvesh/.m2/repository/com/github/almasb/fxgl/11.14/fxgl-11.14.jar!/fxglassets/languages/english.lang
14:43:59.963 [FXGL Background Thread 4 ] DEBUG FXGLApplication      - Loading fonts
14:43:59.968 [FXGL Background Thread 4 ] DEBUG FXGLAssetLoaderServi - Loading from file system: jar:file:/home/sarvesh/.m2/repository/com/github/almasb/fxgl/11.14/fxgl-11.14.jar!/fxglassets/ui/fonts/VarelaRound-Regular.ttf
14:43:59.981 [FXGL Background Thread 4 ] DEBUG FXGLAssetLoaderServi - Loading from file system: jar:file:/home/sarvesh/.m2/repository/com/github/almasb/fxgl/11.14/fxgl-11.14.jar!/fxglassets/ui/fonts/Abel-Regular.ttf
14:43:59.985 [FXGL Background Thread 1 ] INFO  FXGLApplication      - FXGL initialization took: 0.874 sec
14:43:59.985 [FXGL Background Thread 4 ] DEBUG FXGLAssetLoaderServi - Loading from file system: jar:file:/home/sarvesh/.m2/repository/com/github/almasb/fxgl/11.14/fxgl-11.14.jar!/fxglassets/ui/fonts/lucida_console.ttf
14:44:00.001 [JavaFX Application Thread] DEBUG Input                - Registered new binding: Up - W
14:44:00.002 [JavaFX Application Thread] DEBUG Input                - Registered new binding: Down - S
14:44:00.002 [JavaFX Application Thread] DEBUG Input                - Registered new binding: Left - A
14:44:00.002 [FXGL Background Thread 4 ] DEBUG FXGLAssetLoaderServi - Loading from file system: jar:file:/home/sarvesh/.m2/repository/com/github/almasb/fxgl/11.14/fxgl-11.14.jar!/fxglassets/ui/fonts/Courier-Prime.ttf
14:44:00.002 [JavaFX Application Thread] DEBUG Input                - Registered new binding: Right - D
14:44:00.002 [JavaFX Application Thread] DEBUG Input                - Registered new binding: Shoot Up - Up
14:44:00.003 [JavaFX Application Thread] DEBUG Input                - Registered new binding: Shoot Down - Down
14:44:00.003 [JavaFX Application Thread] DEBUG Input                - Registered new binding: Shoot Right - Right
14:44:00.003 [JavaFX Application Thread] DEBUG Input                - Registered new binding: Shoot Left - Left
14:44:00.006 [JavaFX Application Thread] DEBUG Input                - Registered new binding: Teleport - LMB
14:44:00.007 [JavaFX Application Thread] DEBUG FXGLAssetLoaderServi - Loading from file system: jar:file:/home/sarvesh/.m2/repository/com/github/almasb/fxgl/11.14/fxgl-11.14.jar!/fxglassets/textures/fxgl_icon.png
14:44:00.056 [JavaFX Application Thread] DEBUG FXGLAssetLoaderServi - Loading from file system: jar:file:/home/sarvesh/.m2/repository/com/github/almasb/fxgl/11.14/fxgl-11.14.jar!/fxglassets/ui/cursors/fxgl_default.png
14:44:00.061 [JavaFX Application Thread] DEBUG Input                - Registered new binding: Screenshot - P
14:44:00.067 [JavaFX Application Thread] DEBUG Input                - Registered new binding: System info dump - CTRL+9
14:44:00.067 [JavaFX Application Thread] DEBUG Input                - Registered new binding: Restart - CTRL+R
14:44:00.069 [JavaFX Application Thread] DEBUG Input                - Registered new binding: Toggle Debug Camera - CTRL+C
14:44:00.073 [JavaFX Application Thread] DEBUG LoopRunner           - Starting loop
14:44:00.074 [JavaFX Application Thread] DEBUG LoopRunner           - Initializing JavaFX AnimationTimerLoop
14:44:00.075 [JavaFX Application Thread] DEBUG GameApplicationServi - Starting new game
14:44:00.076 [JavaFX Application Thread] DEBUG Input                - Clearing active input actions
14:44:00.111 [JavaFX Application Thread] DEBUG GameApplicationServi - Removing overlay from FXGLStartupScene and adding to GameLoadingScene
14:44:00.112 [JavaFX Application Thread] DEBUG PrimaryStageWindow   - FXGLStartupScene -> GameLoadingScene
14:44:00.112 [JavaFX Application Thread] DEBUG GameApplicationServi - Clearing previous game
14:44:00.112 [JavaFX Application Thread] DEBUG GameScene            - Clearing game scene
14:44:00.112 [JavaFX Application Thread] DEBUG GameWorld            - Clearing game world
14:44:00.113 [JavaFX Application Thread] DEBUG PhysicsWorld         - Clearing physics world
14:44:00.114 [FXGL Background Thread 4 ] DEBUG FXGLApplication      - Initializing game
14:44:00.115 [FXGL Background Thread 4 ] DEBUG FXGLAssetLoaderServi - Loading from file system: file:/home/sarvesh/IdeaProjects/FinalProjDungeonEscape/target/classes/assets/textures/floor.jpg
14:44:00.118 [JavaFX Application Thread] DEBUG FXGLApplication      - Registering font factories with UI factory
14:44:00.318 [FXGL Background Thread 4 ] DEBUG FXGLAssetLoaderServi - Loading from file system: file:/home/sarvesh/IdeaProjects/FinalProjDungeonEscape/target/classes/assets/textures/mongbat.png
14:44:00.719 [FXGL Background Thread 4 ] DEBUG GameWorld            - Clearing removable entities
14:44:00.755 [FXGL Background Thread 4 ] DEBUG GameWorld            - Setting level: com.almasb.fxgl.entity.level.Level@54df313b
14:44:00.911 [FXGL Background Thread 4 ] INFO  FXGLApplication      - Game initialization took: 0.797 sec
14:44:00.912 [JavaFX Application Thread] DEBUG Input                - Clearing active input actions
14:44:00.975 [JavaFX Application Thread] DEBUG GameApplicationServi - Removing overlay from GameLoadingScene and adding to GameScene
14:44:00.976 [JavaFX Application Thread] DEBUG PrimaryStageWindow   - GameLoadingScene -> GameScene
14:44:02.960 [FXGL Background Thread 3 ] DEBUG Engine               - Logging environment variables
14:44:02.963 [FXGL Background Thread 3 ] DEBUG Engine               - achievements: []
14:44:02.964 [FXGL Background Thread 3 ] DEBUG Engine               - actualHeight: 688.0
14:44:02.965 [FXGL Background Thread 3 ] DEBUG Engine               - actualHeightProperty: ReadOnlyDoubleProperty [value: 688.0]
14:44:02.965 [FXGL Background Thread 3 ] DEBUG Engine               - actualWidth: 678.0
14:44:02.966 [FXGL Background Thread 3 ] DEBUG Engine               - actualWidthProperty: ReadOnlyDoubleProperty [value: 678.0]
14:44:02.966 [FXGL Background Thread 3 ] DEBUG Engine               - appIcon: fxgl_icon.png
14:44:02.967 [FXGL Background Thread 3 ] DEBUG Engine               - applicationMode: DEVELOPER
14:44:02.967 [FXGL Background Thread 3 ] DEBUG Engine               - cSSList: [fxgl_dark.css]
14:44:02.968 [FXGL Background Thread 3 ] DEBUG Engine               - collisionDetectionStrategy: BRUTE_FORCE
14:44:02.968 [FXGL Background Thread 3 ] DEBUG Engine               - configClass: Optional.empty
14:44:02.969 [FXGL Background Thread 3 ] DEBUG Engine               - credits: []
14:44:02.970 [FXGL Background Thread 3 ] DEBUG Engine               - devBBoxColorProperty: ObjectProperty [value: 0xff0000ff]
14:44:02.970 [FXGL Background Thread 3 ] DEBUG Engine               - devEnableDebugCameraProperty: BooleanProperty [value: false]
14:44:02.971 [FXGL Background Thread 3 ] DEBUG Engine               - devSensorColorProperty: ObjectProperty [value: 0xffff00ff]
14:44:02.971 [FXGL Background Thread 3 ] DEBUG Engine               - devShowBBoxProperty: BooleanProperty [value: false]
14:44:02.972 [FXGL Background Thread 3 ] DEBUG Engine               - devShowPositionProperty: BooleanProperty [value: false]
14:44:02.973 [FXGL Background Thread 3 ] DEBUG Engine               - enabledMenuItems: []
14:44:02.975 [FXGL Background Thread 3 ] DEBUG Engine               - engineServices: [class com.almasb.fxgl.app.services.FXGLAssetLoaderService, class com.almasb.fxgl.app.FXGLApplication$GameApplicationService, class com.almasb.fxgl.app.services.FXGLDialogService, class com.almasb.fxgl.app.services.IOTaskExecutorService, class com.almasb.fxgl.event.EventBusService, class com.almasb.fxgl.io.FileSystemService, class com.almasb.fxgl.localization.LocalizationService, class com.almasb.fxgl.app.services.SystemBundleService, class com.almasb.fxgl.profile.SaveLoadService, class com.almasb.fxgl.ui.FXGLUIFactoryServiceProvider, class com.almasb.fxgl.ui.FXGLDialogFactoryServiceProvider, class com.almasb.fxgl.audio.AudioPlayer, class com.almasb.fxgl.notification.impl.NotificationServiceProvider, class com.almasb.fxgl.achievement.AchievementService, class com.almasb.fxgl.cutscene.CutsceneService, class com.almasb.fxgl.minigames.MiniGameService, class com.almasb.fxgl.net.NetService, class com.almasb.fxgl.app.services.UpdaterService, class com.almasb.fxgl.dev.DevService]
14:44:02.976 [FXGL Background Thread 3 ] DEBUG Engine               - fontGame: Abel-Regular.ttf
14:44:02.976 [FXGL Background Thread 3 ] DEBUG Engine               - fontMono: lucida_console.ttf
14:44:02.976 [FXGL Background Thread 3 ] DEBUG Engine               - fontText: Courier-Prime.ttf
14:44:02.976 [FXGL Background Thread 3 ] DEBUG Engine               - fontUI: VarelaRound-Regular.ttf
14:44:02.977 [FXGL Background Thread 3 ] DEBUG Engine               - fullScreen: BooleanProperty [value: false]
14:44:02.977 [FXGL Background Thread 3 ] DEBUG Engine               - gameDifficulty: MEDIUM
14:44:02.977 [FXGL Background Thread 3 ] DEBUG Engine               - gameDifficultyProperty: ObjectProperty [value: MEDIUM]
14:44:02.977 [FXGL Background Thread 3 ] DEBUG Engine               - globalMusicVolume: 0.5
14:44:02.978 [FXGL Background Thread 3 ] DEBUG Engine               - globalMusicVolumeProperty: DoubleProperty [value: 0.5]
14:44:02.978 [FXGL Background Thread 3 ] DEBUG Engine               - globalSoundVolume: 0.5
14:44:02.978 [FXGL Background Thread 3 ] DEBUG Engine               - globalSoundVolumeProperty: DoubleProperty [value: 0.5]
14:44:02.979 [FXGL Background Thread 3 ] DEBUG Engine               - height: 680
14:44:02.979 [FXGL Background Thread 3 ] DEBUG Engine               - isAndroid: false
14:44:02.979 [FXGL Background Thread 3 ] DEBUG Engine               - isBrowser: false
14:44:02.980 [FXGL Background Thread 3 ] DEBUG Engine               - isClickFeedbackEnabled: false
14:44:02.980 [FXGL Background Thread 3 ] DEBUG Engine               - isCloseConfirmation: false
14:44:02.980 [FXGL Background Thread 3 ] DEBUG Engine               - isDesktop: true
14:44:02.980 [FXGL Background Thread 3 ] DEBUG Engine               - isDeveloperMenuEnabled: false
14:44:02.980 [FXGL Background Thread 3 ] DEBUG Engine               - isEntityPreloadEnabled: true
14:44:02.980 [FXGL Background Thread 3 ] DEBUG Engine               - isExperimental3D: false
14:44:02.981 [FXGL Background Thread 3 ] DEBUG Engine               - isExperimentalNative: false
14:44:02.981 [FXGL Background Thread 3 ] DEBUG Engine               - isExperimentalTiledLargeMap: false
14:44:02.981 [FXGL Background Thread 3 ] DEBUG Engine               - isFileSystemWriteAllowed: true
14:44:02.981 [FXGL Background Thread 3 ] DEBUG Engine               - isFullScreenAllowed: false
14:44:02.981 [FXGL Background Thread 3 ] DEBUG Engine               - isFullScreenFromStart: false
14:44:02.982 [FXGL Background Thread 3 ] DEBUG Engine               - isGameMenuEnabled: true
14:44:02.982 [FXGL Background Thread 3 ] DEBUG Engine               - isIOS: false
14:44:02.982 [FXGL Background Thread 3 ] DEBUG Engine               - isIntroEnabled: false
14:44:02.982 [FXGL Background Thread 3 ] DEBUG Engine               - isLinux: true
14:44:02.983 [FXGL Background Thread 3 ] DEBUG Engine               - isMac: false
14:44:02.983 [FXGL Background Thread 3 ] DEBUG Engine               - isMainMenuEnabled: false
14:44:02.983 [FXGL Background Thread 3 ] DEBUG Engine               - isManualResizeEnabled: true
14:44:02.983 [FXGL Background Thread 3 ] DEBUG Engine               - isMobile: false
14:44:02.983 [FXGL Background Thread 3 ] DEBUG Engine               - isPreserveResizeRatio: true
14:44:02.983 [FXGL Background Thread 3 ] DEBUG Engine               - isProfilingEnabled: false
14:44:02.984 [FXGL Background Thread 3 ] DEBUG Engine               - isScaleAffectedOnResize: true
14:44:02.984 [FXGL Background Thread 3 ] DEBUG Engine               - isSingleStep: false
14:44:02.984 [FXGL Background Thread 3 ] DEBUG Engine               - isUserProfileEnabled: false
14:44:02.984 [FXGL Background Thread 3 ] DEBUG Engine               - isWindows: false
14:44:02.984 [FXGL Background Thread 3 ] DEBUG Engine               - language: ObjectProperty [value: ENGLISH]
14:44:02.984 [FXGL Background Thread 3 ] DEBUG Engine               - menuKey: ESCAPE
14:44:02.985 [FXGL Background Thread 3 ] DEBUG Engine               - notificationViewClass: class com.almasb.fxgl.notification.view.XboxNotificationView
14:44:02.985 [FXGL Background Thread 3 ] DEBUG Engine               - pixelsPerMeter: 50.0
14:44:02.985 [FXGL Background Thread 3 ] DEBUG Engine               - platform: LINUX
14:44:02.985 [FXGL Background Thread 3 ] DEBUG Engine               - prefHeightProperty: ReadOnlyDoubleProperty [value: 680.0]
14:44:02.985 [FXGL Background Thread 3 ] DEBUG Engine               - prefWidthProperty: ReadOnlyDoubleProperty [value: 680.0]
14:44:02.986 [FXGL Background Thread 3 ] DEBUG Engine               - profileDir: profiles/
14:44:02.986 [FXGL Background Thread 3 ] DEBUG Engine               - profileName: StringProperty [value: DEFAULT]
14:44:02.986 [FXGL Background Thread 3 ] DEBUG Engine               - randomSeed: -1
14:44:02.986 [FXGL Background Thread 3 ] DEBUG Engine               - runtimeInfo: RuntimeInfo(platform=LINUX, version=11.14, build=01.03.2021 16.59)
14:44:02.986 [FXGL Background Thread 3 ] DEBUG Engine               - saveFileExt: sav
14:44:02.986 [FXGL Background Thread 3 ] DEBUG Engine               - scaledHeightProp$fxgl: DoubleProperty [bound, value: 688.0]
14:44:02.987 [FXGL Background Thread 3 ] DEBUG Engine               - scaledWidthProp$fxgl: DoubleProperty [bound, value: 678.0]
14:44:02.987 [FXGL Background Thread 3 ] DEBUG Engine               - sceneFactory: com.sarveshapps.dungeonescape.DungeonEscapeApp$1@6183d286
14:44:02.987 [FXGL Background Thread 3 ] DEBUG Engine               - secondsIn24h: 60
14:44:02.987 [FXGL Background Thread 3 ] DEBUG Engine               - soundMenuBack: menu/back.wav
14:44:02.987 [FXGL Background Thread 3 ] DEBUG Engine               - soundMenuPress: menu/press.wav
14:44:02.987 [FXGL Background Thread 3 ] DEBUG Engine               - soundMenuSelect: menu/select.wav
14:44:02.987 [FXGL Background Thread 3 ] DEBUG Engine               - soundNotification: core/notification.wav
14:44:02.987 [FXGL Background Thread 3 ] DEBUG Engine               - stageStyle: DECORATED
14:44:02.988 [FXGL Background Thread 3 ] DEBUG Engine               - supportedLanguages: [ENGLISH, FRENCH, GERMAN, HUNGARIAN, RUSSIAN]
14:44:02.988 [FXGL Background Thread 3 ] DEBUG Engine               - ticksPerSecond: -1
14:44:02.988 [FXGL Background Thread 3 ] DEBUG Engine               - title: Dungeon Escape
14:44:02.988 [FXGL Background Thread 3 ] DEBUG Engine               - urlGithub: https://github.com/AlmasB/FXGL
14:44:02.988 [FXGL Background Thread 3 ] DEBUG Engine               - urlLeaderboard: http://fxgl-top.herokuapp.com/
14:44:02.988 [FXGL Background Thread 3 ] DEBUG Engine               - urlPOM: https://raw.githubusercontent.com/AlmasB/FXGL/release/README.md
14:44:02.988 [FXGL Background Thread 3 ] DEBUG Engine               - userAppClass: class com.sarveshapps.dungeonescape.DungeonEscapeApp
14:44:02.988 [FXGL Background Thread 3 ] DEBUG Engine               - version: 1.0
14:44:02.989 [FXGL Background Thread 3 ] DEBUG Engine               - versionCheckDays: 7
14:44:02.989 [FXGL Background Thread 3 ] DEBUG Engine               - width: 680
14:44:02.989 [FXGL Background Thread 3 ] DEBUG Engine               - Logging services
14:44:02.989 [FXGL Background Thread 3 ] DEBUG Engine               - class com.almasb.fxgl.app.services.FXGLAssetLoaderService
14:44:02.989 [FXGL Background Thread 3 ] DEBUG Engine               - class com.almasb.fxgl.app.FXGLApplication$GameApplicationService
14:44:02.989 [FXGL Background Thread 3 ] DEBUG Engine               - class com.almasb.fxgl.app.services.FXGLDialogService
14:44:02.989 [FXGL Background Thread 3 ] DEBUG Engine               - class com.almasb.fxgl.app.services.IOTaskExecutorService
14:44:02.990 [FXGL Background Thread 3 ] DEBUG Engine               - class com.almasb.fxgl.event.EventBusService
14:44:02.990 [FXGL Background Thread 3 ] DEBUG Engine               - class com.almasb.fxgl.io.FileSystemService
14:44:02.990 [FXGL Background Thread 3 ] DEBUG Engine               - class com.almasb.fxgl.localization.LocalizationService
14:44:02.990 [FXGL Background Thread 3 ] DEBUG Engine               - class com.almasb.fxgl.app.services.SystemBundleService
14:44:02.990 [FXGL Background Thread 3 ] DEBUG Engine               - class com.almasb.fxgl.profile.SaveLoadService
14:44:02.990 [FXGL Background Thread 3 ] DEBUG Engine               - class com.almasb.fxgl.ui.FXGLUIFactoryServiceProvider
14:44:02.990 [FXGL Background Thread 3 ] DEBUG Engine               - class com.almasb.fxgl.ui.FXGLDialogFactoryServiceProvider
14:44:02.990 [FXGL Background Thread 3 ] DEBUG Engine               - class com.almasb.fxgl.audio.AudioPlayer
14:44:02.990 [FXGL Background Thread 3 ] DEBUG Engine               - class com.almasb.fxgl.notification.impl.NotificationServiceProvider
14:44:02.991 [FXGL Background Thread 3 ] DEBUG Engine               - class com.almasb.fxgl.achievement.AchievementService
14:44:02.991 [FXGL Background Thread 3 ] DEBUG Engine               - class com.almasb.fxgl.cutscene.CutsceneService
14:44:02.991 [FXGL Background Thread 3 ] DEBUG Engine               - class com.almasb.fxgl.minigames.MiniGameService
14:44:02.991 [FXGL Background Thread 3 ] DEBUG Engine               - class com.almasb.fxgl.net.NetService
14:44:02.991 [FXGL Background Thread 3 ] DEBUG Engine               - class com.almasb.fxgl.app.services.UpdaterService
14:44:02.991 [FXGL Background Thread 3 ] DEBUG Engine               - class com.almasb.fxgl.dev.DevService
14:44:05.959 [JavaFX Application Thread] DEBUG FXGLAssetLoaderServi - Loading from file system: file:/home/sarvesh/IdeaProjects/FinalProjDungeonEscape/target/classes/assets/textures/shock.png
14:44:21.410 [JavaFX Application Thread] DEBUG GameWorld            - Clearing removable entities
14:44:21.439 [JavaFX Application Thread] DEBUG GameWorld            - Setting level: com.almasb.fxgl.entity.level.Level@53d57c10
14:44:36.069 [JavaFX Application Thread] DEBUG GameWorld            - Clearing removable entities
14:44:36.083 [JavaFX Application Thread] DEBUG GameWorld            - Setting level: com.almasb.fxgl.entity.level.Level@44bdfe79
14:44:46.165 [JavaFX Application Thread] DEBUG GameWorld            - Clearing removable entities
14:44:46.173 [JavaFX Application Thread] DEBUG GameWorld            - Setting level: com.almasb.fxgl.entity.level.Level@2e83187
14:44:55.925 [JavaFX Application Thread] DEBUG GameWorld            - Clearing removable entities
14:44:55.932 [JavaFX Application Thread] DEBUG GameWorld            - Setting level: com.almasb.fxgl.entity.level.Level@6a43ed11
14:45:05.961 [JavaFX Application Thread] DEBUG GameWorld            - Clearing removable entities
14:45:05.969 [JavaFX Application Thread] DEBUG GameWorld            - Setting level: com.almasb.fxgl.entity.level.Level@54606100
14:45:16.347 [JavaFX Application Thread] DEBUG PrimaryStageWindow   - Push state: DialogSubScene
14:45:16.347 [JavaFX Application Thread] DEBUG Input                - Clearing active input actions
14:45:16.355 [JavaFX Application Thread] DEBUG GameApplicationServi - Removing overlay from GameScene and adding to DialogSubScene
14:45:16.356 [JavaFX Application Thread] DEBUG PrimaryStageWindow   - GameScene -> DialogSubScene
14:45:18.195 [JavaFX Application Thread] DEBUG PrimaryStageWindow   - Pop state: DialogSubScene
14:45:18.195 [JavaFX Application Thread] DEBUG Input                - Clearing active input actions
14:45:18.197 [JavaFX Application Thread] DEBUG GameApplicationServi - Removing overlay from DialogSubScene and adding to GameScene
14:45:18.198 [JavaFX Application Thread] DEBUG PrimaryStageWindow   - GameScene <- DialogSubScene
14:45:18.214 [JavaFX Application Thread] DEBUG PrimaryStageWindow   - Push state: DialogSubScene
14:45:18.215 [JavaFX Application Thread] DEBUG Input                - Clearing active input actions
14:45:18.218 [JavaFX Application Thread] DEBUG GameApplicationServi - Removing overlay from GameScene and adding to DialogSubScene
14:45:18.219 [JavaFX Application Thread] DEBUG PrimaryStageWindow   - GameScene -> DialogSubScene
14:45:19.963 [JavaFX Application Thread] DEBUG FXGLApplication      - Exiting FXGL
14:45:19.964 [JavaFX Application Thread] DEBUG LoopRunner           - Stopping loop
14:45:19.964 [JavaFX Application Thread] DEBUG SystemBundleService  - Saving FXGL system data
14:45:19.970 [JavaFX Application Thread] DEBUG FileSystemAccess     - Writing to: /home/sarvesh/IdeaProjects/FinalProjDungeonEscape/system/fxgl.bundle
14:45:19.980 [JavaFX Application Thread] DEBUG Async                - Shutting down background threads
14:45:19.981 [JavaFX Application Thread] DEBUG PrimaryStageWindow   - Closing main window
14:45:19.989 [JavaFX Application Thread] DEBUG Logger               - Closing Logger
