14:32:56.535 [main                     ] DEBUG Logger               - Configured Logger
14:32:56.566 [main                     ] DEBUG GameApplication      - Logging settings
Title: Dungeon Escape
Version: 1.0
Width: 680
Height: 680
Fullscreen: false
Intro: false
Profiling: false
Single step:false
App Mode: DEVELOPER
Menu Key: ESCAPE
Stage Style: DECORATED
Scene Factory: class com.sarveshapps.dungeonescape.DungeonEscapeApp$1

14:32:58.466 [JavaFX Application Thread] DEBUG FXGLApplication      - Initializing FXGL
14:32:58.471 [JavaFX Application Thread] INFO  Engine               - FXGL-11.14 (01.03.2021 16.59) on LINUX (J:11.0.9.1 FX:15)
14:32:58.471 [JavaFX Application Thread] DEBUG Engine               - JRE Vendor Name: Ubuntu
14:32:58.472 [JavaFX Application Thread] DEBUG Engine               - Running on OS: Linux version 5.8.0-7630-generic
14:32:58.473 [JavaFX Application Thread] DEBUG Engine               - Architecture: amd64
14:32:58.474 [JavaFX Application Thread] INFO  Engine               - Source code and latest versions at: https://github.com/AlmasB/FXGL
14:32:58.474 [JavaFX Application Thread] INFO  Engine               -              Join the FXGL chat at: https://gitter.im/AlmasB/FXGL
14:32:58.785 [JavaFX Application Thread] DEBUG PrimaryStageWindow   - Creating a JavaFX scene
14:32:59.317 [JavaFX Application Thread] DEBUG PrimaryStageWindow   - Target settings size: 680.0 x 680.0
14:32:59.318 [JavaFX Application Thread] DEBUG PrimaryStageWindow   - Scaled scene size:    680.0 x 680.0
14:32:59.319 [JavaFX Application Thread] DEBUG PrimaryStageWindow   - Scaled ratio: (1.0, 1.0)
14:32:59.322 [JavaFX Application Thread] DEBUG PrimaryStageWindow   - Set initial scene to FXGLStartupScene
14:32:59.336 [JavaFX Application Thread] DEBUG PrimaryStageWindow   - Opening main window
14:32:59.439 [JavaFX Application Thread] DEBUG PrimaryStageWindow   - Window border size: (2.0, 29.0)
14:32:59.440 [JavaFX Application Thread] DEBUG PrimaryStageWindow   - Scaled size: 680.0 x 680.0
14:32:59.440 [JavaFX Application Thread] DEBUG PrimaryStageWindow   - Scaled ratio: (1.0, 1.0)
14:32:59.440 [JavaFX Application Thread] DEBUG PrimaryStageWindow   - Scene size: 680.0 x 680.0
14:32:59.441 [JavaFX Application Thread] DEBUG PrimaryStageWindow   - Stage size: 682.0 x 709.0
14:32:59.452 [FXGL Background Thread 1 ] DEBUG Engine               - Initializing environment variables
14:32:59.531 [FXGL Background Thread 1 ] DEBUG FXGLAssetLoaderServi - User app class for loading assets: class com.sarveshapps.dungeonescape.DungeonEscapeApp
14:32:59.532 [FXGL Background Thread 1 ] DEBUG GameApplicationServi - Applying CSS: fxgl_dark.css
14:32:59.534 [FXGL Background Thread 1 ] DEBUG FXGLAssetLoaderServi - Loading from file system: jar:file:/home/sarvesh/.m2/repository/com/github/almasb/fxgl/11.14/fxgl-11.14.jar!/fxglassets/ui/css/fxgl_dark.css
14:32:59.676 [FXGL Background Thread 1 ] DEBUG GameApplicationServi - Initializing application scenes
14:32:59.826 [FXGL Background Thread 1 ] DEBUG FXGLAssetLoaderServi - Loading from file system: file:/home/sarvesh/IdeaProjects/FinalProjDungeonEscape/target/classes/assets/textures/Pirate.png
14:32:59.863 [FXGL Background Thread 1 ] DEBUG GameWorld            - Game world initialized
14:32:59.966 [FXGL Background Thread 1 ] DEBUG PhysicsWorld         - Physics world initialized: appHeight=680, physics.ppm=50.0
14:32:59.967 [FXGL Background Thread 1 ] DEBUG PhysicsWorld         - Using strategy: BRUTE_FORCE
14:32:59.975 [FXGL Background Thread 1 ] DEBUG GameScene            - Game scene initialized: 680x680
14:33:00.017 [FXGL Background Thread 1 ] WARN  FXGL.DefaultMenu     - FXGLDefaultMenu is not designed for resolutions < 800x600
14:33:00.046 [FXGL Background Thread 1 ] DEBUG FXGLAssetLoaderServi - Loading from file system: jar:file:/home/sarvesh/.m2/repository/com/github/almasb/fxgl/11.14/fxgl-11.14.jar!/fxglassets/textures/particles/trace_horizontal.png
14:33:00.125 [FXGL Background Thread 1 ] DEBUG FXGL.DefaultMenu     - createMenuBodyGameMenu()
14:33:00.158 [FXGL Background Thread 1 ] DEBUG FXGL.DefaultMenu     - createOptionsMenu()
14:33:00.168 [FXGL Background Thread 1 ] DEBUG FXGLAssetLoaderServi - Loading from file system: jar:file:/home/sarvesh/.m2/repository/com/github/almasb/fxgl/11.14/fxgl-11.14.jar!/fxglassets/textures/particles/smoke.png
14:33:00.334 [FXGL Background Thread 1 ] DEBUG GameApplicationServi - Application scenes initialized
14:33:00.360 [FXGL Background Thread 1 ] DEBUG SystemBundleService  - Loading FXGL system data
14:33:00.366 [FXGL Background Thread 1 ] DEBUG FileSystemAccess     - Reading from: /home/sarvesh/IdeaProjects/FinalProjDungeonEscape/system/fxgl.bundle
14:33:00.375 [FXGL Background Thread 1 ] DEBUG SystemBundleService  - Bundle FXGL: {}
14:33:00.375 [FXGL Background Thread 1 ] DEBUG UpdaterService       - Checking for updates
14:33:00.397 [FXGL Background Thread 4 ] DEBUG FXGLApplication      - Loading fonts
14:33:00.397 [FXGL Background Thread 1 ] DEBUG FXGLApplication      - Loading default localization
14:33:00.399 [FXGL Background Thread 4 ] DEBUG FXGLAssetLoaderServi - Loading from file system: jar:file:/home/sarvesh/.m2/repository/com/github/almasb/fxgl/11.14/fxgl-11.14.jar!/fxglassets/ui/fonts/VarelaRound-Regular.ttf
14:33:00.399 [FXGL Background Thread 1 ] DEBUG FXGLAssetLoaderServi - Loading from file system: jar:file:/home/sarvesh/.m2/repository/com/github/almasb/fxgl/11.14/fxgl-11.14.jar!/fxglassets/languages/english.lang
14:33:00.424 [FXGL Background Thread 4 ] DEBUG FXGLAssetLoaderServi - Loading from file system: jar:file:/home/sarvesh/.m2/repository/com/github/almasb/fxgl/11.14/fxgl-11.14.jar!/fxglassets/ui/fonts/Abel-Regular.ttf
14:33:00.434 [FXGL Background Thread 4 ] DEBUG FXGLAssetLoaderServi - Loading from file system: jar:file:/home/sarvesh/.m2/repository/com/github/almasb/fxgl/11.14/fxgl-11.14.jar!/fxglassets/ui/fonts/lucida_console.ttf
14:33:00.441 [FXGL Background Thread 4 ] DEBUG FXGLAssetLoaderServi - Loading from file system: jar:file:/home/sarvesh/.m2/repository/com/github/almasb/fxgl/11.14/fxgl-11.14.jar!/fxglassets/ui/fonts/Courier-Prime.ttf
14:33:00.448 [JavaFX Application Thread] DEBUG FXGLApplication      - Registering font factories with UI factory
14:33:00.459 [FXGL Background Thread 1 ] INFO  FXGLApplication      - FXGL initialization took: 1.007 sec
14:33:00.480 [JavaFX Application Thread] DEBUG Input                - Registered new binding: Up - W
14:33:00.480 [JavaFX Application Thread] DEBUG Input                - Registered new binding: Down - S
14:33:00.480 [JavaFX Application Thread] DEBUG Input                - Registered new binding: Left - A
14:33:00.481 [JavaFX Application Thread] DEBUG Input                - Registered new binding: Right - D
14:33:00.481 [JavaFX Application Thread] DEBUG Input                - Registered new binding: Shoot Up - Up
14:33:00.481 [JavaFX Application Thread] DEBUG Input                - Registered new binding: Shoot Down - Down
14:33:00.481 [JavaFX Application Thread] DEBUG Input                - Registered new binding: Shoot Right - Right
14:33:00.482 [JavaFX Application Thread] DEBUG Input                - Registered new binding: Shoot Left - Left
14:33:00.483 [JavaFX Application Thread] DEBUG Input                - Registered new binding: Teleport - LMB
14:33:00.484 [JavaFX Application Thread] DEBUG FXGLAssetLoaderServi - Loading from file system: jar:file:/home/sarvesh/.m2/repository/com/github/almasb/fxgl/11.14/fxgl-11.14.jar!/fxglassets/textures/fxgl_icon.png
14:33:00.512 [JavaFX Application Thread] DEBUG FXGLAssetLoaderServi - Loading from file system: jar:file:/home/sarvesh/.m2/repository/com/github/almasb/fxgl/11.14/fxgl-11.14.jar!/fxglassets/ui/cursors/fxgl_default.png
14:33:00.514 [JavaFX Application Thread] DEBUG Input                - Registered new binding: Screenshot - P
14:33:00.515 [JavaFX Application Thread] DEBUG Input                - Registered new binding: System info dump - CTRL+9
14:33:00.516 [JavaFX Application Thread] DEBUG Input                - Registered new binding: Restart - CTRL+R
14:33:00.516 [JavaFX Application Thread] DEBUG Input                - Registered new binding: Toggle Debug Camera - CTRL+C
14:33:00.519 [JavaFX Application Thread] DEBUG LoopRunner           - Starting loop
14:33:00.519 [JavaFX Application Thread] DEBUG LoopRunner           - Initializing JavaFX AnimationTimerLoop
14:33:00.521 [JavaFX Application Thread] DEBUG GameApplicationServi - Starting new game
14:33:00.522 [JavaFX Application Thread] DEBUG Input                - Clearing active input actions
14:33:00.544 [JavaFX Application Thread] DEBUG GameApplicationServi - Removing overlay from FXGLStartupScene and adding to GameLoadingScene
14:33:00.544 [JavaFX Application Thread] DEBUG PrimaryStageWindow   - FXGLStartupScene -> GameLoadingScene
14:33:00.544 [JavaFX Application Thread] DEBUG GameApplicationServi - Clearing previous game
14:33:00.545 [JavaFX Application Thread] DEBUG GameScene            - Clearing game scene
14:33:00.545 [JavaFX Application Thread] DEBUG GameWorld            - Clearing game world
14:33:00.545 [JavaFX Application Thread] DEBUG PhysicsWorld         - Clearing physics world
14:33:00.546 [FXGL Background Thread 1 ] DEBUG FXGLApplication      - Initializing game
14:33:00.551 [FXGL Background Thread 1 ] DEBUG FXGLAssetLoaderServi - Loading from file system: file:/home/sarvesh/IdeaProjects/FinalProjDungeonEscape/target/classes/assets/textures/floor.jpg
14:33:00.924 [FXGL Background Thread 1 ] DEBUG FXGLAssetLoaderServi - Loading from file system: file:/home/sarvesh/IdeaProjects/FinalProjDungeonEscape/target/classes/assets/textures/mongbat.png
14:33:01.436 [FXGL Background Thread 1 ] DEBUG GameWorld            - Clearing removable entities
14:33:01.437 [FXGL Background Thread 1 ] DEBUG GameWorld            - Setting level: com.almasb.fxgl.entity.level.Level@15ddf91
14:33:01.575 [FXGL Background Thread 1 ] INFO  FXGLApplication      - Game initialization took: 1.029 sec
14:33:01.580 [JavaFX Application Thread] DEBUG Input                - Clearing active input actions
14:33:01.623 [JavaFX Application Thread] DEBUG GameApplicationServi - Removing overlay from GameLoadingScene and adding to GameScene
14:33:01.623 [JavaFX Application Thread] DEBUG PrimaryStageWindow   - GameLoadingScene -> GameScene
14:33:03.388 [FXGL Background Thread 3 ] DEBUG Engine               - Logging environment variables
14:33:03.389 [FXGL Background Thread 3 ] DEBUG Engine               - achievements: []
14:33:03.389 [FXGL Background Thread 3 ] DEBUG Engine               - actualHeight: 680.0
14:33:03.390 [FXGL Background Thread 3 ] DEBUG Engine               - actualHeightProperty: ReadOnlyDoubleProperty [value: 1051.0]
14:33:03.390 [FXGL Background Thread 3 ] DEBUG Engine               - actualWidth: 680.0
14:33:03.390 [FXGL Background Thread 3 ] DEBUG Engine               - actualWidthProperty: ReadOnlyDoubleProperty [value: 1918.0]
14:33:03.390 [FXGL Background Thread 3 ] DEBUG Engine               - appIcon: fxgl_icon.png
14:33:03.390 [FXGL Background Thread 3 ] DEBUG Engine               - applicationMode: DEVELOPER
14:33:03.390 [FXGL Background Thread 3 ] DEBUG Engine               - cSSList: [fxgl_dark.css]
14:33:03.390 [FXGL Background Thread 3 ] DEBUG Engine               - collisionDetectionStrategy: BRUTE_FORCE
14:33:03.390 [FXGL Background Thread 3 ] DEBUG Engine               - configClass: Optional.empty
14:33:03.390 [FXGL Background Thread 3 ] DEBUG Engine               - credits: []
14:33:03.391 [FXGL Background Thread 3 ] DEBUG Engine               - devBBoxColorProperty: ObjectProperty [value: 0xff0000ff]
14:33:03.391 [FXGL Background Thread 3 ] DEBUG Engine               - devEnableDebugCameraProperty: BooleanProperty [value: false]
14:33:03.391 [FXGL Background Thread 3 ] DEBUG Engine               - devSensorColorProperty: ObjectProperty [value: 0xffff00ff]
14:33:03.393 [FXGL Background Thread 3 ] DEBUG Engine               - devShowBBoxProperty: BooleanProperty [value: false]
14:33:03.394 [FXGL Background Thread 3 ] DEBUG Engine               - devShowPositionProperty: BooleanProperty [value: false]
14:33:03.394 [FXGL Background Thread 3 ] DEBUG Engine               - enabledMenuItems: []
14:33:03.394 [FXGL Background Thread 3 ] DEBUG Engine               - engineServices: [class com.almasb.fxgl.app.services.FXGLAssetLoaderService, class com.almasb.fxgl.app.FXGLApplication$GameApplicationService, class com.almasb.fxgl.app.services.FXGLDialogService, class com.almasb.fxgl.app.services.IOTaskExecutorService, class com.almasb.fxgl.event.EventBusService, class com.almasb.fxgl.io.FileSystemService, class com.almasb.fxgl.localization.LocalizationService, class com.almasb.fxgl.app.services.SystemBundleService, class com.almasb.fxgl.profile.SaveLoadService, class com.almasb.fxgl.ui.FXGLUIFactoryServiceProvider, class com.almasb.fxgl.ui.FXGLDialogFactoryServiceProvider, class com.almasb.fxgl.audio.AudioPlayer, class com.almasb.fxgl.notification.impl.NotificationServiceProvider, class com.almasb.fxgl.achievement.AchievementService, class com.almasb.fxgl.cutscene.CutsceneService, class com.almasb.fxgl.minigames.MiniGameService, class com.almasb.fxgl.net.NetService, class com.almasb.fxgl.app.services.UpdaterService, class com.almasb.fxgl.dev.DevService]
14:33:03.394 [FXGL Background Thread 3 ] DEBUG Engine               - fontGame: Abel-Regular.ttf
14:33:03.394 [FXGL Background Thread 3 ] DEBUG Engine               - fontMono: lucida_console.ttf
14:33:03.394 [FXGL Background Thread 3 ] DEBUG Engine               - fontText: Courier-Prime.ttf
14:33:03.395 [FXGL Background Thread 3 ] DEBUG Engine               - fontUI: VarelaRound-Regular.ttf
14:33:03.395 [FXGL Background Thread 3 ] DEBUG Engine               - fullScreen: BooleanProperty [value: false]
14:33:03.397 [FXGL Background Thread 3 ] DEBUG Engine               - gameDifficulty: MEDIUM
14:33:03.397 [FXGL Background Thread 3 ] DEBUG Engine               - gameDifficultyProperty: ObjectProperty [value: MEDIUM]
14:33:03.398 [FXGL Background Thread 3 ] DEBUG Engine               - globalMusicVolume: 0.5
14:33:03.399 [FXGL Background Thread 3 ] DEBUG Engine               - globalMusicVolumeProperty: DoubleProperty [value: 0.5]
14:33:03.399 [FXGL Background Thread 3 ] DEBUG Engine               - globalSoundVolume: 0.5
14:33:03.400 [FXGL Background Thread 3 ] DEBUG Engine               - globalSoundVolumeProperty: DoubleProperty [value: 0.5]
14:33:03.400 [FXGL Background Thread 3 ] DEBUG Engine               - height: 680
14:33:03.400 [FXGL Background Thread 3 ] DEBUG Engine               - isAndroid: false
14:33:03.400 [FXGL Background Thread 3 ] DEBUG Engine               - isBrowser: false
14:33:03.400 [FXGL Background Thread 3 ] DEBUG Engine               - isClickFeedbackEnabled: false
14:33:03.401 [FXGL Background Thread 3 ] DEBUG Engine               - isCloseConfirmation: false
14:33:03.401 [FXGL Background Thread 3 ] DEBUG Engine               - isDesktop: true
14:33:03.401 [FXGL Background Thread 3 ] DEBUG Engine               - isDeveloperMenuEnabled: false
14:33:03.401 [FXGL Background Thread 3 ] DEBUG Engine               - isEntityPreloadEnabled: true
14:33:03.401 [FXGL Background Thread 3 ] DEBUG Engine               - isExperimental3D: false
14:33:03.401 [FXGL Background Thread 3 ] DEBUG Engine               - isExperimentalNative: false
14:33:03.401 [FXGL Background Thread 3 ] DEBUG Engine               - isExperimentalTiledLargeMap: false
14:33:03.401 [FXGL Background Thread 3 ] DEBUG Engine               - isFileSystemWriteAllowed: true
14:33:03.401 [FXGL Background Thread 3 ] DEBUG Engine               - isFullScreenAllowed: false
14:33:03.402 [FXGL Background Thread 3 ] DEBUG Engine               - isFullScreenFromStart: false
14:33:03.402 [FXGL Background Thread 3 ] DEBUG Engine               - isGameMenuEnabled: true
14:33:03.402 [FXGL Background Thread 3 ] DEBUG Engine               - isIOS: false
14:33:03.402 [FXGL Background Thread 3 ] DEBUG Engine               - isIntroEnabled: false
14:33:03.402 [FXGL Background Thread 3 ] DEBUG Engine               - isLinux: true
14:33:03.402 [FXGL Background Thread 3 ] DEBUG Engine               - isMac: false
14:33:03.402 [FXGL Background Thread 3 ] DEBUG Engine               - isMainMenuEnabled: false
14:33:03.402 [FXGL Background Thread 3 ] DEBUG Engine               - isManualResizeEnabled: true
14:33:03.402 [FXGL Background Thread 3 ] DEBUG Engine               - isMobile: false
14:33:03.402 [FXGL Background Thread 3 ] DEBUG Engine               - isPreserveResizeRatio: true
14:33:03.403 [FXGL Background Thread 3 ] DEBUG Engine               - isProfilingEnabled: false
14:33:03.403 [FXGL Background Thread 3 ] DEBUG Engine               - isScaleAffectedOnResize: true
14:33:03.403 [FXGL Background Thread 3 ] DEBUG Engine               - isSingleStep: false
14:33:03.403 [FXGL Background Thread 3 ] DEBUG Engine               - isUserProfileEnabled: false
14:33:03.403 [FXGL Background Thread 3 ] DEBUG Engine               - isWindows: false
14:33:03.403 [FXGL Background Thread 3 ] DEBUG Engine               - language: ObjectProperty [value: ENGLISH]
14:33:03.403 [FXGL Background Thread 3 ] DEBUG Engine               - menuKey: ESCAPE
14:33:03.403 [FXGL Background Thread 3 ] DEBUG Engine               - notificationViewClass: class com.almasb.fxgl.notification.view.XboxNotificationView
14:33:03.403 [FXGL Background Thread 3 ] DEBUG Engine               - pixelsPerMeter: 50.0
14:33:03.403 [FXGL Background Thread 3 ] DEBUG Engine               - platform: LINUX
14:33:03.404 [FXGL Background Thread 3 ] DEBUG Engine               - prefHeightProperty: ReadOnlyDoubleProperty [value: 680.0]
14:33:03.404 [FXGL Background Thread 3 ] DEBUG Engine               - prefWidthProperty: ReadOnlyDoubleProperty [value: 680.0]
14:33:03.404 [FXGL Background Thread 3 ] DEBUG Engine               - profileDir: profiles/
14:33:03.404 [FXGL Background Thread 3 ] DEBUG Engine               - profileName: StringProperty [value: DEFAULT]
14:33:03.404 [FXGL Background Thread 3 ] DEBUG Engine               - randomSeed: -1
14:33:03.404 [FXGL Background Thread 3 ] DEBUG Engine               - runtimeInfo: RuntimeInfo(platform=LINUX, version=11.14, build=01.03.2021 16.59)
14:33:03.404 [FXGL Background Thread 3 ] DEBUG Engine               - saveFileExt: sav
14:33:03.405 [FXGL Background Thread 3 ] DEBUG Engine               - scaledHeightProp$fxgl: DoubleProperty [bound, value: 1051.0]
14:33:03.405 [FXGL Background Thread 3 ] DEBUG Engine               - scaledWidthProp$fxgl: DoubleProperty [bound, value: 1918.0]
14:33:03.405 [FXGL Background Thread 3 ] DEBUG Engine               - sceneFactory: com.sarveshapps.dungeonescape.DungeonEscapeApp$1@7eaf4194
14:33:03.405 [FXGL Background Thread 3 ] DEBUG Engine               - secondsIn24h: 60
14:33:03.405 [FXGL Background Thread 3 ] DEBUG Engine               - soundMenuBack: menu/back.wav
14:33:03.405 [FXGL Background Thread 3 ] DEBUG Engine               - soundMenuPress: menu/press.wav
14:33:03.405 [FXGL Background Thread 3 ] DEBUG Engine               - soundMenuSelect: menu/select.wav
14:33:03.409 [FXGL Background Thread 3 ] DEBUG Engine               - soundNotification: core/notification.wav
14:33:03.409 [FXGL Background Thread 3 ] DEBUG Engine               - stageStyle: DECORATED
14:33:03.410 [FXGL Background Thread 3 ] DEBUG Engine               - supportedLanguages: [ENGLISH, FRENCH, GERMAN, HUNGARIAN, RUSSIAN]
14:33:03.410 [FXGL Background Thread 3 ] DEBUG Engine               - ticksPerSecond: -1
14:33:03.410 [FXGL Background Thread 3 ] DEBUG Engine               - title: Dungeon Escape
14:33:03.411 [FXGL Background Thread 3 ] DEBUG Engine               - urlGithub: https://github.com/AlmasB/FXGL
14:33:03.411 [FXGL Background Thread 3 ] DEBUG Engine               - urlLeaderboard: http://fxgl-top.herokuapp.com/
14:33:03.412 [FXGL Background Thread 3 ] DEBUG Engine               - urlPOM: https://raw.githubusercontent.com/AlmasB/FXGL/release/README.md
14:33:03.413 [FXGL Background Thread 3 ] DEBUG Engine               - userAppClass: class com.sarveshapps.dungeonescape.DungeonEscapeApp
14:33:03.413 [FXGL Background Thread 3 ] DEBUG Engine               - version: 1.0
14:33:03.413 [FXGL Background Thread 3 ] DEBUG Engine               - versionCheckDays: 7
14:33:03.413 [FXGL Background Thread 3 ] DEBUG Engine               - width: 680
14:33:03.414 [FXGL Background Thread 3 ] DEBUG Engine               - Logging services
14:33:03.414 [FXGL Background Thread 3 ] DEBUG Engine               - class com.almasb.fxgl.app.services.FXGLAssetLoaderService
14:33:03.414 [FXGL Background Thread 3 ] DEBUG Engine               - class com.almasb.fxgl.app.FXGLApplication$GameApplicationService
14:33:03.414 [FXGL Background Thread 3 ] DEBUG Engine               - class com.almasb.fxgl.app.services.FXGLDialogService
14:33:03.414 [FXGL Background Thread 3 ] DEBUG Engine               - class com.almasb.fxgl.app.services.IOTaskExecutorService
14:33:03.414 [FXGL Background Thread 3 ] DEBUG Engine               - class com.almasb.fxgl.event.EventBusService
14:33:03.414 [FXGL Background Thread 3 ] DEBUG Engine               - class com.almasb.fxgl.io.FileSystemService
14:33:03.414 [FXGL Background Thread 3 ] DEBUG Engine               - class com.almasb.fxgl.localization.LocalizationService
14:33:03.415 [FXGL Background Thread 3 ] DEBUG Engine               - class com.almasb.fxgl.app.services.SystemBundleService
14:33:03.415 [FXGL Background Thread 3 ] DEBUG Engine               - class com.almasb.fxgl.profile.SaveLoadService
14:33:03.415 [FXGL Background Thread 3 ] DEBUG Engine               - class com.almasb.fxgl.ui.FXGLUIFactoryServiceProvider
14:33:03.415 [FXGL Background Thread 3 ] DEBUG Engine               - class com.almasb.fxgl.ui.FXGLDialogFactoryServiceProvider
14:33:03.415 [FXGL Background Thread 3 ] DEBUG Engine               - class com.almasb.fxgl.audio.AudioPlayer
14:33:03.415 [FXGL Background Thread 3 ] DEBUG Engine               - class com.almasb.fxgl.notification.impl.NotificationServiceProvider
14:33:03.415 [FXGL Background Thread 3 ] DEBUG Engine               - class com.almasb.fxgl.achievement.AchievementService
14:33:03.415 [FXGL Background Thread 3 ] DEBUG Engine               - class com.almasb.fxgl.cutscene.CutsceneService
14:33:03.415 [FXGL Background Thread 3 ] DEBUG Engine               - class com.almasb.fxgl.minigames.MiniGameService
14:33:03.416 [FXGL Background Thread 3 ] DEBUG Engine               - class com.almasb.fxgl.net.NetService
14:33:03.416 [FXGL Background Thread 3 ] DEBUG Engine               - class com.almasb.fxgl.app.services.UpdaterService
14:33:03.416 [FXGL Background Thread 3 ] DEBUG Engine               - class com.almasb.fxgl.dev.DevService
14:33:06.750 [JavaFX Application Thread] DEBUG FXGLAssetLoaderServi - Loading from file system: file:/home/sarvesh/IdeaProjects/FinalProjDungeonEscape/target/classes/assets/textures/shock.png
14:33:25.768 [JavaFX Application Thread] DEBUG GameWorld            - Clearing removable entities
14:33:25.796 [JavaFX Application Thread] DEBUG GameWorld            - Setting level: com.almasb.fxgl.entity.level.Level@38b6152a
14:33:27.280 [JavaFX Application Thread] DEBUG FXGLApplication      - Exiting FXGL
14:33:27.280 [JavaFX Application Thread] DEBUG LoopRunner           - Stopping loop
14:33:27.280 [JavaFX Application Thread] DEBUG SystemBundleService  - Saving FXGL system data
14:33:27.285 [JavaFX Application Thread] DEBUG FileSystemAccess     - Writing to: /home/sarvesh/IdeaProjects/FinalProjDungeonEscape/system/fxgl.bundle
14:33:27.292 [JavaFX Application Thread] DEBUG Async                - Shutting down background threads
14:33:27.294 [JavaFX Application Thread] DEBUG PrimaryStageWindow   - Closing main window
14:33:27.304 [JavaFX Application Thread] DEBUG Logger               - Closing Logger
