12:18:52.650 [main                     ] DEBUG Logger               - Configured Logger
12:18:52.680 [main                     ] DEBUG GameApplication      - Logging settings
Title: Dungeon Escape
Version: 1.0
Width: 680
Height: 680
Fullscreen: false
Intro: false
Profiling: false
Single step:false
App Mode: DEVELOPER
Menu Key: ESCAPE
Stage Style: DECORATED
Scene Factory: class com.sarveshapps.dungeonescape.DungeonEscapeApp$1

12:18:53.575 [JavaFX Application Thread] DEBUG FXGLApplication      - Initializing FXGL
12:18:53.578 [JavaFX Application Thread] INFO  Engine               - FXGL-11.14 (01.03.2021 16.59) on LINUX (J:11.0.9.1 FX:15)
12:18:53.578 [JavaFX Application Thread] DEBUG Engine               - JRE Vendor Name: Ubuntu
12:18:53.578 [JavaFX Application Thread] DEBUG Engine               - Running on OS: Linux version 5.8.0-7630-generic
12:18:53.579 [JavaFX Application Thread] DEBUG Engine               - Architecture: amd64
12:18:53.579 [JavaFX Application Thread] INFO  Engine               - Source code and latest versions at: https://github.com/AlmasB/FXGL
12:18:53.579 [JavaFX Application Thread] INFO  Engine               -              Join the FXGL chat at: https://gitter.im/AlmasB/FXGL
12:18:53.807 [JavaFX Application Thread] DEBUG PrimaryStageWindow   - Creating a JavaFX scene
12:18:54.019 [JavaFX Application Thread] DEBUG PrimaryStageWindow   - Target settings size: 680.0 x 680.0
12:18:54.020 [JavaFX Application Thread] DEBUG PrimaryStageWindow   - Scaled scene size:    680.0 x 680.0
12:18:54.020 [JavaFX Application Thread] DEBUG PrimaryStageWindow   - Scaled ratio: (1.0, 1.0)
12:18:54.022 [JavaFX Application Thread] DEBUG PrimaryStageWindow   - Set initial scene to FXGLStartupScene
12:18:54.034 [JavaFX Application Thread] DEBUG PrimaryStageWindow   - Opening main window
12:18:54.143 [JavaFX Application Thread] DEBUG PrimaryStageWindow   - Window border size: (2.0, 29.0)
12:18:54.143 [JavaFX Application Thread] DEBUG PrimaryStageWindow   - Scaled size: 680.0 x 680.0
12:18:54.143 [JavaFX Application Thread] DEBUG PrimaryStageWindow   - Scaled ratio: (1.0, 1.0)
12:18:54.144 [JavaFX Application Thread] DEBUG PrimaryStageWindow   - Scene size: 680.0 x 680.0
12:18:54.144 [JavaFX Application Thread] DEBUG PrimaryStageWindow   - Stage size: 682.0 x 709.0
12:18:54.154 [FXGL Background Thread 1 ] DEBUG Engine               - Initializing environment variables
12:18:54.275 [FXGL Background Thread 1 ] DEBUG FXGLAssetLoaderServi - User app class for loading assets: class com.sarveshapps.dungeonescape.DungeonEscapeApp
12:18:54.275 [FXGL Background Thread 1 ] DEBUG GameApplicationServi - Applying CSS: fxgl_dark.css
12:18:54.277 [FXGL Background Thread 1 ] DEBUG FXGLAssetLoaderServi - Loading from file system: jar:file:/home/sarvesh/.m2/repository/com/github/almasb/fxgl/11.14/fxgl-11.14.jar!/fxglassets/ui/css/fxgl_dark.css
12:18:54.409 [FXGL Background Thread 1 ] DEBUG GameApplicationServi - Initializing application scenes
12:18:54.555 [FXGL Background Thread 1 ] DEBUG FXGLAssetLoaderServi - Loading from file system: file:/home/sarvesh/IdeaProjects/FinalProjDungeonEscape/target/classes/assets/textures/Pirate.png
12:18:54.594 [FXGL Background Thread 1 ] DEBUG GameWorld            - Game world initialized
12:18:54.685 [FXGL Background Thread 1 ] DEBUG PhysicsWorld         - Physics world initialized: appHeight=680, physics.ppm=50.0
12:18:54.686 [FXGL Background Thread 1 ] DEBUG PhysicsWorld         - Using strategy: BRUTE_FORCE
12:18:54.690 [FXGL Background Thread 1 ] DEBUG GameScene            - Game scene initialized: 680x680
12:18:54.704 [FXGL Background Thread 1 ] WARN  FXGL.DefaultMenu     - FXGLDefaultMenu is not designed for resolutions < 800x600
12:18:54.717 [FXGL Background Thread 1 ] DEBUG FXGLAssetLoaderServi - Loading from file system: jar:file:/home/sarvesh/.m2/repository/com/github/almasb/fxgl/11.14/fxgl-11.14.jar!/fxglassets/textures/particles/trace_horizontal.png
12:18:54.769 [FXGL Background Thread 1 ] DEBUG FXGL.DefaultMenu     - createMenuBodyGameMenu()
12:18:54.798 [FXGL Background Thread 1 ] DEBUG FXGL.DefaultMenu     - createOptionsMenu()
12:18:54.808 [FXGL Background Thread 1 ] DEBUG FXGLAssetLoaderServi - Loading from file system: jar:file:/home/sarvesh/.m2/repository/com/github/almasb/fxgl/11.14/fxgl-11.14.jar!/fxglassets/textures/particles/smoke.png
12:18:54.959 [FXGL Background Thread 1 ] DEBUG GameApplicationServi - Application scenes initialized
12:18:54.978 [FXGL Background Thread 1 ] DEBUG SystemBundleService  - Loading FXGL system data
12:18:54.984 [FXGL Background Thread 1 ] DEBUG FileSystemAccess     - Reading from: /home/sarvesh/IdeaProjects/FinalProjDungeonEscape/system/fxgl.bundle
12:18:54.992 [FXGL Background Thread 1 ] DEBUG SystemBundleService  - Bundle FXGL: {}
12:18:54.993 [FXGL Background Thread 1 ] DEBUG UpdaterService       - Checking for updates
12:18:55.015 [FXGL Background Thread 1 ] DEBUG FXGLApplication      - Loading default localization
12:18:55.016 [FXGL Background Thread 1 ] DEBUG FXGLAssetLoaderServi - Loading from file system: jar:file:/home/sarvesh/.m2/repository/com/github/almasb/fxgl/11.14/fxgl-11.14.jar!/fxglassets/languages/english.lang
12:18:55.026 [FXGL Background Thread 4 ] DEBUG FXGLApplication      - Loading fonts
12:18:55.027 [FXGL Background Thread 4 ] DEBUG FXGLAssetLoaderServi - Loading from file system: jar:file:/home/sarvesh/.m2/repository/com/github/almasb/fxgl/11.14/fxgl-11.14.jar!/fxglassets/ui/fonts/VarelaRound-Regular.ttf
12:18:55.040 [FXGL Background Thread 4 ] DEBUG FXGLAssetLoaderServi - Loading from file system: jar:file:/home/sarvesh/.m2/repository/com/github/almasb/fxgl/11.14/fxgl-11.14.jar!/fxglassets/ui/fonts/Abel-Regular.ttf
12:18:55.043 [FXGL Background Thread 1 ] INFO  FXGLApplication      - FXGL initialization took: 0.889 sec
12:18:55.043 [FXGL Background Thread 4 ] DEBUG FXGLAssetLoaderServi - Loading from file system: jar:file:/home/sarvesh/.m2/repository/com/github/almasb/fxgl/11.14/fxgl-11.14.jar!/fxglassets/ui/fonts/lucida_console.ttf
12:18:55.047 [FXGL Background Thread 4 ] DEBUG FXGLAssetLoaderServi - Loading from file system: jar:file:/home/sarvesh/.m2/repository/com/github/almasb/fxgl/11.14/fxgl-11.14.jar!/fxglassets/ui/fonts/Courier-Prime.ttf
12:18:55.074 [JavaFX Application Thread] DEBUG Input                - Registered new binding: Up - W
12:18:55.075 [JavaFX Application Thread] DEBUG Input                - Registered new binding: Down - S
12:18:55.075 [JavaFX Application Thread] DEBUG Input                - Registered new binding: Left - A
12:18:55.086 [JavaFX Application Thread] DEBUG Input                - Registered new binding: Right - D
12:18:55.087 [JavaFX Application Thread] DEBUG Input                - Registered new binding: Shoot Up - Up
12:18:55.087 [JavaFX Application Thread] DEBUG Input                - Registered new binding: Shoot Down - Down
12:18:55.087 [JavaFX Application Thread] DEBUG Input                - Registered new binding: Shoot Right - Right
12:18:55.088 [JavaFX Application Thread] DEBUG Input                - Registered new binding: Shoot Left - Left
12:18:55.090 [JavaFX Application Thread] DEBUG Input                - Registered new binding: Teleport - LMB
12:18:55.091 [JavaFX Application Thread] DEBUG FXGLAssetLoaderServi - Loading from file system: jar:file:/home/sarvesh/.m2/repository/com/github/almasb/fxgl/11.14/fxgl-11.14.jar!/fxglassets/textures/fxgl_icon.png
12:18:55.143 [JavaFX Application Thread] DEBUG FXGLAssetLoaderServi - Loading from file system: jar:file:/home/sarvesh/.m2/repository/com/github/almasb/fxgl/11.14/fxgl-11.14.jar!/fxglassets/ui/cursors/fxgl_default.png
12:18:55.154 [JavaFX Application Thread] DEBUG Input                - Registered new binding: Screenshot - P
12:18:55.155 [JavaFX Application Thread] DEBUG Input                - Registered new binding: System info dump - CTRL+9
12:18:55.156 [JavaFX Application Thread] DEBUG Input                - Registered new binding: Restart - CTRL+R
12:18:55.157 [JavaFX Application Thread] DEBUG Input                - Registered new binding: Toggle Debug Camera - CTRL+C
12:18:55.170 [JavaFX Application Thread] DEBUG LoopRunner           - Starting loop
12:18:55.171 [JavaFX Application Thread] DEBUG LoopRunner           - Initializing JavaFX AnimationTimerLoop
12:18:55.177 [JavaFX Application Thread] DEBUG GameApplicationServi - Starting new game
12:18:55.178 [JavaFX Application Thread] DEBUG Input                - Clearing active input actions
12:18:55.218 [JavaFX Application Thread] DEBUG GameApplicationServi - Removing overlay from FXGLStartupScene and adding to GameLoadingScene
12:18:55.219 [JavaFX Application Thread] DEBUG PrimaryStageWindow   - FXGLStartupScene -> GameLoadingScene
12:18:55.219 [JavaFX Application Thread] DEBUG GameApplicationServi - Clearing previous game
12:18:55.219 [JavaFX Application Thread] DEBUG GameScene            - Clearing game scene
12:18:55.219 [JavaFX Application Thread] DEBUG GameWorld            - Clearing game world
12:18:55.220 [JavaFX Application Thread] DEBUG PhysicsWorld         - Clearing physics world
12:18:55.227 [FXGL Background Thread 4 ] DEBUG FXGLApplication      - Initializing game
12:18:55.232 [FXGL Background Thread 4 ] DEBUG FXGLAssetLoaderServi - Loading from file system: file:/home/sarvesh/IdeaProjects/FinalProjDungeonEscape/target/classes/assets/textures/floor.jpg
12:18:55.235 [JavaFX Application Thread] DEBUG FXGLApplication      - Registering font factories with UI factory
12:18:55.503 [FXGL Background Thread 4 ] DEBUG FXGLAssetLoaderServi - Loading from file system: file:/home/sarvesh/IdeaProjects/FinalProjDungeonEscape/target/classes/assets/textures/mongbat.png
12:18:55.793 [FXGL Background Thread 4 ] DEBUG GameWorld            - Clearing removable entities
12:18:55.794 [FXGL Background Thread 4 ] DEBUG GameWorld            - Setting level: com.almasb.fxgl.entity.level.Level@68d9a13c
12:18:55.883 [FXGL Background Thread 4 ] INFO  FXGLApplication      - Game initialization took: 0.655 sec
12:18:55.884 [JavaFX Application Thread] DEBUG Input                - Clearing active input actions
12:18:55.919 [JavaFX Application Thread] DEBUG GameApplicationServi - Removing overlay from GameLoadingScene and adding to GameScene
12:18:55.919 [JavaFX Application Thread] DEBUG PrimaryStageWindow   - GameLoadingScene -> GameScene
12:18:58.004 [FXGL Background Thread 3 ] DEBUG Engine               - Logging environment variables
12:18:58.006 [FXGL Background Thread 3 ] DEBUG Engine               - achievements: []
12:18:58.007 [FXGL Background Thread 3 ] DEBUG Engine               - actualHeight: 688.0
12:18:58.008 [FXGL Background Thread 3 ] DEBUG Engine               - actualHeightProperty: ReadOnlyDoubleProperty [value: 1051.0]
12:18:58.008 [FXGL Background Thread 3 ] DEBUG Engine               - actualWidth: 678.0
12:18:58.009 [FXGL Background Thread 3 ] DEBUG Engine               - actualWidthProperty: ReadOnlyDoubleProperty [value: 1918.0]
12:18:58.009 [FXGL Background Thread 3 ] DEBUG Engine               - appIcon: fxgl_icon.png
12:18:58.010 [FXGL Background Thread 3 ] DEBUG Engine               - applicationMode: DEVELOPER
12:18:58.010 [FXGL Background Thread 3 ] DEBUG Engine               - cSSList: [fxgl_dark.css]
12:18:58.011 [FXGL Background Thread 3 ] DEBUG Engine               - collisionDetectionStrategy: BRUTE_FORCE
12:18:58.012 [FXGL Background Thread 3 ] DEBUG Engine               - configClass: Optional.empty
12:18:58.012 [FXGL Background Thread 3 ] DEBUG Engine               - credits: []
12:18:58.013 [FXGL Background Thread 3 ] DEBUG Engine               - devBBoxColorProperty: ObjectProperty [value: 0xff0000ff]
12:18:58.014 [FXGL Background Thread 3 ] DEBUG Engine               - devEnableDebugCameraProperty: BooleanProperty [value: false]
12:18:58.014 [FXGL Background Thread 3 ] DEBUG Engine               - devSensorColorProperty: ObjectProperty [value: 0xffff00ff]
12:18:58.015 [FXGL Background Thread 3 ] DEBUG Engine               - devShowBBoxProperty: BooleanProperty [value: false]
12:18:58.015 [FXGL Background Thread 3 ] DEBUG Engine               - devShowPositionProperty: BooleanProperty [value: false]
12:18:58.016 [FXGL Background Thread 3 ] DEBUG Engine               - enabledMenuItems: []
12:18:58.017 [FXGL Background Thread 3 ] DEBUG Engine               - engineServices: [class com.almasb.fxgl.app.services.FXGLAssetLoaderService, class com.almasb.fxgl.app.FXGLApplication$GameApplicationService, class com.almasb.fxgl.app.services.FXGLDialogService, class com.almasb.fxgl.app.services.IOTaskExecutorService, class com.almasb.fxgl.event.EventBusService, class com.almasb.fxgl.io.FileSystemService, class com.almasb.fxgl.localization.LocalizationService, class com.almasb.fxgl.app.services.SystemBundleService, class com.almasb.fxgl.profile.SaveLoadService, class com.almasb.fxgl.ui.FXGLUIFactoryServiceProvider, class com.almasb.fxgl.ui.FXGLDialogFactoryServiceProvider, class com.almasb.fxgl.audio.AudioPlayer, class com.almasb.fxgl.notification.impl.NotificationServiceProvider, class com.almasb.fxgl.achievement.AchievementService, class com.almasb.fxgl.cutscene.CutsceneService, class com.almasb.fxgl.minigames.MiniGameService, class com.almasb.fxgl.net.NetService, class com.almasb.fxgl.app.services.UpdaterService, class com.almasb.fxgl.dev.DevService]
12:18:58.017 [FXGL Background Thread 3 ] DEBUG Engine               - fontGame: Abel-Regular.ttf
12:18:58.017 [FXGL Background Thread 3 ] DEBUG Engine               - fontMono: lucida_console.ttf
12:18:58.017 [FXGL Background Thread 3 ] DEBUG Engine               - fontText: Courier-Prime.ttf
12:18:58.018 [FXGL Background Thread 3 ] DEBUG Engine               - fontUI: VarelaRound-Regular.ttf
12:18:58.018 [FXGL Background Thread 3 ] DEBUG Engine               - fullScreen: BooleanProperty [value: false]
12:18:58.018 [FXGL Background Thread 3 ] DEBUG Engine               - gameDifficulty: MEDIUM
12:18:58.019 [FXGL Background Thread 3 ] DEBUG Engine               - gameDifficultyProperty: ObjectProperty [value: MEDIUM]
12:18:58.019 [FXGL Background Thread 3 ] DEBUG Engine               - globalMusicVolume: 0.5
12:18:58.019 [FXGL Background Thread 3 ] DEBUG Engine               - globalMusicVolumeProperty: DoubleProperty [value: 0.5]
12:18:58.020 [FXGL Background Thread 3 ] DEBUG Engine               - globalSoundVolume: 0.5
12:18:58.020 [FXGL Background Thread 3 ] DEBUG Engine               - globalSoundVolumeProperty: DoubleProperty [value: 0.5]
12:18:58.020 [FXGL Background Thread 3 ] DEBUG Engine               - height: 680
12:18:58.021 [FXGL Background Thread 3 ] DEBUG Engine               - isAndroid: false
12:18:58.021 [FXGL Background Thread 3 ] DEBUG Engine               - isBrowser: false
12:18:58.021 [FXGL Background Thread 3 ] DEBUG Engine               - isClickFeedbackEnabled: false
12:18:58.022 [FXGL Background Thread 3 ] DEBUG Engine               - isCloseConfirmation: false
12:18:58.022 [FXGL Background Thread 3 ] DEBUG Engine               - isDesktop: true
12:18:58.022 [FXGL Background Thread 3 ] DEBUG Engine               - isDeveloperMenuEnabled: false
12:18:58.022 [FXGL Background Thread 3 ] DEBUG Engine               - isEntityPreloadEnabled: true
12:18:58.023 [FXGL Background Thread 3 ] DEBUG Engine               - isExperimental3D: false
12:18:58.023 [FXGL Background Thread 3 ] DEBUG Engine               - isExperimentalNative: false
12:18:58.023 [FXGL Background Thread 3 ] DEBUG Engine               - isExperimentalTiledLargeMap: false
12:18:58.023 [FXGL Background Thread 3 ] DEBUG Engine               - isFileSystemWriteAllowed: true
12:18:58.024 [FXGL Background Thread 3 ] DEBUG Engine               - isFullScreenAllowed: false
12:18:58.024 [FXGL Background Thread 3 ] DEBUG Engine               - isFullScreenFromStart: false
12:18:58.024 [FXGL Background Thread 3 ] DEBUG Engine               - isGameMenuEnabled: true
12:18:58.024 [FXGL Background Thread 3 ] DEBUG Engine               - isIOS: false
12:18:58.025 [FXGL Background Thread 3 ] DEBUG Engine               - isIntroEnabled: false
12:18:58.025 [FXGL Background Thread 3 ] DEBUG Engine               - isLinux: true
12:18:58.025 [FXGL Background Thread 3 ] DEBUG Engine               - isMac: false
12:18:58.025 [FXGL Background Thread 3 ] DEBUG Engine               - isMainMenuEnabled: false
12:18:58.025 [FXGL Background Thread 3 ] DEBUG Engine               - isManualResizeEnabled: true
12:18:58.026 [FXGL Background Thread 3 ] DEBUG Engine               - isMobile: false
12:18:58.026 [FXGL Background Thread 3 ] DEBUG Engine               - isPreserveResizeRatio: true
12:18:58.026 [FXGL Background Thread 3 ] DEBUG Engine               - isProfilingEnabled: false
12:18:58.026 [FXGL Background Thread 3 ] DEBUG Engine               - isScaleAffectedOnResize: true
12:18:58.026 [FXGL Background Thread 3 ] DEBUG Engine               - isSingleStep: false
12:18:58.027 [FXGL Background Thread 3 ] DEBUG Engine               - isUserProfileEnabled: false
12:18:58.027 [FXGL Background Thread 3 ] DEBUG Engine               - isWindows: false
12:18:58.027 [FXGL Background Thread 3 ] DEBUG Engine               - language: ObjectProperty [value: ENGLISH]
12:18:58.027 [FXGL Background Thread 3 ] DEBUG Engine               - menuKey: ESCAPE
12:18:58.027 [FXGL Background Thread 3 ] DEBUG Engine               - notificationViewClass: class com.almasb.fxgl.notification.view.XboxNotificationView
12:18:58.027 [FXGL Background Thread 3 ] DEBUG Engine               - pixelsPerMeter: 50.0
12:18:58.028 [FXGL Background Thread 3 ] DEBUG Engine               - platform: LINUX
12:18:58.028 [FXGL Background Thread 3 ] DEBUG Engine               - prefHeightProperty: ReadOnlyDoubleProperty [value: 680.0]
12:18:58.028 [FXGL Background Thread 3 ] DEBUG Engine               - prefWidthProperty: ReadOnlyDoubleProperty [value: 680.0]
12:18:58.028 [FXGL Background Thread 3 ] DEBUG Engine               - profileDir: profiles/
12:18:58.028 [FXGL Background Thread 3 ] DEBUG Engine               - profileName: StringProperty [value: DEFAULT]
12:18:58.029 [FXGL Background Thread 3 ] DEBUG Engine               - randomSeed: -1
12:18:58.029 [FXGL Background Thread 3 ] DEBUG Engine               - runtimeInfo: RuntimeInfo(platform=LINUX, version=11.14, build=01.03.2021 16.59)
12:18:58.029 [FXGL Background Thread 3 ] DEBUG Engine               - saveFileExt: sav
12:18:58.029 [FXGL Background Thread 3 ] DEBUG Engine               - scaledHeightProp$fxgl: DoubleProperty [bound, value: 1051.0]
12:18:58.029 [FXGL Background Thread 3 ] DEBUG Engine               - scaledWidthProp$fxgl: DoubleProperty [bound, value: 1918.0]
12:18:58.030 [FXGL Background Thread 3 ] DEBUG Engine               - sceneFactory: com.sarveshapps.dungeonescape.DungeonEscapeApp$1@33e71c19
12:18:58.030 [FXGL Background Thread 3 ] DEBUG Engine               - secondsIn24h: 60
12:18:58.030 [FXGL Background Thread 3 ] DEBUG Engine               - soundMenuBack: menu/back.wav
12:18:58.030 [FXGL Background Thread 3 ] DEBUG Engine               - soundMenuPress: menu/press.wav
12:18:58.030 [FXGL Background Thread 3 ] DEBUG Engine               - soundMenuSelect: menu/select.wav
12:18:58.030 [FXGL Background Thread 3 ] DEBUG Engine               - soundNotification: core/notification.wav
12:18:58.031 [FXGL Background Thread 3 ] DEBUG Engine               - stageStyle: DECORATED
12:18:58.031 [FXGL Background Thread 3 ] DEBUG Engine               - supportedLanguages: [ENGLISH, FRENCH, GERMAN, HUNGARIAN, RUSSIAN]
12:18:58.031 [FXGL Background Thread 3 ] DEBUG Engine               - ticksPerSecond: -1
12:18:58.031 [FXGL Background Thread 3 ] DEBUG Engine               - title: Dungeon Escape
12:18:58.031 [FXGL Background Thread 3 ] DEBUG Engine               - urlGithub: https://github.com/AlmasB/FXGL
12:18:58.031 [FXGL Background Thread 3 ] DEBUG Engine               - urlLeaderboard: http://fxgl-top.herokuapp.com/
12:18:58.032 [FXGL Background Thread 3 ] DEBUG Engine               - urlPOM: https://raw.githubusercontent.com/AlmasB/FXGL/release/README.md
12:18:58.032 [FXGL Background Thread 3 ] DEBUG Engine               - userAppClass: class com.sarveshapps.dungeonescape.DungeonEscapeApp
12:18:58.032 [FXGL Background Thread 3 ] DEBUG Engine               - version: 1.0
12:18:58.032 [FXGL Background Thread 3 ] DEBUG Engine               - versionCheckDays: 7
12:18:58.032 [FXGL Background Thread 3 ] DEBUG Engine               - width: 680
12:18:58.032 [FXGL Background Thread 3 ] DEBUG Engine               - Logging services
12:18:58.032 [FXGL Background Thread 3 ] DEBUG Engine               - class com.almasb.fxgl.app.services.FXGLAssetLoaderService
12:18:58.033 [FXGL Background Thread 3 ] DEBUG Engine               - class com.almasb.fxgl.app.FXGLApplication$GameApplicationService
12:18:58.033 [FXGL Background Thread 3 ] DEBUG Engine               - class com.almasb.fxgl.app.services.FXGLDialogService
12:18:58.033 [FXGL Background Thread 3 ] DEBUG Engine               - class com.almasb.fxgl.app.services.IOTaskExecutorService
12:18:58.033 [FXGL Background Thread 3 ] DEBUG Engine               - class com.almasb.fxgl.event.EventBusService
12:18:58.033 [FXGL Background Thread 3 ] DEBUG Engine               - class com.almasb.fxgl.io.FileSystemService
12:18:58.033 [FXGL Background Thread 3 ] DEBUG Engine               - class com.almasb.fxgl.localization.LocalizationService
12:18:58.033 [FXGL Background Thread 3 ] DEBUG Engine               - class com.almasb.fxgl.app.services.SystemBundleService
12:18:58.033 [FXGL Background Thread 3 ] DEBUG Engine               - class com.almasb.fxgl.profile.SaveLoadService
12:18:58.034 [FXGL Background Thread 3 ] DEBUG Engine               - class com.almasb.fxgl.ui.FXGLUIFactoryServiceProvider
12:18:58.034 [FXGL Background Thread 3 ] DEBUG Engine               - class com.almasb.fxgl.ui.FXGLDialogFactoryServiceProvider
12:18:58.034 [FXGL Background Thread 3 ] DEBUG Engine               - class com.almasb.fxgl.audio.AudioPlayer
12:18:58.034 [FXGL Background Thread 3 ] DEBUG Engine               - class com.almasb.fxgl.notification.impl.NotificationServiceProvider
12:18:58.034 [FXGL Background Thread 3 ] DEBUG Engine               - class com.almasb.fxgl.achievement.AchievementService
12:18:58.034 [FXGL Background Thread 3 ] DEBUG Engine               - class com.almasb.fxgl.cutscene.CutsceneService
12:18:58.034 [FXGL Background Thread 3 ] DEBUG Engine               - class com.almasb.fxgl.minigames.MiniGameService
12:18:58.034 [FXGL Background Thread 3 ] DEBUG Engine               - class com.almasb.fxgl.net.NetService
12:18:58.035 [FXGL Background Thread 3 ] DEBUG Engine               - class com.almasb.fxgl.app.services.UpdaterService
12:18:58.035 [FXGL Background Thread 3 ] DEBUG Engine               - class com.almasb.fxgl.dev.DevService
12:19:00.819 [JavaFX Application Thread] DEBUG FXGLApplication      - Exiting FXGL
12:19:00.819 [JavaFX Application Thread] DEBUG LoopRunner           - Stopping loop
12:19:00.819 [JavaFX Application Thread] DEBUG SystemBundleService  - Saving FXGL system data
12:19:00.821 [JavaFX Application Thread] DEBUG FileSystemAccess     - Writing to: /home/sarvesh/IdeaProjects/FinalProjDungeonEscape/system/fxgl.bundle
12:19:00.823 [JavaFX Application Thread] DEBUG Async                - Shutting down background threads
12:19:00.823 [JavaFX Application Thread] DEBUG PrimaryStageWindow   - Closing main window
12:19:00.827 [JavaFX Application Thread] DEBUG Logger               - Closing Logger
