19:16:25.824 [main                     ] DEBUG Logger               - Configured Logger
19:16:25.853 [main                     ] DEBUG GameApplication      - Logging settings
Title: Dungeon Escape
Version: 1.0
Width: 680
Height: 680
Fullscreen: false
Intro: false
Profiling: false
Single step:false
App Mode: DEVELOPER
Menu Key: ESCAPE
Stage Style: DECORATED
Scene Factory: class com.sarveshapps.dungeonescape.DungeonEscapeApp$1

19:16:28.348 [JavaFX Application Thread] DEBUG FXGLApplication      - Initializing FXGL
19:16:28.351 [JavaFX Application Thread] INFO  Engine               - FXGL-11.14 (01.03.2021 16.59) on LINUX (J:11.0.9.1 FX:15)
19:16:28.351 [JavaFX Application Thread] DEBUG Engine               - JRE Vendor Name: Ubuntu
19:16:28.351 [JavaFX Application Thread] DEBUG Engine               - Running on OS: Linux version 5.8.0-7630-generic
19:16:28.352 [JavaFX Application Thread] DEBUG Engine               - Architecture: amd64
19:16:28.352 [JavaFX Application Thread] INFO  Engine               - Source code and latest versions at: https://github.com/AlmasB/FXGL
19:16:28.352 [JavaFX Application Thread] INFO  Engine               -              Join the FXGL chat at: https://gitter.im/AlmasB/FXGL
19:16:28.700 [JavaFX Application Thread] DEBUG PrimaryStageWindow   - Creating a JavaFX scene
19:16:28.936 [JavaFX Application Thread] DEBUG PrimaryStageWindow   - Target settings size: 680.0 x 680.0
19:16:28.936 [JavaFX Application Thread] DEBUG PrimaryStageWindow   - Scaled scene size:    680.0 x 680.0
19:16:28.937 [JavaFX Application Thread] DEBUG PrimaryStageWindow   - Scaled ratio: (1.0, 1.0)
19:16:28.938 [JavaFX Application Thread] DEBUG PrimaryStageWindow   - Set initial scene to FXGLStartupScene
19:16:28.968 [JavaFX Application Thread] DEBUG PrimaryStageWindow   - Opening main window
19:16:29.099 [JavaFX Application Thread] DEBUG PrimaryStageWindow   - Window border size: (2.0, 29.0)
19:16:29.100 [JavaFX Application Thread] DEBUG PrimaryStageWindow   - Scaled size: 680.0 x 680.0
19:16:29.100 [JavaFX Application Thread] DEBUG PrimaryStageWindow   - Scaled ratio: (1.0, 1.0)
19:16:29.100 [JavaFX Application Thread] DEBUG PrimaryStageWindow   - Scene size: 680.0 x 680.0
19:16:29.100 [JavaFX Application Thread] DEBUG PrimaryStageWindow   - Stage size: 682.0 x 709.0
19:16:29.135 [FXGL Background Thread 1 ] DEBUG Engine               - Initializing environment variables
19:16:29.307 [FXGL Background Thread 1 ] DEBUG FXGLAssetLoaderServi - User app class for loading assets: class com.sarveshapps.dungeonescape.DungeonEscapeApp
19:16:29.308 [FXGL Background Thread 1 ] DEBUG GameApplicationServi - Applying CSS: fxgl_dark.css
19:16:29.309 [FXGL Background Thread 1 ] DEBUG FXGLAssetLoaderServi - Loading from file system: jar:file:/home/sarvesh/.m2/repository/com/github/almasb/fxgl/11.14/fxgl-11.14.jar!/fxglassets/ui/css/fxgl_dark.css
19:16:29.452 [FXGL Background Thread 1 ] DEBUG GameApplicationServi - Initializing application scenes
19:16:29.834 [FXGL Background Thread 1 ] DEBUG FXGLAssetLoaderServi - Loading from file system: file:/home/sarvesh/IdeaProjects/FinalProjDungeonEscape/target/classes/assets/textures/Pirate.png
19:16:29.929 [FXGL Background Thread 1 ] DEBUG GameWorld            - Game world initialized
19:16:30.063 [FXGL Background Thread 1 ] DEBUG PhysicsWorld         - Physics world initialized: appHeight=680, physics.ppm=50.0
19:16:30.064 [FXGL Background Thread 1 ] DEBUG PhysicsWorld         - Using strategy: BRUTE_FORCE
19:16:30.068 [FXGL Background Thread 1 ] DEBUG GameScene            - Game scene initialized: 680x680
19:16:30.092 [FXGL Background Thread 1 ] WARN  FXGL.DefaultMenu     - FXGLDefaultMenu is not designed for resolutions < 800x600
19:16:30.121 [FXGL Background Thread 1 ] DEBUG FXGLAssetLoaderServi - Loading from file system: jar:file:/home/sarvesh/.m2/repository/com/github/almasb/fxgl/11.14/fxgl-11.14.jar!/fxglassets/textures/particles/trace_horizontal.png
19:16:30.161 [FXGL Background Thread 1 ] DEBUG FXGL.DefaultMenu     - createMenuBodyGameMenu()
19:16:30.257 [FXGL Background Thread 1 ] DEBUG FXGL.DefaultMenu     - createOptionsMenu()
19:16:30.289 [FXGL Background Thread 1 ] DEBUG FXGLAssetLoaderServi - Loading from file system: jar:file:/home/sarvesh/.m2/repository/com/github/almasb/fxgl/11.14/fxgl-11.14.jar!/fxglassets/textures/particles/smoke.png
19:16:30.402 [FXGL Background Thread 1 ] DEBUG GameApplicationServi - Application scenes initialized
19:16:30.414 [FXGL Background Thread 1 ] DEBUG SystemBundleService  - Loading FXGL system data
19:16:30.489 [FXGL Background Thread 1 ] DEBUG FileSystemAccess     - Reading from: /home/sarvesh/IdeaProjects/FinalProjDungeonEscape/system/fxgl.bundle
19:16:30.581 [FXGL Background Thread 1 ] DEBUG SystemBundleService  - Bundle FXGL: {}
19:16:30.582 [FXGL Background Thread 1 ] DEBUG UpdaterService       - Checking for updates
19:16:30.614 [FXGL Background Thread 4 ] DEBUG FXGLApplication      - Loading fonts
19:16:30.635 [FXGL Background Thread 4 ] DEBUG FXGLAssetLoaderServi - Loading from file system: jar:file:/home/sarvesh/.m2/repository/com/github/almasb/fxgl/11.14/fxgl-11.14.jar!/fxglassets/ui/fonts/VarelaRound-Regular.ttf
19:16:30.635 [FXGL Background Thread 1 ] DEBUG FXGLApplication      - Loading default localization
19:16:30.655 [FXGL Background Thread 1 ] DEBUG FXGLAssetLoaderServi - Loading from file system: jar:file:/home/sarvesh/.m2/repository/com/github/almasb/fxgl/11.14/fxgl-11.14.jar!/fxglassets/languages/english.lang
19:16:30.764 [FXGL Background Thread 4 ] DEBUG FXGLAssetLoaderServi - Loading from file system: jar:file:/home/sarvesh/.m2/repository/com/github/almasb/fxgl/11.14/fxgl-11.14.jar!/fxglassets/ui/fonts/Abel-Regular.ttf
19:16:30.798 [FXGL Background Thread 4 ] DEBUG FXGLAssetLoaderServi - Loading from file system: jar:file:/home/sarvesh/.m2/repository/com/github/almasb/fxgl/11.14/fxgl-11.14.jar!/fxglassets/ui/fonts/lucida_console.ttf
19:16:30.814 [FXGL Background Thread 1 ] INFO  FXGLApplication      - FXGL initialization took: 1.679 sec
19:16:30.816 [FXGL Background Thread 4 ] DEBUG FXGLAssetLoaderServi - Loading from file system: jar:file:/home/sarvesh/.m2/repository/com/github/almasb/fxgl/11.14/fxgl-11.14.jar!/fxglassets/ui/fonts/Courier-Prime.ttf
19:16:30.849 [JavaFX Application Thread] DEBUG Input                - Registered new binding: Up - W
19:16:30.849 [JavaFX Application Thread] DEBUG Input                - Registered new binding: Down - S
19:16:30.849 [JavaFX Application Thread] DEBUG Input                - Registered new binding: Left - A
19:16:30.849 [JavaFX Application Thread] DEBUG Input                - Registered new binding: Right - D
19:16:30.850 [JavaFX Application Thread] DEBUG Input                - Registered new binding: Shoot Up - Up
19:16:30.850 [JavaFX Application Thread] DEBUG Input                - Registered new binding: Shoot Down - Down
19:16:30.850 [JavaFX Application Thread] DEBUG Input                - Registered new binding: Shoot Right - Right
19:16:30.850 [JavaFX Application Thread] DEBUG Input                - Registered new binding: Shoot Left - Left
19:16:30.853 [JavaFX Application Thread] DEBUG Input                - Registered new binding: Teleport - LMB
19:16:30.854 [JavaFX Application Thread] DEBUG FXGLAssetLoaderServi - Loading from file system: jar:file:/home/sarvesh/.m2/repository/com/github/almasb/fxgl/11.14/fxgl-11.14.jar!/fxglassets/textures/fxgl_icon.png
19:16:30.919 [JavaFX Application Thread] DEBUG FXGLAssetLoaderServi - Loading from file system: jar:file:/home/sarvesh/.m2/repository/com/github/almasb/fxgl/11.14/fxgl-11.14.jar!/fxglassets/ui/cursors/fxgl_default.png
19:16:30.924 [JavaFX Application Thread] DEBUG Input                - Registered new binding: Screenshot - P
19:16:30.925 [JavaFX Application Thread] DEBUG Input                - Registered new binding: System info dump - CTRL+9
19:16:30.926 [JavaFX Application Thread] DEBUG Input                - Registered new binding: Restart - CTRL+R
19:16:30.928 [JavaFX Application Thread] DEBUG Input                - Registered new binding: Toggle Debug Camera - CTRL+C
19:16:30.944 [JavaFX Application Thread] DEBUG LoopRunner           - Starting loop
19:16:30.944 [JavaFX Application Thread] DEBUG LoopRunner           - Initializing JavaFX AnimationTimerLoop
19:16:30.946 [JavaFX Application Thread] DEBUG GameApplicationServi - Starting new game
19:16:30.947 [JavaFX Application Thread] DEBUG Input                - Clearing active input actions
19:16:30.965 [JavaFX Application Thread] DEBUG GameApplicationServi - Removing overlay from FXGLStartupScene and adding to GameLoadingScene
19:16:30.966 [JavaFX Application Thread] DEBUG PrimaryStageWindow   - FXGLStartupScene -> GameLoadingScene
19:16:30.966 [JavaFX Application Thread] DEBUG GameApplicationServi - Clearing previous game
19:16:30.966 [JavaFX Application Thread] DEBUG GameScene            - Clearing game scene
19:16:30.966 [JavaFX Application Thread] DEBUG GameWorld            - Clearing game world
19:16:30.967 [JavaFX Application Thread] DEBUG PhysicsWorld         - Clearing physics world
19:16:30.968 [FXGL Background Thread 4 ] DEBUG FXGLApplication      - Initializing game
19:16:30.970 [FXGL Background Thread 4 ] DEBUG FXGLAssetLoaderServi - Loading from file system: file:/home/sarvesh/IdeaProjects/FinalProjDungeonEscape/target/classes/assets/textures/floor.jpg
19:16:30.970 [JavaFX Application Thread] DEBUG FXGLApplication      - Registering font factories with UI factory
19:16:31.480 [FXGL Background Thread 4 ] DEBUG FXGLAssetLoaderServi - Loading from file system: file:/home/sarvesh/IdeaProjects/FinalProjDungeonEscape/target/classes/assets/textures/mongbat.png
19:16:31.741 [FXGL Background Thread 4 ] DEBUG GameWorld            - Clearing removable entities
19:16:31.742 [FXGL Background Thread 4 ] DEBUG GameWorld            - Setting level: com.almasb.fxgl.entity.level.Level@7a29f5a
19:16:31.884 [FXGL Background Thread 4 ] INFO  FXGLApplication      - Game initialization took: 0.916 sec
19:16:31.888 [JavaFX Application Thread] DEBUG Input                - Clearing active input actions
19:16:31.928 [JavaFX Application Thread] DEBUG GameApplicationServi - Removing overlay from GameLoadingScene and adding to GameScene
19:16:31.929 [JavaFX Application Thread] DEBUG PrimaryStageWindow   - GameLoadingScene -> GameScene
19:16:33.596 [FXGL Background Thread 3 ] DEBUG Engine               - Logging environment variables
19:16:33.599 [FXGL Background Thread 3 ] DEBUG Engine               - achievements: []
19:16:33.600 [FXGL Background Thread 3 ] DEBUG Engine               - actualHeight: 688.0
19:16:33.600 [FXGL Background Thread 3 ] DEBUG Engine               - actualHeightProperty: ReadOnlyDoubleProperty [value: 688.0]
19:16:33.600 [FXGL Background Thread 3 ] DEBUG Engine               - actualWidth: 678.0
19:16:33.601 [FXGL Background Thread 3 ] DEBUG Engine               - actualWidthProperty: ReadOnlyDoubleProperty [value: 678.0]
19:16:33.601 [FXGL Background Thread 3 ] DEBUG Engine               - appIcon: fxgl_icon.png
19:16:33.602 [FXGL Background Thread 3 ] DEBUG Engine               - applicationMode: DEVELOPER
19:16:33.602 [FXGL Background Thread 3 ] DEBUG Engine               - cSSList: [fxgl_dark.css]
19:16:33.603 [FXGL Background Thread 3 ] DEBUG Engine               - collisionDetectionStrategy: BRUTE_FORCE
19:16:33.603 [FXGL Background Thread 3 ] DEBUG Engine               - configClass: Optional.empty
19:16:33.604 [FXGL Background Thread 3 ] DEBUG Engine               - credits: []
19:16:33.605 [FXGL Background Thread 3 ] DEBUG Engine               - devBBoxColorProperty: ObjectProperty [value: 0xff0000ff]
19:16:33.605 [FXGL Background Thread 3 ] DEBUG Engine               - devEnableDebugCameraProperty: BooleanProperty [value: false]
19:16:33.606 [FXGL Background Thread 3 ] DEBUG Engine               - devSensorColorProperty: ObjectProperty [value: 0xffff00ff]
19:16:33.607 [FXGL Background Thread 3 ] DEBUG Engine               - devShowBBoxProperty: BooleanProperty [value: false]
19:16:33.607 [FXGL Background Thread 3 ] DEBUG Engine               - devShowPositionProperty: BooleanProperty [value: false]
19:16:33.608 [FXGL Background Thread 3 ] DEBUG Engine               - enabledMenuItems: []
19:16:33.608 [FXGL Background Thread 3 ] DEBUG Engine               - engineServices: [class com.almasb.fxgl.app.services.FXGLAssetLoaderService, class com.almasb.fxgl.app.FXGLApplication$GameApplicationService, class com.almasb.fxgl.app.services.FXGLDialogService, class com.almasb.fxgl.app.services.IOTaskExecutorService, class com.almasb.fxgl.event.EventBusService, class com.almasb.fxgl.io.FileSystemService, class com.almasb.fxgl.localization.LocalizationService, class com.almasb.fxgl.app.services.SystemBundleService, class com.almasb.fxgl.profile.SaveLoadService, class com.almasb.fxgl.ui.FXGLUIFactoryServiceProvider, class com.almasb.fxgl.ui.FXGLDialogFactoryServiceProvider, class com.almasb.fxgl.audio.AudioPlayer, class com.almasb.fxgl.notification.impl.NotificationServiceProvider, class com.almasb.fxgl.achievement.AchievementService, class com.almasb.fxgl.cutscene.CutsceneService, class com.almasb.fxgl.minigames.MiniGameService, class com.almasb.fxgl.net.NetService, class com.almasb.fxgl.app.services.UpdaterService, class com.almasb.fxgl.dev.DevService]
19:16:33.609 [FXGL Background Thread 3 ] DEBUG Engine               - fontGame: Abel-Regular.ttf
19:16:33.609 [FXGL Background Thread 3 ] DEBUG Engine               - fontMono: lucida_console.ttf
19:16:33.610 [FXGL Background Thread 3 ] DEBUG Engine               - fontText: Courier-Prime.ttf
19:16:33.610 [FXGL Background Thread 3 ] DEBUG Engine               - fontUI: VarelaRound-Regular.ttf
19:16:33.611 [FXGL Background Thread 3 ] DEBUG Engine               - fullScreen: BooleanProperty [value: false]
19:16:33.611 [FXGL Background Thread 3 ] DEBUG Engine               - gameDifficulty: MEDIUM
19:16:33.612 [FXGL Background Thread 3 ] DEBUG Engine               - gameDifficultyProperty: ObjectProperty [value: MEDIUM]
19:16:33.612 [FXGL Background Thread 3 ] DEBUG Engine               - globalMusicVolume: 0.5
19:16:33.613 [FXGL Background Thread 3 ] DEBUG Engine               - globalMusicVolumeProperty: DoubleProperty [value: 0.5]
19:16:33.614 [FXGL Background Thread 3 ] DEBUG Engine               - globalSoundVolume: 0.5
19:16:33.614 [FXGL Background Thread 3 ] DEBUG Engine               - globalSoundVolumeProperty: DoubleProperty [value: 0.5]
19:16:33.615 [FXGL Background Thread 3 ] DEBUG Engine               - height: 680
19:16:33.615 [FXGL Background Thread 3 ] DEBUG Engine               - isAndroid: false
19:16:33.616 [FXGL Background Thread 3 ] DEBUG Engine               - isBrowser: false
19:16:33.616 [FXGL Background Thread 3 ] DEBUG Engine               - isClickFeedbackEnabled: false
19:16:33.617 [FXGL Background Thread 3 ] DEBUG Engine               - isCloseConfirmation: false
19:16:33.617 [FXGL Background Thread 3 ] DEBUG Engine               - isDesktop: true
19:16:33.618 [FXGL Background Thread 3 ] DEBUG Engine               - isDeveloperMenuEnabled: false
19:16:33.618 [FXGL Background Thread 3 ] DEBUG Engine               - isEntityPreloadEnabled: true
19:16:33.619 [FXGL Background Thread 3 ] DEBUG Engine               - isExperimental3D: false
19:16:33.619 [FXGL Background Thread 3 ] DEBUG Engine               - isExperimentalNative: false
19:16:33.620 [FXGL Background Thread 3 ] DEBUG Engine               - isExperimentalTiledLargeMap: false
19:16:33.620 [FXGL Background Thread 3 ] DEBUG Engine               - isFileSystemWriteAllowed: true
19:16:33.621 [FXGL Background Thread 3 ] DEBUG Engine               - isFullScreenAllowed: false
19:16:33.621 [FXGL Background Thread 3 ] DEBUG Engine               - isFullScreenFromStart: false
19:16:33.621 [FXGL Background Thread 3 ] DEBUG Engine               - isGameMenuEnabled: true
19:16:33.622 [FXGL Background Thread 3 ] DEBUG Engine               - isIOS: false
19:16:33.622 [FXGL Background Thread 3 ] DEBUG Engine               - isIntroEnabled: false
19:16:33.622 [FXGL Background Thread 3 ] DEBUG Engine               - isLinux: true
19:16:33.623 [FXGL Background Thread 3 ] DEBUG Engine               - isMac: false
19:16:33.623 [FXGL Background Thread 3 ] DEBUG Engine               - isMainMenuEnabled: false
19:16:33.623 [FXGL Background Thread 3 ] DEBUG Engine               - isManualResizeEnabled: true
19:16:33.624 [FXGL Background Thread 3 ] DEBUG Engine               - isMobile: false
19:16:33.624 [FXGL Background Thread 3 ] DEBUG Engine               - isPreserveResizeRatio: true
19:16:33.624 [FXGL Background Thread 3 ] DEBUG Engine               - isProfilingEnabled: false
19:16:33.625 [FXGL Background Thread 3 ] DEBUG Engine               - isScaleAffectedOnResize: true
19:16:33.625 [FXGL Background Thread 3 ] DEBUG Engine               - isSingleStep: false
19:16:33.625 [FXGL Background Thread 3 ] DEBUG Engine               - isUserProfileEnabled: false
19:16:33.625 [FXGL Background Thread 3 ] DEBUG Engine               - isWindows: false
19:16:33.626 [FXGL Background Thread 3 ] DEBUG Engine               - language: ObjectProperty [value: ENGLISH]
19:16:33.626 [FXGL Background Thread 3 ] DEBUG Engine               - menuKey: ESCAPE
19:16:33.626 [FXGL Background Thread 3 ] DEBUG Engine               - notificationViewClass: class com.almasb.fxgl.notification.view.XboxNotificationView
19:16:33.626 [FXGL Background Thread 3 ] DEBUG Engine               - pixelsPerMeter: 50.0
19:16:33.627 [FXGL Background Thread 3 ] DEBUG Engine               - platform: LINUX
19:16:33.627 [FXGL Background Thread 3 ] DEBUG Engine               - prefHeightProperty: ReadOnlyDoubleProperty [value: 680.0]
19:16:33.627 [FXGL Background Thread 3 ] DEBUG Engine               - prefWidthProperty: ReadOnlyDoubleProperty [value: 680.0]
19:16:33.627 [FXGL Background Thread 3 ] DEBUG Engine               - profileDir: profiles/
19:16:33.627 [FXGL Background Thread 3 ] DEBUG Engine               - profileName: StringProperty [value: DEFAULT]
19:16:33.628 [FXGL Background Thread 3 ] DEBUG Engine               - randomSeed: -1
19:16:33.628 [FXGL Background Thread 3 ] DEBUG Engine               - runtimeInfo: RuntimeInfo(platform=LINUX, version=11.14, build=01.03.2021 16.59)
19:16:33.628 [FXGL Background Thread 3 ] DEBUG Engine               - saveFileExt: sav
19:16:33.628 [FXGL Background Thread 3 ] DEBUG Engine               - scaledHeightProp$fxgl: DoubleProperty [bound, value: 688.0]
19:16:33.628 [FXGL Background Thread 3 ] DEBUG Engine               - scaledWidthProp$fxgl: DoubleProperty [bound, value: 678.0]
19:16:33.629 [FXGL Background Thread 3 ] DEBUG Engine               - sceneFactory: com.sarveshapps.dungeonescape.DungeonEscapeApp$1@5f760da2
19:16:33.629 [FXGL Background Thread 3 ] DEBUG Engine               - secondsIn24h: 60
19:16:33.629 [FXGL Background Thread 3 ] DEBUG Engine               - soundMenuBack: menu/back.wav
19:16:33.629 [FXGL Background Thread 3 ] DEBUG Engine               - soundMenuPress: menu/press.wav
19:16:33.629 [FXGL Background Thread 3 ] DEBUG Engine               - soundMenuSelect: menu/select.wav
19:16:33.630 [FXGL Background Thread 3 ] DEBUG Engine               - soundNotification: core/notification.wav
19:16:33.630 [FXGL Background Thread 3 ] DEBUG Engine               - stageStyle: DECORATED
19:16:33.630 [FXGL Background Thread 3 ] DEBUG Engine               - supportedLanguages: [ENGLISH, FRENCH, GERMAN, HUNGARIAN, RUSSIAN]
19:16:33.630 [FXGL Background Thread 3 ] DEBUG Engine               - ticksPerSecond: -1
19:16:33.630 [FXGL Background Thread 3 ] DEBUG Engine               - title: Dungeon Escape
19:16:33.630 [FXGL Background Thread 3 ] DEBUG Engine               - urlGithub: https://github.com/AlmasB/FXGL
19:16:33.631 [FXGL Background Thread 3 ] DEBUG Engine               - urlLeaderboard: http://fxgl-top.herokuapp.com/
19:16:33.631 [FXGL Background Thread 3 ] DEBUG Engine               - urlPOM: https://raw.githubusercontent.com/AlmasB/FXGL/release/README.md
19:16:33.631 [FXGL Background Thread 3 ] DEBUG Engine               - userAppClass: class com.sarveshapps.dungeonescape.DungeonEscapeApp
19:16:33.631 [FXGL Background Thread 3 ] DEBUG Engine               - version: 1.0
19:16:33.631 [FXGL Background Thread 3 ] DEBUG Engine               - versionCheckDays: 7
19:16:33.631 [FXGL Background Thread 3 ] DEBUG Engine               - width: 680
19:16:33.632 [FXGL Background Thread 3 ] DEBUG Engine               - Logging services
19:16:33.632 [FXGL Background Thread 3 ] DEBUG Engine               - class com.almasb.fxgl.app.services.FXGLAssetLoaderService
19:16:33.632 [FXGL Background Thread 3 ] DEBUG Engine               - class com.almasb.fxgl.app.FXGLApplication$GameApplicationService
19:16:33.632 [FXGL Background Thread 3 ] DEBUG Engine               - class com.almasb.fxgl.app.services.FXGLDialogService
19:16:33.632 [FXGL Background Thread 3 ] DEBUG Engine               - class com.almasb.fxgl.app.services.IOTaskExecutorService
19:16:33.632 [FXGL Background Thread 3 ] DEBUG Engine               - class com.almasb.fxgl.event.EventBusService
19:16:33.632 [FXGL Background Thread 3 ] DEBUG Engine               - class com.almasb.fxgl.io.FileSystemService
19:16:33.632 [FXGL Background Thread 3 ] DEBUG Engine               - class com.almasb.fxgl.localization.LocalizationService
19:16:33.633 [FXGL Background Thread 3 ] DEBUG Engine               - class com.almasb.fxgl.app.services.SystemBundleService
19:16:33.633 [FXGL Background Thread 3 ] DEBUG Engine               - class com.almasb.fxgl.profile.SaveLoadService
19:16:33.633 [FXGL Background Thread 3 ] DEBUG Engine               - class com.almasb.fxgl.ui.FXGLUIFactoryServiceProvider
19:16:33.633 [FXGL Background Thread 3 ] DEBUG Engine               - class com.almasb.fxgl.ui.FXGLDialogFactoryServiceProvider
19:16:33.633 [FXGL Background Thread 3 ] DEBUG Engine               - class com.almasb.fxgl.audio.AudioPlayer
19:16:33.633 [FXGL Background Thread 3 ] DEBUG Engine               - class com.almasb.fxgl.notification.impl.NotificationServiceProvider
19:16:33.633 [FXGL Background Thread 3 ] DEBUG Engine               - class com.almasb.fxgl.achievement.AchievementService
19:16:33.633 [FXGL Background Thread 3 ] DEBUG Engine               - class com.almasb.fxgl.cutscene.CutsceneService
19:16:33.634 [FXGL Background Thread 3 ] DEBUG Engine               - class com.almasb.fxgl.minigames.MiniGameService
19:16:33.634 [FXGL Background Thread 3 ] DEBUG Engine               - class com.almasb.fxgl.net.NetService
19:16:33.634 [FXGL Background Thread 3 ] DEBUG Engine               - class com.almasb.fxgl.app.services.UpdaterService
19:16:33.634 [FXGL Background Thread 3 ] DEBUG Engine               - class com.almasb.fxgl.dev.DevService
19:16:38.769 [JavaFX Application Thread] DEBUG FXGLAssetLoaderServi - Loading from file system: file:/home/sarvesh/IdeaProjects/FinalProjDungeonEscape/target/classes/assets/textures/shock.png
19:17:11.234 [JavaFX Application Thread] DEBUG FXGLApplication      - Exiting FXGL
19:17:11.235 [JavaFX Application Thread] DEBUG LoopRunner           - Stopping loop
19:17:11.235 [JavaFX Application Thread] DEBUG SystemBundleService  - Saving FXGL system data
19:17:11.283 [JavaFX Application Thread] DEBUG FileSystemAccess     - Writing to: /home/sarvesh/IdeaProjects/FinalProjDungeonEscape/system/fxgl.bundle
19:17:11.299 [JavaFX Application Thread] DEBUG Async                - Shutting down background threads
19:17:11.301 [JavaFX Application Thread] DEBUG PrimaryStageWindow   - Closing main window
19:17:11.312 [JavaFX Application Thread] DEBUG Logger               - Closing Logger
